<?xml version="1.0" encoding="UTF-8"?>
<coverage generated="1770979392894" clover="3.2.0">
  <project timestamp="1770979392894" name="All files">
    <metrics statements="625" coveredstatements="539" conditionals="498" coveredconditionals="377" methods="149" coveredmethods="121" elements="1272" coveredelements="1037" complexity="0" loc="625" ncloc="625" packages="6" files="27" classes="27"/>
    <package name="src">
      <metrics statements="1" coveredstatements="1" conditionals="0" coveredconditionals="0" methods="1" coveredmethods="1"/>
      <file name="App.jsx" path="G:\Working\1_project\project_1\src\App.jsx">
        <metrics statements="1" coveredstatements="1" conditionals="0" coveredconditionals="0" methods="1" coveredmethods="1"/>
        <line num="26" count="14" type="stmt"/>
      </file>
    </package>
    <package name="src.Function">
      <metrics statements="526" coveredstatements="444" conditionals="472" coveredconditionals="352" methods="131" coveredmethods="105"/>
      <file name="Filters_agregates.jsx" path="G:\Working\1_project\project_1\src\Function\Filters_agregates.jsx">
        <metrics statements="79" coveredstatements="71" conditionals="38" coveredconditionals="22" methods="27" coveredmethods="19"/>
        <line num="9" count="69" type="stmt"/>
        <line num="19" count="69" type="stmt"/>
        <line num="24" count="69" type="stmt"/>
        <line num="33" count="69" type="stmt"/>
        <line num="38" count="69" type="stmt"/>
        <line num="39" count="69" type="stmt"/>
        <line num="40" count="69" type="stmt"/>
        <line num="41" count="69" type="stmt"/>
        <line num="44" count="69" type="stmt"/>
        <line num="46" count="69" type="stmt"/>
        <line num="48" count="69" type="stmt"/>
        <line num="49" count="1" type="cond" truecount="1" falsecount="1"/>
        <line num="50" count="1" type="stmt"/>
        <line num="53" count="1" type="stmt"/>
        <line num="55" count="1" type="cond" truecount="1" falsecount="1"/>
        <line num="56" count="1" type="stmt"/>
        <line num="60" count="69" type="stmt"/>
        <line num="61" count="2" type="cond" truecount="1" falsecount="1"/>
        <line num="62" count="2" type="stmt"/>
        <line num="65" count="2" type="stmt"/>
        <line num="67" count="2" type="cond" truecount="1" falsecount="1"/>
        <line num="68" count="2" type="stmt"/>
        <line num="69" count="2" type="cond" truecount="1" falsecount="1"/>
        <line num="71" count="2" type="stmt"/>
        <line num="75" count="69" type="stmt"/>
        <line num="76" count="69" type="stmt"/>
        <line num="77" count="138" type="stmt"/>
        <line num="80" count="69" type="stmt"/>
        <line num="81" count="7" type="stmt"/>
        <line num="85" count="7" type="stmt"/>
        <line num="87" count="7" type="cond" truecount="1" falsecount="1"/>
        <line num="88" count="42" type="stmt"/>
        <line num="89" count="7" type="stmt"/>
        <line num="105" count="69" type="stmt"/>
        <line num="106" count="69" type="stmt"/>
        <line num="109" count="69" type="stmt"/>
        <line num="111" count="28" type="cond" truecount="2" falsecount="0"/>
        <line num="112" count="1" type="stmt"/>
        <line num="113" count="1" type="stmt"/>
        <line num="114" count="1" type="stmt"/>
        <line num="117" count="27" type="stmt"/>
        <line num="118" count="162" type="stmt"/>
        <line num="119" count="9" type="stmt"/>
        <line num="121" count="27" type="stmt"/>
        <line num="122" count="2" type="cond" truecount="1" falsecount="1"/>
        <line num="127" count="27" type="stmt"/>
        <line num="132" count="28" type="stmt"/>
        <line num="133" count="28" type="stmt"/>
        <line num="134" count="28" type="stmt"/>
        <line num="136" count="28" type="stmt"/>
        <line num="143" count="28" type="cond" truecount="1" falsecount="1"/>
        <line num="145" count="28" type="stmt"/>
        <line num="150" count="26" type="cond" truecount="2" falsecount="0"/>
        <line num="151" count="1" type="stmt"/>
        <line num="154" count="25" type="stmt"/>
        <line num="155" count="25" type="cond" truecount="1" falsecount="1"/>
        <line num="157" count="2" type="stmt"/>
        <line num="158" count="2" type="stmt"/>
        <line num="159" count="2" type="stmt"/>
        <line num="161" count="27" type="stmt"/>
        <line num="166" count="69" type="stmt"/>
        <line num="168" count="28" type="stmt"/>
        <line num="172" count="69" type="stmt"/>
        <line num="182" count="5" type="stmt"/>
        <line num="192" count="2" type="stmt"/>
        <line num="201" count="0" type="stmt"/>
        <line num="210" count="0" type="stmt"/>
        <line num="219" count="0" type="stmt"/>
        <line num="228" count="0" type="stmt"/>
        <line num="244" count="0" type="stmt"/>
        <line num="254" count="0" type="stmt"/>
        <line num="277" count="0" type="stmt"/>
        <line num="287" count="0" type="stmt"/>
        <line num="303" count="1" type="stmt"/>
        <line num="311" count="1" type="stmt"/>
        <line num="315" count="1" type="stmt"/>
        <line num="317" count="1" type="cond" truecount="1" falsecount="1"/>
        <line num="318" count="1" type="cond" truecount="1" falsecount="1"/>
        <line num="319" count="1" type="cond" truecount="1" falsecount="1"/>
      </file>
      <file name="Filters_tractors.jsx" path="G:\Working\1_project\project_1\src\Function\Filters_tractors.jsx">
        <metrics statements="73" coveredstatements="56" conditionals="48" coveredconditionals="29" methods="28" coveredmethods="18"/>
        <line num="12" count="298" type="stmt"/>
        <line num="18" count="298" type="stmt"/>
        <line num="19" count="298" type="stmt"/>
        <line num="26" count="298" type="stmt"/>
        <line num="33" count="298" type="stmt"/>
        <line num="34" count="298" type="stmt"/>
        <line num="35" count="298" type="stmt"/>
        <line num="36" count="298" type="stmt"/>
        <line num="37" count="298" type="stmt"/>
        <line num="39" count="298" type="stmt"/>
        <line num="40" count="7" type="cond" truecount="4" falsecount="0"/>
        <line num="41" count="6" type="stmt"/>
        <line num="45" count="298" type="stmt"/>
        <line num="46" count="149" type="stmt"/>
        <line num="47" count="149" type="stmt"/>
        <line num="48" count="149" type="cond" truecount="4" falsecount="0"/>
        <line num="49" count="147" type="stmt"/>
        <line num="54" count="298" type="stmt"/>
        <line num="55" count="5" type="stmt"/>
        <line num="56" count="5" type="stmt"/>
        <line num="57" count="5" type="stmt"/>
        <line num="60" count="5" type="cond" truecount="1" falsecount="1"/>
        <line num="61" count="5" type="stmt"/>
        <line num="62" count="0" type="cond" truecount="0" falsecount="2"/>
        <line num="63" count="0" type="stmt"/>
        <line num="66" count="5" type="cond" truecount="2" falsecount="2"/>
        <line num="68" count="0" type="stmt"/>
        <line num="73" count="5" type="cond" truecount="2" falsecount="2"/>
        <line num="75" count="0" type="stmt"/>
        <line num="82" count="5" type="stmt"/>
        <line num="92" count="298" type="stmt"/>
        <line num="93" count="0" type="stmt"/>
        <line num="94" count="0" type="stmt"/>
        <line num="95" count="0" type="cond" truecount="0" falsecount="2"/>
        <line num="96" count="0" type="stmt"/>
        <line num="104" count="298" type="stmt"/>
        <line num="105" count="150" type="cond" truecount="2" falsecount="0"/>
        <line num="106" count="3" type="stmt"/>
        <line num="111" count="298" type="stmt"/>
        <line num="112" count="0" type="stmt"/>
        <line num="139" count="298" type="stmt"/>
        <line num="147" count="0" type="stmt"/>
        <line num="149" count="0" type="stmt"/>
        <line num="166" count="0" type="stmt"/>
        <line num="174" count="0" type="stmt"/>
        <line num="178" count="0" type="stmt"/>
        <line num="179" count="0" type="stmt"/>
        <line num="201" count="298" type="stmt"/>
        <line num="202" count="10" type="cond" truecount="1" falsecount="1"/>
        <line num="203" count="14" type="stmt"/>
        <line num="206" count="10" type="cond" truecount="1" falsecount="1"/>
        <line num="208" count="10" type="cond" truecount="1" falsecount="1"/>
        <line num="209" count="10" type="stmt"/>
        <line num="213" count="298" type="stmt"/>
        <line num="214" count="36" type="stmt"/>
        <line num="218" count="36" type="stmt"/>
        <line num="220" count="36" type="cond" truecount="1" falsecount="1"/>
        <line num="221" count="36" type="stmt"/>
        <line num="222" count="144" type="stmt"/>
        <line num="223" count="38" type="stmt"/>
        <line num="224" count="36" type="stmt"/>
        <line num="228" count="298" type="stmt"/>
        <line num="240" count="0" type="stmt"/>
        <line num="250" count="0" type="stmt"/>
        <line num="287" count="18" type="stmt"/>
        <line num="290" count="10" type="cond" truecount="2" falsecount="0"/>
        <line num="291" count="2" type="stmt"/>
        <line num="315" count="18" type="stmt"/>
        <line num="324" count="6" type="stmt"/>
        <line num="333" count="5" type="stmt"/>
        <line num="342" count="7" type="stmt"/>
        <line num="350" count="2" type="stmt"/>
        <line num="356" count="1" type="stmt"/>
      </file>
      <file name="Header.jsx" path="G:\Working\1_project\project_1\src\Function\Header.jsx">
        <metrics statements="1" coveredstatements="1" conditionals="2" coveredconditionals="2" methods="1" coveredmethods="1"/>
        <line num="3" count="35" type="stmt"/>
      </file>
      <file name="MainPart.jsx" path="G:\Working\1_project\project_1\src\Function\MainPart.jsx">
        <metrics statements="18" coveredstatements="18" conditionals="27" coveredconditionals="27" methods="4" coveredmethods="4"/>
        <line num="40" count="57" type="stmt"/>
        <line num="41" count="49" type="cond" truecount="5" falsecount="0"/>
        <line num="42" count="2" type="stmt"/>
        <line num="47" count="57" type="stmt"/>
        <line num="48" count="50" type="cond" truecount="5" falsecount="0"/>
        <line num="49" count="3" type="stmt"/>
        <line num="54" count="57" type="stmt"/>
        <line num="55" count="49" type="cond" truecount="5" falsecount="0"/>
        <line num="56" count="4" type="stmt"/>
        <line num="61" count="57" type="cond" truecount="2" falsecount="0"/>
        <line num="62" count="15" type="stmt"/>
        <line num="70" count="42" type="cond" truecount="2" falsecount="0"/>
        <line num="71" count="12" type="stmt"/>
        <line num="78" count="30" type="cond" truecount="2" falsecount="0"/>
        <line num="79" count="12" type="stmt"/>
        <line num="87" count="18" type="cond" truecount="2" falsecount="0"/>
        <line num="88" count="3" type="stmt"/>
        <line num="91" count="15" type="stmt"/>
      </file>
      <file name="Objects.jsx" path="G:\Working\1_project\project_1\src\Function\Objects.jsx">
        <metrics statements="134" coveredstatements="104" conditionals="103" coveredconditionals="74" methods="23" coveredmethods="21"/>
        <line num="16" count="52" type="stmt"/>
        <line num="17" count="52" type="stmt"/>
        <line num="18" count="52" type="stmt"/>
        <line num="19" count="52" type="stmt"/>
        <line num="20" count="52" type="stmt"/>
        <line num="21" count="52" type="stmt"/>
        <line num="23" count="52" type="stmt"/>
        <line num="26" count="52" type="cond" truecount="1" falsecount="1"/>
        <line num="28" count="52" type="stmt"/>
        <line num="29" count="52" type="stmt"/>
        <line num="30" count="24" type="stmt"/>
        <line num="31" count="24" type="stmt"/>
        <line num="32" count="24" type="stmt"/>
        <line num="34" count="24" type="cond" truecount="2" falsecount="0"/>
        <line num="35" count="2" type="stmt"/>
        <line num="36" count="2" type="stmt"/>
        <line num="37" count="2" type="stmt"/>
        <line num="39" count="22" type="cond" truecount="2" falsecount="0"/>
        <line num="40" count="21" type="stmt"/>
        <line num="41" count="21" type="stmt"/>
        <line num="42" count="21" type="stmt"/>
        <line num="44" count="21" type="stmt"/>
        <line num="45" count="4" type="cond" truecount="1" falsecount="1"/>
        <line num="46" count="9" type="cond" truecount="2" falsecount="0"/>
        <line num="51" count="21" type="stmt"/>
        <line num="61" count="19" type="cond" truecount="1" falsecount="1"/>
        <line num="62" count="0" type="stmt"/>
        <line num="63" count="0" type="stmt"/>
        <line num="64" count="0" type="stmt"/>
        <line num="65" count="0" type="stmt"/>
        <line num="68" count="0" type="stmt"/>
        <line num="69" count="0" type="stmt"/>
        <line num="71" count="0" type="stmt"/>
        <line num="76" count="19" type="stmt"/>
        <line num="77" count="19" type="cond" truecount="1" falsecount="3"/>
        <line num="78" count="21" type="stmt"/>
        <line num="80" count="1" type="stmt"/>
        <line num="81" count="1" type="stmt"/>
        <line num="83" count="20" type="stmt"/>
        <line num="86" count="21" type="stmt"/>
        <line num="90" count="24" type="stmt"/>
        <line num="94" count="52" type="stmt"/>
        <line num="95" count="51" type="cond" truecount="6" falsecount="0"/>
        <line num="96" count="25" type="stmt"/>
        <line num="102" count="25" type="cond" truecount="2" falsecount="0"/>
        <line num="104" count="26" type="cond" truecount="5" falsecount="0"/>
        <line num="105" count="13" type="stmt"/>
        <line num="108" count="13" type="cond" truecount="1" falsecount="1"/>
        <line num="111" count="13" type="cond" truecount="3" falsecount="1"/>
        <line num="112" count="13" type="stmt"/>
        <line num="116" count="13" type="cond" truecount="1" falsecount="1"/>
        <line num="122" count="52" type="stmt"/>
        <line num="123" count="2" type="cond" truecount="1" falsecount="1"/>
        <line num="124" count="0" type="stmt"/>
        <line num="125" count="0" type="stmt"/>
        <line num="128" count="2" type="cond" truecount="1" falsecount="1"/>
        <line num="129" count="0" type="stmt"/>
        <line num="130" count="0" type="stmt"/>
        <line num="133" count="2" type="stmt"/>
        <line num="134" count="2" type="stmt"/>
        <line num="136" count="2" type="stmt"/>
        <line num="144" count="2" type="cond" truecount="2" falsecount="0"/>
        <line num="145" count="1" type="stmt"/>
        <line num="146" count="1" type="stmt"/>
        <line num="147" count="1" type="stmt"/>
        <line num="151" count="1" type="stmt"/>
        <line num="152" count="1" type="stmt"/>
        <line num="154" count="1" type="cond" truecount="1" falsecount="1"/>
        <line num="155" count="0" type="stmt"/>
        <line num="156" count="0" type="cond" truecount="0" falsecount="4"/>
        <line num="157" count="0" type="stmt"/>
        <line num="162" count="1" type="stmt"/>
        <line num="163" count="1" type="cond" truecount="2" falsecount="0"/>
        <line num="166" count="2" type="stmt"/>
        <line num="167" count="2" type="cond" truecount="1" falsecount="1"/>
        <line num="168" count="0" type="stmt"/>
        <line num="171" count="1" type="stmt"/>
        <line num="183" count="1" type="cond" truecount="2" falsecount="0"/>
        <line num="184" count="1" type="stmt"/>
        <line num="187" count="1" type="stmt"/>
        <line num="189" count="1" type="stmt"/>
        <line num="191" count="1" type="cond" truecount="1" falsecount="1"/>
        <line num="192" count="1" type="stmt"/>
        <line num="196" count="0" type="stmt"/>
        <line num="197" count="0" type="stmt"/>
        <line num="198" count="0" type="stmt"/>
        <line num="199" count="0" type="stmt"/>
        <line num="200" count="0" type="stmt"/>
        <line num="202" count="0" type="stmt"/>
        <line num="203" count="0" type="stmt"/>
        <line num="205" count="0" type="stmt"/>
        <line num="206" count="0" type="stmt"/>
        <line num="207" count="0" type="stmt"/>
        <line num="210" count="0" type="stmt"/>
        <line num="213" count="2" type="stmt"/>
        <line num="214" count="2" type="stmt"/>
        <line num="216" count="2" type="stmt"/>
        <line num="220" count="52" type="stmt"/>
        <line num="222" count="1" type="cond" truecount="1" falsecount="1"/>
        <line num="223" count="0" type="stmt"/>
        <line num="224" count="0" type="stmt"/>
        <line num="228" count="1" type="stmt"/>
        <line num="229" count="0" type="stmt"/>
        <line num="230" count="0" type="stmt"/>
        <line num="235" count="52" type="stmt"/>
        <line num="237" count="1" type="cond" truecount="1" falsecount="1"/>
        <line num="238" count="1" type="stmt"/>
        <line num="239" count="1" type="stmt"/>
        <line num="243" count="1" type="stmt"/>
        <line num="248" count="52" type="stmt"/>
        <line num="249" count="43" type="cond" truecount="2" falsecount="0"/>
        <line num="251" count="6" type="stmt"/>
        <line num="252" count="6" type="stmt"/>
        <line num="253" count="9" type="cond" truecount="8" falsecount="0"/>
        <line num="261" count="52" type="stmt"/>
        <line num="262" count="3" type="stmt"/>
        <line num="266" count="3" type="stmt"/>
        <line num="267" count="13" type="stmt"/>
        <line num="272" count="52" type="stmt"/>
        <line num="273" count="49" type="stmt"/>
        <line num="283" count="49" type="cond" truecount="2" falsecount="0"/>
        <line num="284" count="6" type="cond" truecount="1" falsecount="1"/>
        <line num="285" count="18" type="stmt"/>
        <line num="291" count="43" type="stmt"/>
        <line num="297" count="52" type="cond" truecount="2" falsecount="0"/>
        <line num="298" count="24" type="stmt"/>
        <line num="306" count="28" type="cond" truecount="2" falsecount="0"/>
        <line num="307" count="3" type="stmt"/>
        <line num="315" count="25" type="stmt"/>
        <line num="319" count="53" type="stmt"/>
        <line num="337" count="53" type="stmt"/>
        <line num="339" count="51" type="stmt"/>
        <line num="347" count="1" type="stmt"/>
        <line num="357" count="2" type="stmt"/>
      </file>
      <file name="SearchBar.jsx" path="G:\Working\1_project\project_1\src\Function\SearchBar.jsx">
        <metrics statements="14" coveredstatements="14" conditionals="4" coveredconditionals="4" methods="6" coveredmethods="6"/>
        <line num="5" count="53" type="stmt"/>
        <line num="6" count="53" type="stmt"/>
        <line num="10" count="53" type="stmt"/>
        <line num="11" count="21" type="stmt"/>
        <line num="12" count="21" type="stmt"/>
        <line num="15" count="53" type="stmt"/>
        <line num="16" count="11" type="stmt"/>
        <line num="17" count="11" type="stmt"/>
        <line num="18" count="11" type="stmt"/>
        <line num="21" count="53" type="stmt"/>
        <line num="27" count="5" type="stmt"/>
        <line num="30" count="4" type="cond" truecount="2" falsecount="0"/>
        <line num="31" count="2" type="stmt"/>
        <line num="38" count="2" type="stmt"/>
      </file>
      <file name="Sidebar.jsx" path="G:\Working\1_project\project_1\src\Function\Sidebar.jsx">
        <metrics statements="25" coveredstatements="22" conditionals="55" coveredconditionals="47" methods="10" coveredmethods="7"/>
        <line num="10" count="31" type="stmt"/>
        <line num="11" count="31" type="stmt"/>
        <line num="12" count="31" type="stmt"/>
        <line num="15" count="31" type="cond" truecount="2" falsecount="0"/>
        <line num="33" count="31" type="stmt"/>
        <line num="34" count="31" type="cond" truecount="4" falsecount="0"/>
        <line num="35" count="16" type="cond" truecount="2" falsecount="0"/>
        <line num="36" count="16" type="cond" truecount="2" falsecount="0"/>
        <line num="37" count="16" type="cond" truecount="2" falsecount="0"/>
        <line num="38" count="16" type="cond" truecount="2" falsecount="0"/>
        <line num="39" count="16" type="cond" truecount="2" falsecount="0"/>
        <line num="43" count="31" type="stmt"/>
        <line num="46" count="31" type="stmt"/>
        <line num="51" count="1" type="stmt"/>
        <line num="61" count="1" type="stmt"/>
        <line num="74" count="1" type="stmt"/>
        <line num="75" count="1" type="stmt"/>
        <line num="86" count="1" type="stmt"/>
        <line num="87" count="1" type="stmt"/>
        <line num="98" count="1" type="stmt"/>
        <line num="99" count="1" type="stmt"/>
        <line num="111" count="31" type="stmt"/>
        <line num="116" count="0" type="stmt"/>
        <line num="128" count="0" type="stmt"/>
        <line num="138" count="0" type="stmt"/>
      </file>
      <file name="TractorDetails.jsx" path="G:\Working\1_project\project_1\src\Function\TractorDetails.jsx">
        <metrics statements="61" coveredstatements="61" conditionals="44" coveredconditionals="40" methods="13" coveredmethods="13"/>
        <line num="11" count="50" type="stmt"/>
        <line num="12" count="50" type="stmt"/>
        <line num="13" count="50" type="stmt"/>
        <line num="14" count="50" type="stmt"/>
        <line num="15" count="50" type="stmt"/>
        <line num="16" count="50" type="stmt"/>
        <line num="17" count="50" type="stmt"/>
        <line num="19" count="50" type="stmt"/>
        <line num="20" count="22" type="stmt"/>
        <line num="25" count="22" type="cond" truecount="2" falsecount="0"/>
        <line num="28" count="50" type="stmt"/>
        <line num="29" count="21" type="stmt"/>
        <line num="30" count="21" type="cond" truecount="2" falsecount="0"/>
        <line num="31" count="2" type="stmt"/>
        <line num="32" count="2" type="stmt"/>
        <line num="33" count="2" type="stmt"/>
        <line num="36" count="19" type="stmt"/>
        <line num="37" count="19" type="stmt"/>
        <line num="38" count="19" type="stmt"/>
        <line num="39" count="19" type="stmt"/>
        <line num="41" count="19" type="stmt"/>
        <line num="50" count="16" type="stmt"/>
        <line num="52" count="16" type="cond" truecount="2" falsecount="0"/>
        <line num="53" count="1" type="stmt"/>
        <line num="56" count="15" type="stmt"/>
        <line num="57" count="15" type="stmt"/>
        <line num="59" count="15" type="cond" truecount="4" falsecount="0"/>
        <line num="60" count="1" type="stmt"/>
        <line num="61" count="1" type="stmt"/>
        <line num="62" count="1" type="stmt"/>
        <line num="65" count="14" type="stmt"/>
        <line num="68" count="48" type="cond" truecount="2" falsecount="0"/>
        <line num="69" count="14" type="stmt"/>
        <line num="72" count="14" type="stmt"/>
        <line num="73" count="14" type="stmt"/>
        <line num="74" count="33" type="cond" truecount="3" falsecount="1"/>
        <line num="75" count="33" type="stmt"/>
        <line num="79" count="14" type="stmt"/>
        <line num="82" count="3" type="stmt"/>
        <line num="83" count="3" type="stmt"/>
        <line num="85" count="18" type="stmt"/>
        <line num="89" count="21" type="stmt"/>
        <line num="95" count="50" type="stmt"/>
        <line num="96" count="6" type="cond" truecount="2" falsecount="0"/>
        <line num="97" count="1" type="stmt"/>
        <line num="99" count="5" type="stmt"/>
        <line num="104" count="50" type="stmt"/>
        <line num="105" count="21" type="stmt"/>
        <line num="106" count="9" type="cond" truecount="2" falsecount="0"/>
        <line num="107" count="3" type="stmt"/>
        <line num="111" count="21" type="stmt"/>
        <line num="112" count="21" type="stmt"/>
        <line num="113" count="21" type="stmt"/>
        <line num="117" count="50" type="cond" truecount="2" falsecount="0"/>
        <line num="124" count="29" type="cond" truecount="2" falsecount="0"/>
        <line num="138" count="22" type="stmt"/>
        <line num="141" count="57" type="stmt"/>
        <line num="149" count="22" type="cond" truecount="2" falsecount="0"/>
        <line num="160" count="50" type="stmt"/>
        <line num="194" count="75" type="stmt"/>
        <line num="196" count="6" type="stmt"/>
      </file>
      <file name="TractorTable.jsx" path="G:\Working\1_project\project_1\src\Function\TractorTable.jsx">
        <metrics statements="121" coveredstatements="97" conditionals="151" coveredconditionals="107" methods="19" coveredmethods="16"/>
        <line num="13" count="1" type="stmt"/>
        <line num="14" count="44" type="cond" truecount="2" falsecount="0"/>
        <line num="16" count="40" type="stmt"/>
        <line num="17" count="40" type="stmt"/>
        <line num="18" count="40" type="stmt"/>
        <line num="26" count="0" type="stmt"/>
        <line num="29" count="1" type="stmt"/>
        <line num="30" count="0" type="stmt"/>
        <line num="32" count="0" type="stmt"/>
        <line num="33" count="0" type="stmt"/>
        <line num="34" count="0" type="cond" truecount="0" falsecount="2"/>
        <line num="36" count="0" type="stmt"/>
        <line num="37" count="0" type="stmt"/>
        <line num="47" count="0" type="stmt"/>
        <line num="48" count="0" type="cond" truecount="0" falsecount="2"/>
        <line num="50" count="0" type="cond" truecount="0" falsecount="4"/>
        <line num="51" count="0" type="stmt"/>
        <line num="52" count="0" type="cond" truecount="0" falsecount="4"/>
        <line num="53" count="0" type="stmt"/>
        <line num="54" count="0" type="cond" truecount="0" falsecount="4"/>
        <line num="55" count="0" type="stmt"/>
        <line num="56" count="0" type="cond" truecount="0" falsecount="2"/>
        <line num="57" count="0" type="stmt"/>
        <line num="58" count="0" type="cond" truecount="0" falsecount="4"/>
        <line num="59" count="0" type="stmt"/>
        <line num="60" count="0" type="cond" truecount="0" falsecount="2"/>
        <line num="61" count="0" type="stmt"/>
        <line num="64" count="0" type="stmt"/>
        <line num="65" count="0" type="stmt"/>
        <line num="68" count="100" type="stmt"/>
        <line num="69" count="100" type="stmt"/>
        <line num="70" count="100" type="stmt"/>
        <line num="71" count="100" type="stmt"/>
        <line num="72" count="100" type="stmt"/>
        <line num="73" count="100" type="stmt"/>
        <line num="76" count="100" type="cond" truecount="2" falsecount="0"/>
        <line num="79" count="100" type="stmt"/>
        <line num="81" count="32" type="stmt"/>
        <line num="92" count="32" type="cond" truecount="2" falsecount="0"/>
        <line num="93" count="3" type="stmt"/>
        <line num="95" count="3" type="cond" truecount="2" falsecount="0"/>
        <line num="97" count="1" type="stmt"/>
        <line num="98" count="1" type="stmt"/>
        <line num="99" count="2" type="cond" truecount="2" falsecount="2"/>
        <line num="101" count="2" type="cond" truecount="1" falsecount="1"/>
        <line num="102" count="2" type="cond" truecount="1" falsecount="1"/>
        <line num="103" count="2" type="stmt"/>
        <line num="107" count="32" type="cond" truecount="2" falsecount="0"/>
        <line num="108" count="2" type="stmt"/>
        <line num="109" count="30" type="cond" truecount="2" falsecount="0"/>
        <line num="110" count="1" type="stmt"/>
        <line num="113" count="32" type="stmt"/>
        <line num="114" count="32" type="stmt"/>
        <line num="115" count="32" type="stmt"/>
        <line num="117" count="32" type="stmt"/>
        <line num="120" count="100" type="stmt"/>
        <line num="121" count="33" type="stmt"/>
        <line num="123" count="33" type="stmt"/>
        <line num="124" count="33" type="stmt"/>
        <line num="126" count="33" type="cond" truecount="2" falsecount="0"/>
        <line num="127" count="1" type="stmt"/>
        <line num="128" count="1" type="stmt"/>
        <line num="129" count="1" type="stmt"/>
        <line num="132" count="32" type="stmt"/>
        <line num="134" count="32" type="stmt"/>
        <line num="135" count="32" type="stmt"/>
        <line num="138" count="32" type="stmt"/>
        <line num="148" count="30" type="cond" truecount="2" falsecount="0"/>
        <line num="149" count="29" type="stmt"/>
        <line num="151" count="29" type="stmt"/>
        <line num="153" count="29" type="cond" truecount="2" falsecount="0"/>
        <line num="154" count="4" type="stmt"/>
        <line num="156" count="5" type="cond" truecount="3" falsecount="0"/>
        <line num="157" count="5" type="cond" truecount="2" falsecount="2"/>
        <line num="159" count="5" type="stmt"/>
        <line num="161" count="5" type="stmt"/>
        <line num="163" count="4" type="cond" truecount="1" falsecount="1"/>
        <line num="167" count="29" type="stmt"/>
        <line num="168" count="29" type="cond" truecount="2" falsecount="0"/>
        <line num="169" count="22" type="stmt"/>
        <line num="170" count="18" type="stmt"/>
        <line num="180" count="18" type="cond" truecount="2" falsecount="0"/>
        <line num="181" count="17" type="stmt"/>
        <line num="182" count="17" type="stmt"/>
        <line num="183" count="17" type="stmt"/>
        <line num="184" count="30" type="cond" truecount="2" falsecount="0"/>
        <line num="185" count="30" type="stmt"/>
        <line num="188" count="17" type="stmt"/>
        <line num="189" count="21" type="cond" truecount="2" falsecount="0"/>
        <line num="190" count="21" type="stmt"/>
        <line num="191" count="21" type="stmt"/>
        <line num="192" count="30" type="stmt"/>
        <line num="193" count="30" type="cond" truecount="6" falsecount="0"/>
        <line num="194" count="16" type="cond" truecount="4" falsecount="0"/>
        <line num="195" count="9" type="cond" truecount="4" falsecount="0"/>
        <line num="196" count="6" type="cond" truecount="2" falsecount="0"/>
        <line num="197" count="2" type="cond" truecount="3" falsecount="1"/>
        <line num="198" count="1" type="stmt"/>
        <line num="200" count="21" type="stmt"/>
        <line num="205" count="29" type="stmt"/>
        <line num="207" count="2" type="stmt"/>
        <line num="208" count="2" type="stmt"/>
        <line num="210" count="31" type="stmt"/>
        <line num="214" count="33" type="stmt"/>
        <line num="217" count="100" type="stmt"/>
        <line num="218" count="2" type="stmt"/>
        <line num="219" count="2" type="stmt"/>
        <line num="222" count="100" type="cond" truecount="2" falsecount="0"/>
        <line num="223" count="2" type="stmt"/>
        <line num="226" count="98" type="cond" truecount="2" falsecount="0"/>
        <line num="227" count="32" type="stmt"/>
        <line num="235" count="66" type="cond" truecount="2" falsecount="0"/>
        <line num="236" count="3" type="stmt"/>
        <line num="240" count="0" type="stmt"/>
        <line num="249" count="63" type="stmt"/>
        <line num="276" count="6" type="cond" truecount="1" falsecount="2"/>
        <line num="277" count="6" type="cond" truecount="1" falsecount="2"/>
        <line num="278" count="6" type="stmt"/>
        <line num="279" count="23" type="stmt"/>
        <line num="281" count="22" type="stmt"/>
        <line num="283" count="2" type="stmt"/>
      </file>
    </package>
    <package name="src.Login">
      <metrics statements="31" coveredstatements="29" conditionals="12" coveredconditionals="11" methods="5" coveredmethods="5"/>
      <file name="LoginPage.jsx" path="G:\Working\1_project\project_1\src\Login\LoginPage.jsx">
        <metrics statements="31" coveredstatements="29" conditionals="12" coveredconditionals="11" methods="5" coveredmethods="5"/>
        <line num="8" count="1" type="stmt"/>
        <line num="9" count="56" type="stmt"/>
        <line num="10" count="56" type="stmt"/>
        <line num="11" count="56" type="stmt"/>
        <line num="12" count="56" type="stmt"/>
        <line num="13" count="56" type="stmt"/>
        <line num="15" count="56" type="stmt"/>
        <line num="16" count="11" type="stmt"/>
        <line num="17" count="11" type="stmt"/>
        <line num="19" count="11" type="cond" truecount="3" falsecount="1"/>
        <line num="20" count="0" type="stmt"/>
        <line num="21" count="0" type="stmt"/>
        <line num="24" count="11" type="stmt"/>
        <line num="25" count="11" type="stmt"/>
        <line num="26" count="11" type="stmt"/>
        <line num="28" count="11" type="stmt"/>
        <line num="29" count="11" type="stmt"/>
        <line num="39" count="10" type="cond" truecount="2" falsecount="0"/>
        <line num="40" count="3" type="stmt"/>
        <line num="41" count="3" type="stmt"/>
        <line num="44" count="3" type="stmt"/>
        <line num="47" count="7" type="stmt"/>
        <line num="50" count="7" type="cond" truecount="2" falsecount="0"/>
        <line num="51" count="6" type="stmt"/>
        <line num="52" count="6" type="stmt"/>
        <line num="54" count="1" type="stmt"/>
        <line num="57" count="2" type="stmt"/>
        <line num="58" count="2" type="stmt"/>
        <line num="62" count="56" type="stmt"/>
        <line num="78" count="11" type="stmt"/>
        <line num="89" count="11" type="stmt"/>
      </file>
    </package>
    <package name="src.auth">
      <metrics statements="58" coveredstatements="56" conditionals="14" coveredconditionals="14" methods="8" coveredmethods="6"/>
      <file name="AuthContext.jsx" path="G:\Working\1_project\project_1\src\auth\AuthContext.jsx">
        <metrics statements="52" coveredstatements="50" conditionals="10" coveredconditionals="10" methods="7" coveredmethods="5"/>
        <line num="4" count="1" type="stmt"/>
        <line num="6" count="1" type="stmt"/>
        <line num="7" count="31" type="stmt"/>
        <line num="8" count="31" type="cond" truecount="2" falsecount="0"/>
        <line num="9" count="2" type="stmt"/>
        <line num="11" count="28" type="stmt"/>
        <line num="15" count="28" type="stmt"/>
        <line num="16" count="28" type="stmt"/>
        <line num="17" count="28" type="stmt"/>
        <line num="18" count="28" type="stmt"/>
        <line num="19" count="28" type="stmt"/>
        <line num="21" count="28" type="stmt"/>
        <line num="22" count="12" type="stmt"/>
        <line num="23" count="12" type="cond" truecount="2" falsecount="0"/>
        <line num="24" count="8" type="stmt"/>
        <line num="25" count="8" type="stmt"/>
        <line num="26" count="8" type="stmt"/>
        <line num="28" count="8" type="cond" truecount="2" falsecount="0"/>
        <line num="29" count="1" type="stmt"/>
        <line num="30" count="1" type="stmt"/>
        <line num="31" count="1" type="stmt"/>
        <line num="32" count="1" type="stmt"/>
        <line num="33" count="1" type="stmt"/>
        <line num="35" count="6" type="stmt"/>
        <line num="36" count="6" type="stmt"/>
        <line num="37" count="6" type="stmt"/>
        <line num="39" count="6" type="cond" truecount="2" falsecount="0"/>
        <line num="43" count="1" type="stmt"/>
        <line num="44" count="1" type="stmt"/>
        <line num="45" count="1" type="stmt"/>
        <line num="46" count="1" type="stmt"/>
        <line num="47" count="1" type="stmt"/>
        <line num="48" count="1" type="stmt"/>
        <line num="51" count="12" type="stmt"/>
        <line num="54" count="28" type="stmt"/>
        <line num="55" count="2" type="stmt"/>
        <line num="56" count="2" type="stmt"/>
        <line num="57" count="2" type="stmt"/>
        <line num="58" count="2" type="stmt"/>
        <line num="59" count="2" type="stmt"/>
        <line num="60" count="2" type="cond" truecount="2" falsecount="0"/>
        <line num="64" count="28" type="stmt"/>
        <line num="65" count="1" type="stmt"/>
        <line num="66" count="1" type="stmt"/>
        <line num="67" count="1" type="stmt"/>
        <line num="68" count="1" type="stmt"/>
        <line num="69" count="1" type="stmt"/>
        <line num="72" count="28" type="stmt"/>
        <line num="73" count="0" type="stmt"/>
        <line num="77" count="28" type="stmt"/>
        <line num="78" count="0" type="stmt"/>
        <line num="81" count="28" type="stmt"/>
      </file>
      <file name="ProtectedRoute.jsx" path="G:\Working\1_project\project_1\src\auth\ProtectedRoute.jsx">
        <metrics statements="6" coveredstatements="6" conditionals="4" coveredconditionals="4" methods="1" coveredmethods="1"/>
        <line num="30" count="13" type="stmt"/>
        <line num="32" count="13" type="cond" truecount="2" falsecount="0"/>
        <line num="34" count="2" type="stmt"/>
        <line num="37" count="11" type="cond" truecount="2" falsecount="0"/>
        <line num="38" count="2" type="stmt"/>
        <line num="41" count="9" type="stmt"/>
      </file>
    </package>
    <package name="src.cssfiles">
      <metrics statements="0" coveredstatements="0" conditionals="0" coveredconditionals="0" methods="0" coveredmethods="0"/>
      <file name="AddCompPartButton.css" path="G:\Working\1_project\project_1\src\cssfiles\AddCompPartButton.css">
        <metrics statements="0" coveredstatements="0" conditionals="0" coveredconditionals="0" methods="0" coveredmethods="0"/>
      </file>
      <file name="AddPO.css" path="G:\Working\1_project\project_1\src\cssfiles\AddPO.css">
        <metrics statements="0" coveredstatements="0" conditionals="0" coveredconditionals="0" methods="0" coveredmethods="0"/>
      </file>
      <file name="AggregatesFilters.css" path="G:\Working\1_project\project_1\src\cssfiles\AggregatesFilters.css">
        <metrics statements="0" coveredstatements="0" conditionals="0" coveredconditionals="0" methods="0" coveredmethods="0"/>
      </file>
      <file name="HelpPage.css" path="G:\Working\1_project\project_1\src\cssfiles\HelpPage.css">
        <metrics statements="0" coveredstatements="0" conditionals="0" coveredconditionals="0" methods="0" coveredmethods="0"/>
      </file>
      <file name="LoginPage.css" path="G:\Working\1_project\project_1\src\cssfiles\LoginPage.css">
        <metrics statements="0" coveredstatements="0" conditionals="0" coveredconditionals="0" methods="0" coveredmethods="0"/>
      </file>
      <file name="TractorWindow.css" path="G:\Working\1_project\project_1\src\cssfiles\TractorWindow.css">
        <metrics statements="0" coveredstatements="0" conditionals="0" coveredconditionals="0" methods="0" coveredmethods="0"/>
      </file>
      <file name="TractorsFilters.css" path="G:\Working\1_project\project_1\src\cssfiles\TractorsFilters.css">
        <metrics statements="0" coveredstatements="0" conditionals="0" coveredconditionals="0" methods="0" coveredmethods="0"/>
      </file>
      <file name="TractorsTable.css" path="G:\Working\1_project\project_1\src\cssfiles\TractorsTable.css">
        <metrics statements="0" coveredstatements="0" conditionals="0" coveredconditionals="0" methods="0" coveredmethods="0"/>
      </file>
      <file name="maininformation.css" path="G:\Working\1_project\project_1\src\cssfiles\maininformation.css">
        <metrics statements="0" coveredstatements="0" conditionals="0" coveredconditionals="0" methods="0" coveredmethods="0"/>
      </file>
      <file name="mainpage.css" path="G:\Working\1_project\project_1\src\cssfiles\mainpage.css">
        <metrics statements="0" coveredstatements="0" conditionals="0" coveredconditionals="0" methods="0" coveredmethods="0"/>
      </file>
      <file name="navigationwindow.css" path="G:\Working\1_project\project_1\src\cssfiles\navigationwindow.css">
        <metrics statements="0" coveredstatements="0" conditionals="0" coveredconditionals="0" methods="0" coveredmethods="0"/>
      </file>
      <file name="searchBar.css" path="G:\Working\1_project\project_1\src\cssfiles\searchBar.css">
        <metrics statements="0" coveredstatements="0" conditionals="0" coveredconditionals="0" methods="0" coveredmethods="0"/>
      </file>
      <file name="test.css" path="G:\Working\1_project\project_1\src\cssfiles\test.css">
        <metrics statements="0" coveredstatements="0" conditionals="0" coveredconditionals="0" methods="0" coveredmethods="0"/>
      </file>
    </package>
    <package name="src.shrineofvsakoe">
      <metrics statements="9" coveredstatements="9" conditionals="0" coveredconditionals="0" methods="4" coveredmethods="4"/>
      <file name="checkMobile.jsx" path="G:\Working\1_project\project_1\src\shrineofvsakoe\checkMobile.jsx">
        <metrics statements="9" coveredstatements="9" conditionals="0" coveredconditionals="0" methods="4" coveredmethods="4"/>
        <line num="3" count="1" type="stmt"/>
        <line num="4" count="29" type="stmt"/>
        <line num="5" count="29" type="stmt"/>
        <line num="6" count="18" type="stmt"/>
        <line num="7" count="22" type="stmt"/>
        <line num="9" count="18" type="stmt"/>
        <line num="10" count="18" type="stmt"/>
        <line num="12" count="18" type="stmt"/>
        <line num="14" count="29" type="stmt"/>
      </file>
    </package>
  </project>
</coverage>
