<?xml version="1.0" encoding="UTF-8"?>
<coverage generated="1769684866495" clover="3.2.0">
  <project timestamp="1769684866495" name="All files">
    <metrics statements="429" coveredstatements="347" conditionals="323" coveredconditionals="205" methods="109" coveredmethods="86" elements="861" coveredelements="638" complexity="0" loc="429" ncloc="429" packages="2" files="11" classes="11"/>
    <package name="Function">
      <metrics statements="429" coveredstatements="347" conditionals="323" coveredconditionals="205" methods="109" coveredmethods="86"/>
      <file name="AddAgg.jsx" path="C:\Users\krymkovdv\Desktop\vscode\project_1\src\Function\AddAgg.jsx">
        <metrics statements="33" coveredstatements="27" conditionals="24" coveredconditionals="15" methods="5" coveredmethods="5"/>
        <line num="7" count="12" type="stmt"/>
        <line num="18" count="12" type="stmt"/>
        <line num="19" count="12" type="stmt"/>
        <line num="21" count="12" type="stmt"/>
        <line num="24" count="12" type="stmt"/>
        <line num="25" count="6" type="stmt"/>
        <line num="26" count="6" type="stmt"/>
        <line num="33" count="12" type="stmt"/>
        <line num="34" count="2" type="cond" truecount="2" falsecount="0"/>
        <line num="35" count="1" type="stmt"/>
        <line num="36" count="1" type="stmt"/>
        <line num="38" count="1" type="stmt"/>
        <line num="39" count="1" type="stmt"/>
        <line num="40" count="1" type="stmt"/>
        <line num="42" count="1" type="stmt"/>
        <line num="53" count="2" type="stmt"/>
        <line num="55" count="2" type="stmt"/>
        <line num="65" count="1" type="stmt"/>
        <line num="67" count="1" type="cond" truecount="1" falsecount="1"/>
        <line num="68" count="0" type="cond" truecount="0" falsecount="2"/>
        <line num="69" count="0" type="stmt"/>
        <line num="73" count="1" type="stmt"/>
        <line num="75" count="1" type="cond" truecount="1" falsecount="1"/>
        <line num="76" count="1" type="stmt"/>
        <line num="77" count="0" type="cond" truecount="0" falsecount="2"/>
        <line num="78" count="0" type="stmt"/>
        <line num="82" count="0" type="stmt"/>
        <line num="83" count="0" type="stmt"/>
        <line num="85" count="1" type="stmt"/>
        <line num="89" count="12" type="stmt"/>
        <line num="90" count="2" type="stmt"/>
        <line num="91" count="2" type="stmt"/>
        <line num="94" count="12" type="stmt"/>
      </file>
      <file name="Filters_agregates.jsx" path="C:\Users\krymkovdv\Desktop\vscode\project_1\src\Function\Filters_agregates.jsx">
        <metrics statements="69" coveredstatements="67" conditionals="26" coveredconditionals="18" methods="24" coveredmethods="22"/>
        <line num="8" count="60" type="stmt"/>
        <line num="16" count="60" type="stmt"/>
        <line num="21" count="60" type="stmt"/>
        <line num="28" count="60" type="stmt"/>
        <line num="34" count="60" type="stmt"/>
        <line num="35" count="60" type="stmt"/>
        <line num="37" count="60" type="stmt"/>
        <line num="39" count="60" type="stmt"/>
        <line num="41" count="60" type="stmt"/>
        <line num="42" count="3" type="cond" truecount="1" falsecount="1"/>
        <line num="43" count="3" type="stmt"/>
        <line num="46" count="3" type="stmt"/>
        <line num="48" count="3" type="cond" truecount="1" falsecount="1"/>
        <line num="49" count="3" type="stmt"/>
        <line num="53" count="60" type="stmt"/>
        <line num="55" count="60" type="stmt"/>
        <line num="56" count="6" type="stmt"/>
        <line num="60" count="6" type="stmt"/>
        <line num="62" count="6" type="cond" truecount="1" falsecount="1"/>
        <line num="63" count="24" type="stmt"/>
        <line num="64" count="6" type="stmt"/>
        <line num="67" count="60" type="stmt"/>
        <line num="68" count="3" type="stmt"/>
        <line num="72" count="3" type="stmt"/>
        <line num="74" count="3" type="cond" truecount="1" falsecount="1"/>
        <line num="75" count="6" type="stmt"/>
        <line num="76" count="3" type="stmt"/>
        <line num="80" count="60" type="stmt"/>
        <line num="81" count="60" type="stmt"/>
        <line num="84" count="60" type="stmt"/>
        <line num="86" count="25" type="stmt"/>
        <line num="87" count="100" type="stmt"/>
        <line num="88" count="8" type="stmt"/>
        <line num="90" count="25" type="stmt"/>
        <line num="91" count="50" type="stmt"/>
        <line num="92" count="3" type="stmt"/>
        <line num="96" count="25" type="stmt"/>
        <line num="101" count="25" type="stmt"/>
        <line num="102" count="25" type="stmt"/>
        <line num="103" count="25" type="stmt"/>
        <line num="105" count="25" type="stmt"/>
        <line num="110" count="25" type="cond" truecount="2" falsecount="0"/>
        <line num="111" count="24" type="stmt"/>
        <line num="115" count="25" type="stmt"/>
        <line num="120" count="24" type="cond" truecount="2" falsecount="0"/>
        <line num="121" count="1" type="stmt"/>
        <line num="124" count="23" type="stmt"/>
        <line num="125" count="23" type="cond" truecount="1" falsecount="1"/>
        <line num="127" count="2" type="stmt"/>
        <line num="128" count="2" type="stmt"/>
        <line num="129" count="2" type="stmt"/>
        <line num="131" count="25" type="stmt"/>
        <line num="136" count="60" type="stmt"/>
        <line num="138" count="25" type="stmt"/>
        <line num="142" count="60" type="stmt"/>
        <line num="151" count="3" type="stmt"/>
        <line num="160" count="1" type="stmt"/>
        <line num="169" count="1" type="stmt"/>
        <line num="178" count="1" type="stmt"/>
        <line num="195" count="1" type="stmt"/>
        <line num="205" count="2" type="stmt"/>
        <line num="221" count="0" type="stmt"/>
        <line num="222" count="0" type="stmt"/>
        <line num="230" count="1" type="stmt"/>
        <line num="236" count="1" type="stmt"/>
        <line num="240" count="1" type="stmt"/>
        <line num="243" count="1" type="cond" truecount="1" falsecount="1"/>
        <line num="244" count="1" type="cond" truecount="1" falsecount="1"/>
        <line num="245" count="1" type="cond" truecount="1" falsecount="1"/>
      </file>
      <file name="Filters_tractors.jsx" path="C:\Users\krymkovdv\Desktop\vscode\project_1\src\Function\Filters_tractors.jsx">
        <metrics statements="72" coveredstatements="62" conditionals="38" coveredconditionals="23" methods="27" coveredmethods="19"/>
        <line num="10" count="27" type="stmt"/>
        <line num="12" count="27" type="stmt"/>
        <line num="19" count="27" type="stmt"/>
        <line num="25" count="27" type="stmt"/>
        <line num="32" count="27" type="stmt"/>
        <line num="39" count="27" type="stmt"/>
        <line num="40" count="27" type="stmt"/>
        <line num="41" count="27" type="stmt"/>
        <line num="42" count="27" type="stmt"/>
        <line num="44" count="27" type="stmt"/>
        <line num="45" count="2" type="cond" truecount="3" falsecount="1"/>
        <line num="46" count="2" type="stmt"/>
        <line num="50" count="27" type="stmt"/>
        <line num="51" count="3" type="stmt"/>
        <line num="52" count="3" type="stmt"/>
        <line num="53" count="3" type="cond" truecount="3" falsecount="1"/>
        <line num="54" count="3" type="stmt"/>
        <line num="59" count="27" type="stmt"/>
        <line num="60" count="3" type="stmt"/>
        <line num="61" count="3" type="stmt"/>
        <line num="62" count="3" type="stmt"/>
        <line num="65" count="3" type="cond" truecount="1" falsecount="1"/>
        <line num="66" count="3" type="stmt"/>
        <line num="67" count="4" type="cond" truecount="1" falsecount="1"/>
        <line num="68" count="4" type="stmt"/>
        <line num="71" count="3" type="cond" truecount="4" falsecount="0"/>
        <line num="73" count="2" type="stmt"/>
        <line num="78" count="1" type="cond" truecount="3" falsecount="1"/>
        <line num="80" count="1" type="stmt"/>
        <line num="87" count="0" type="stmt"/>
        <line num="97" count="27" type="stmt"/>
        <line num="98" count="1" type="stmt"/>
        <line num="99" count="1" type="stmt"/>
        <line num="100" count="1" type="cond" truecount="1" falsecount="1"/>
        <line num="101" count="1" type="stmt"/>
        <line num="109" count="27" type="stmt"/>
        <line num="110" count="1" type="cond" truecount="1" falsecount="1"/>
        <line num="111" count="1" type="stmt"/>
        <line num="116" count="27" type="stmt"/>
        <line num="117" count="0" type="stmt"/>
        <line num="144" count="27" type="stmt"/>
        <line num="152" count="0" type="stmt"/>
        <line num="154" count="0" type="stmt"/>
        <line num="171" count="0" type="stmt"/>
        <line num="179" count="0" type="stmt"/>
        <line num="183" count="0" type="stmt"/>
        <line num="184" count="0" type="stmt"/>
        <line num="206" count="27" type="stmt"/>
        <line num="207" count="3" type="stmt"/>
        <line num="211" count="3" type="stmt"/>
        <line num="214" count="3" type="cond" truecount="1" falsecount="1"/>
        <line num="215" count="3" type="stmt"/>
        <line num="216" count="12" type="stmt"/>
        <line num="217" count="4" type="stmt"/>
        <line num="218" count="3" type="stmt"/>
        <line num="224" count="27" type="stmt"/>
        <line num="225" count="3" type="stmt"/>
        <line num="229" count="3" type="stmt"/>
        <line num="231" count="3" type="cond" truecount="1" falsecount="1"/>
        <line num="232" count="3" type="stmt"/>
        <line num="233" count="9" type="stmt"/>
        <line num="234" count="4" type="stmt"/>
        <line num="235" count="3" type="stmt"/>
        <line num="239" count="27" type="stmt"/>
        <line num="243" count="81" type="stmt"/>
        <line num="248" count="3" type="stmt"/>
        <line num="299" count="2" type="stmt"/>
        <line num="308" count="1" type="stmt"/>
        <line num="317" count="0" type="stmt"/>
        <line num="326" count="0" type="stmt"/>
        <line num="334" count="1" type="stmt"/>
        <line num="340" count="1" type="stmt"/>
      </file>
      <file name="Header.jsx" path="C:\Users\krymkovdv\Desktop\vscode\project_1\src\Function\Header.jsx">
        <metrics statements="1" coveredstatements="1" conditionals="2" coveredconditionals="2" methods="1" coveredmethods="1"/>
        <line num="3" count="6" type="stmt"/>
      </file>
      <file name="MainPart.jsx" path="C:\Users\krymkovdv\Desktop\vscode\project_1\src\Function\MainPart.jsx">
        <metrics statements="13" coveredstatements="13" conditionals="20" coveredconditionals="20" methods="3" coveredmethods="3"/>
        <line num="34" count="32" type="stmt"/>
        <line num="35" count="30" type="cond" truecount="5" falsecount="0"/>
        <line num="36" count="2" type="stmt"/>
        <line num="41" count="32" type="stmt"/>
        <line num="42" count="29" type="cond" truecount="5" falsecount="0"/>
        <line num="43" count="3" type="stmt"/>
        <line num="48" count="32" type="cond" truecount="2" falsecount="0"/>
        <line num="49" count="10" type="stmt"/>
        <line num="57" count="22" type="cond" truecount="2" falsecount="0"/>
        <line num="58" count="9" type="stmt"/>
        <line num="66" count="13" type="cond" truecount="2" falsecount="0"/>
        <line num="67" count="3" type="stmt"/>
        <line num="70" count="10" type="stmt"/>
      </file>
      <file name="Objects.jsx" path="C:\Users\krymkovdv\Desktop\vscode\project_1\src\Function\Objects.jsx">
        <metrics statements="62" coveredstatements="48" conditionals="43" coveredconditionals="22" methods="16" coveredmethods="13"/>
        <line num="7" count="10" type="stmt"/>
        <line num="8" count="10" type="stmt"/>
        <line num="9" count="10" type="stmt"/>
        <line num="10" count="10" type="stmt"/>
        <line num="13" count="10" type="stmt"/>
        <line num="14" count="5" type="stmt"/>
        <line num="15" count="5" type="stmt"/>
        <line num="16" count="5" type="stmt"/>
        <line num="18" count="5" type="cond" truecount="2" falsecount="0"/>
        <line num="19" count="1" type="stmt"/>
        <line num="20" count="1" type="stmt"/>
        <line num="21" count="1" type="stmt"/>
        <line num="24" count="4" type="stmt"/>
        <line num="25" count="4" type="stmt"/>
        <line num="26" count="4" type="stmt"/>
        <line num="28" count="4" type="stmt"/>
        <line num="29" count="2" type="cond" truecount="2" falsecount="0"/>
        <line num="30" count="2" type="cond" truecount="1" falsecount="1"/>
        <line num="34" count="5" type="stmt"/>
        <line num="44" count="4" type="cond" truecount="2" falsecount="0"/>
        <line num="46" count="3" type="stmt"/>
        <line num="47" count="3" type="cond" truecount="1" falsecount="3"/>
        <line num="48" count="5" type="stmt"/>
        <line num="50" count="1" type="stmt"/>
        <line num="51" count="1" type="stmt"/>
        <line num="53" count="4" type="stmt"/>
        <line num="58" count="5" type="stmt"/>
        <line num="62" count="10" type="stmt"/>
        <line num="63" count="8" type="cond" truecount="1" falsecount="1"/>
        <line num="65" count="0" type="stmt"/>
        <line num="66" count="0" type="stmt"/>
        <line num="67" count="0" type="cond" truecount="0" falsecount="8"/>
        <line num="75" count="10" type="stmt"/>
        <line num="76" count="1" type="stmt"/>
        <line num="80" count="1" type="stmt"/>
        <line num="81" count="2" type="stmt"/>
        <line num="86" count="10" type="stmt"/>
        <line num="87" count="8" type="stmt"/>
        <line num="95" count="8" type="cond" truecount="2" falsecount="0"/>
        <line num="96" count="2" type="cond" truecount="1" falsecount="1"/>
        <line num="97" count="4" type="stmt"/>
        <line num="103" count="6" type="stmt"/>
        <line num="106" count="10" type="stmt"/>
        <line num="107" count="0" type="stmt"/>
        <line num="108" count="0" type="cond" truecount="0" falsecount="2"/>
        <line num="109" count="0" type="stmt"/>
        <line num="110" count="0" type="stmt"/>
        <line num="112" count="0" type="stmt"/>
        <line num="113" count="0" type="stmt"/>
        <line num="114" count="0" type="stmt"/>
        <line num="115" count="0" type="stmt"/>
        <line num="116" count="0" type="stmt"/>
        <line num="117" count="0" type="stmt"/>
        <line num="121" count="10" type="cond" truecount="2" falsecount="0"/>
        <line num="122" count="5" type="stmt"/>
        <line num="130" count="5" type="cond" truecount="2" falsecount="0"/>
        <line num="131" count="2" type="stmt"/>
        <line num="139" count="3" type="stmt"/>
        <line num="143" count="6" type="stmt"/>
        <line num="159" count="6" type="stmt"/>
        <line num="161" count="6" type="stmt"/>
        <line num="173" count="0" type="stmt"/>
      </file>
      <file name="SearchBar.jsx" path="C:\Users\krymkovdv\Desktop\vscode\project_1\src\Function\SearchBar.jsx">
        <metrics statements="7" coveredstatements="7" conditionals="0" coveredconditionals="0" methods="3" coveredmethods="3"/>
        <line num="5" count="7" type="stmt"/>
        <line num="7" count="7" type="stmt"/>
        <line num="8" count="3" type="stmt"/>
        <line num="9" count="3" type="stmt"/>
        <line num="10" count="3" type="stmt"/>
        <line num="13" count="7" type="stmt"/>
        <line num="24" count="2" type="stmt"/>
      </file>
      <file name="Sidebar.jsx" path="C:\Users\krymkovdv\Desktop\vscode\project_1\src\Function\Sidebar.jsx">
        <metrics statements="3" coveredstatements="3" conditionals="14" coveredconditionals="14" methods="3" coveredmethods="3"/>
        <line num="6" count="17" type="stmt"/>
        <line num="11" count="1" type="stmt"/>
        <line num="18" count="1" type="stmt"/>
      </file>
      <file name="TractorDetails.jsx" path="C:\Users\krymkovdv\Desktop\vscode\project_1\src\Function\TractorDetails.jsx">
        <metrics statements="69" coveredstatements="38" conditionals="40" coveredconditionals="8" methods="14" coveredmethods="7"/>
        <line num="7" count="2" type="stmt"/>
        <line num="8" count="2" type="stmt"/>
        <line num="9" count="2" type="stmt"/>
        <line num="10" count="2" type="stmt"/>
        <line num="11" count="2" type="stmt"/>
        <line num="12" count="2" type="stmt"/>
        <line num="13" count="2" type="stmt"/>
        <line num="14" count="2" type="stmt"/>
        <line num="15" count="1" type="stmt"/>
        <line num="16" count="1" type="cond" truecount="1" falsecount="1"/>
        <line num="17" count="0" type="stmt"/>
        <line num="18" count="0" type="stmt"/>
        <line num="19" count="0" type="stmt"/>
        <line num="22" count="1" type="stmt"/>
        <line num="23" count="1" type="stmt"/>
        <line num="24" count="1" type="stmt"/>
        <line num="25" count="1" type="stmt"/>
        <line num="27" count="1" type="stmt"/>
        <line num="36" count="1" type="stmt"/>
        <line num="38" count="1" type="cond" truecount="1" falsecount="1"/>
        <line num="39" count="0" type="stmt"/>
        <line num="42" count="0" type="stmt"/>
        <line num="43" count="0" type="stmt"/>
        <line num="45" count="0" type="cond" truecount="0" falsecount="4"/>
        <line num="46" count="0" type="stmt"/>
        <line num="47" count="0" type="stmt"/>
        <line num="48" count="0" type="stmt"/>
        <line num="51" count="0" type="stmt"/>
        <line num="54" count="0" type="cond" truecount="0" falsecount="2"/>
        <line num="55" count="0" type="stmt"/>
        <line num="56" count="0" type="stmt"/>
        <line num="59" count="1" type="stmt"/>
        <line num="60" count="1" type="stmt"/>
        <line num="62" count="1" type="stmt"/>
        <line num="66" count="1" type="stmt"/>
        <line num="70" count="2" type="stmt"/>
        <line num="71" count="1" type="stmt"/>
        <line num="72" count="1" type="stmt"/>
        <line num="73" count="1" type="stmt"/>
        <line num="81" count="1" type="cond" truecount="1" falsecount="1"/>
        <line num="82" count="0" type="stmt"/>
        <line num="85" count="0" type="stmt"/>
        <line num="86" count="0" type="stmt"/>
        <line num="89" count="0" type="stmt"/>
        <line num="90" count="0" type="stmt"/>
        <line num="91" count="0" type="stmt"/>
        <line num="94" count="0" type="stmt"/>
        <line num="96" count="1" type="stmt"/>
        <line num="98" count="1" type="stmt"/>
        <line num="109" count="1" type="stmt"/>
        <line num="113" count="2" type="stmt"/>
        <line num="114" count="0" type="cond" truecount="0" falsecount="2"/>
        <line num="115" count="0" type="stmt"/>
        <line num="117" count="0" type="stmt"/>
        <line num="122" count="2" type="stmt"/>
        <line num="123" count="1" type="stmt"/>
        <line num="124" count="0" type="cond" truecount="0" falsecount="2"/>
        <line num="125" count="0" type="stmt"/>
        <line num="129" count="1" type="stmt"/>
        <line num="130" count="1" type="stmt"/>
        <line num="131" count="1" type="stmt"/>
        <line num="135" count="2" type="cond" truecount="2" falsecount="0"/>
        <line num="142" count="1" type="cond" truecount="1" falsecount="1"/>
        <line num="156" count="0" type="stmt"/>
        <line num="159" count="0" type="stmt"/>
        <line num="166" count="0" type="cond" truecount="0" falsecount="2"/>
        <line num="175" count="2" type="stmt"/>
        <line num="209" count="0" type="stmt"/>
        <line num="211" count="0" type="stmt"/>
      </file>
      <file name="TractorTable.jsx" path="C:\Users\krymkovdv\Desktop\vscode\project_1\src\Function\TractorTable.jsx">
        <metrics statements="100" coveredstatements="81" conditionals="116" coveredconditionals="83" methods="13" coveredmethods="10"/>
        <line num="10" count="1" type="stmt"/>
        <line num="11" count="6" type="cond" truecount="2" falsecount="0"/>
        <line num="13" count="4" type="stmt"/>
        <line num="14" count="4" type="stmt"/>
        <line num="15" count="4" type="stmt"/>
        <line num="23" count="0" type="stmt"/>
        <line num="26" count="1" type="stmt"/>
        <line num="27" count="3" type="stmt"/>
        <line num="29" count="3" type="stmt"/>
        <line num="30" count="5" type="stmt"/>
        <line num="31" count="5" type="cond" truecount="2" falsecount="0"/>
        <line num="33" count="3" type="stmt"/>
        <line num="34" count="3" type="stmt"/>
        <line num="44" count="5" type="stmt"/>
        <line num="45" count="5" type="cond" truecount="2" falsecount="0"/>
        <line num="47" count="5" type="cond" truecount="4" falsecount="0"/>
        <line num="48" count="2" type="stmt"/>
        <line num="49" count="3" type="cond" truecount="4" falsecount="0"/>
        <line num="50" count="2" type="stmt"/>
        <line num="51" count="1" type="cond" truecount="3" falsecount="1"/>
        <line num="52" count="0" type="stmt"/>
        <line num="53" count="1" type="cond" truecount="1" falsecount="1"/>
        <line num="54" count="0" type="stmt"/>
        <line num="55" count="1" type="cond" truecount="3" falsecount="1"/>
        <line num="56" count="0" type="stmt"/>
        <line num="57" count="1" type="cond" truecount="1" falsecount="1"/>
        <line num="58" count="0" type="stmt"/>
        <line num="61" count="3" type="stmt"/>
        <line num="62" count="3" type="stmt"/>
        <line num="65" count="14" type="stmt"/>
        <line num="66" count="14" type="stmt"/>
        <line num="67" count="14" type="stmt"/>
        <line num="68" count="14" type="stmt"/>
        <line num="69" count="14" type="stmt"/>
        <line num="70" count="14" type="stmt"/>
        <line num="71" count="14" type="stmt"/>
        <line num="73" count="4" type="stmt"/>
        <line num="84" count="4" type="cond" truecount="2" falsecount="0"/>
        <line num="85" count="1" type="stmt"/>
        <line num="87" count="1" type="cond" truecount="1" falsecount="1"/>
        <line num="89" count="0" type="stmt"/>
        <line num="90" count="0" type="stmt"/>
        <line num="91" count="1" type="cond" truecount="2" falsecount="2"/>
        <line num="93" count="1" type="cond" truecount="1" falsecount="1"/>
        <line num="94" count="1" type="cond" truecount="1" falsecount="1"/>
        <line num="95" count="1" type="stmt"/>
        <line num="99" count="4" type="cond" truecount="2" falsecount="0"/>
        <line num="100" count="1" type="stmt"/>
        <line num="101" count="3" type="cond" truecount="1" falsecount="1"/>
        <line num="102" count="0" type="stmt"/>
        <line num="105" count="4" type="stmt"/>
        <line num="106" count="4" type="stmt"/>
        <line num="107" count="4" type="stmt"/>
        <line num="109" count="4" type="stmt"/>
        <line num="112" count="14" type="stmt"/>
        <line num="113" count="5" type="stmt"/>
        <line num="114" count="5" type="cond" truecount="2" falsecount="0"/>
        <line num="115" count="1" type="stmt"/>
        <line num="116" count="1" type="stmt"/>
        <line num="117" count="1" type="stmt"/>
        <line num="120" count="4" type="stmt"/>
        <line num="122" count="4" type="stmt"/>
        <line num="123" count="4" type="stmt"/>
        <line num="124" count="4" type="stmt"/>
        <line num="134" count="3" type="stmt"/>
        <line num="135" count="3" type="stmt"/>
        <line num="136" count="3" type="stmt"/>
        <line num="138" count="3" type="cond" truecount="3" falsecount="1"/>
        <line num="139" count="0" type="stmt"/>
        <line num="140" count="0" type="stmt"/>
        <line num="141" count="0" type="stmt"/>
        <line num="144" count="3" type="cond" truecount="1" falsecount="1"/>
        <line num="145" count="0" type="stmt"/>
        <line num="148" count="3" type="cond" truecount="4" falsecount="0"/>
        <line num="149" count="2" type="stmt"/>
        <line num="150" count="2" type="stmt"/>
        <line num="151" count="1" type="cond" truecount="3" falsecount="1"/>
        <line num="152" count="1" type="stmt"/>
        <line num="153" count="1" type="stmt"/>
        <line num="155" count="0" type="stmt"/>
        <line num="159" count="0" type="stmt"/>
        <line num="160" count="0" type="stmt"/>
        <line num="162" count="3" type="stmt"/>
        <line num="166" count="5" type="stmt"/>
        <line num="169" count="14" type="stmt"/>
        <line num="170" count="1" type="stmt"/>
        <line num="171" count="1" type="stmt"/>
        <line num="174" count="14" type="cond" truecount="2" falsecount="0"/>
        <line num="175" count="1" type="stmt"/>
        <line num="178" count="13" type="cond" truecount="2" falsecount="0"/>
        <line num="179" count="4" type="stmt"/>
        <line num="187" count="9" type="cond" truecount="2" falsecount="0"/>
        <line num="188" count="1" type="stmt"/>
        <line num="192" count="0" type="stmt"/>
        <line num="201" count="8" type="stmt"/>
        <line num="229" count="0" type="cond" truecount="0" falsecount="3"/>
        <line num="230" count="0" type="cond" truecount="0" falsecount="3"/>
        <line num="231" count="0" type="stmt"/>
        <line num="234" count="3" type="stmt"/>
        <line num="236" count="1" type="stmt"/>
      </file>
    </package>
    <package name="img">
      <metrics statements="0" coveredstatements="0" conditionals="0" coveredconditionals="0" methods="0" coveredmethods="0"/>
      <file name="Image.png" path="C:\Users\krymkovdv\Desktop\vscode\project_1\src\img\Image.png">
        <metrics statements="0" coveredstatements="0" conditionals="0" coveredconditionals="0" methods="0" coveredmethods="0"/>
      </file>
    </package>
  </project>
</coverage>
