{"C:\\Users\\krymkovdv\\Desktop\\vscode\\project_1\\src\\Function\\AddAgg.jsx": {"path":"C:\\Users\\krymkovdv\\Desktop\\vscode\\project_1\\src\\Function\\AddAgg.jsx","statementMap":{"0":{"start":{"line":7,"column":30},"end":{"line":16,"column":null}},"1":{"start":{"line":18,"column":28},"end":{"line":18,"column":null}},"2":{"start":{"line":19,"column":24},"end":{"line":19,"column":null}},"3":{"start":{"line":21,"column":16},"end":{"line":21,"column":null}},"4":{"start":{"line":24,"column":23},"end":{"line":30,"column":null}},"5":{"start":{"line":25,"column":28},"end":{"line":25,"column":null}},"6":{"start":{"line":26,"column":4},"end":{"line":29,"column":null}},"7":{"start":{"line":26,"column":25},"end":{"line":29,"column":6}},"8":{"start":{"line":33,"column":29},"end":{"line":87,"column":null}},"9":{"start":{"line":34,"column":4},"end":{"line":37,"column":null}},"10":{"start":{"line":35,"column":6},"end":{"line":35,"column":null}},"11":{"start":{"line":36,"column":6},"end":{"line":36,"column":null}},"12":{"start":{"line":38,"column":4},"end":{"line":86,"column":null}},"13":{"start":{"line":39,"column":6},"end":{"line":39,"column":null}},"14":{"start":{"line":40,"column":6},"end":{"line":40,"column":null}},"15":{"start":{"line":42,"column":25},"end":{"line":51,"column":null}},"16":{"start":{"line":53,"column":6},"end":{"line":53,"column":null}},"17":{"start":{"line":55,"column":23},"end":{"line":63,"column":null}},"18":{"start":{"line":65,"column":27},"end":{"line":65,"column":null}},"19":{"start":{"line":67,"column":6},"end":{"line":70,"column":null}},"20":{"start":{"line":68,"column":29},"end":{"line":68,"column":null}},"21":{"start":{"line":69,"column":8},"end":{"line":69,"column":null}},"22":{"start":{"line":73,"column":6},"end":{"line":73,"column":null}},"23":{"start":{"line":75,"column":6},"end":{"line":79,"column":null}},"24":{"start":{"line":76,"column":8},"end":{"line":76,"column":null}},"25":{"start":{"line":77,"column":6},"end":{"line":79,"column":null}},"26":{"start":{"line":78,"column":8},"end":{"line":78,"column":null}},"27":{"start":{"line":82,"column":6},"end":{"line":82,"column":null}},"28":{"start":{"line":83,"column":6},"end":{"line":83,"column":null}},"29":{"start":{"line":85,"column":6},"end":{"line":85,"column":null}},"30":{"start":{"line":89,"column":23},"end":{"line":92,"column":null}},"31":{"start":{"line":90,"column":4},"end":{"line":90,"column":null}},"32":{"start":{"line":91,"column":4},"end":{"line":91,"column":null}},"33":{"start":{"line":94,"column":2},"end":{"line":234,"column":null}}},"fnMap":{"0":{"name":"AddAggForm","decl":{"start":{"line":6,"column":16},"end":{"line":6,"column":27}},"loc":{"start":{"line":6,"column":49},"end":{"line":236,"column":null}},"line":6},"1":{"name":"(anonymous_1)","decl":{"start":{"line":24,"column":23},"end":{"line":24,"column":24}},"loc":{"start":{"line":24,"column":30},"end":{"line":30,"column":null}},"line":24},"2":{"name":"(anonymous_2)","decl":{"start":{"line":26,"column":16},"end":{"line":26,"column":25}},"loc":{"start":{"line":26,"column":25},"end":{"line":29,"column":6}},"line":26},"3":{"name":"(anonymous_3)","decl":{"start":{"line":33,"column":29},"end":{"line":33,"column":41}},"loc":{"start":{"line":33,"column":41},"end":{"line":87,"column":null}},"line":33},"4":{"name":"(anonymous_4)","decl":{"start":{"line":89,"column":23},"end":{"line":89,"column":24}},"loc":{"start":{"line":89,"column":30},"end":{"line":92,"column":null}},"line":89}},"branchMap":{"0":{"loc":{"start":{"line":34,"column":4},"end":{"line":37,"column":null}},"type":"if","locations":[{"start":{"line":34,"column":4},"end":{"line":37,"column":null}},{"start":{},"end":{}}],"line":34},"1":{"loc":{"start":{"line":46,"column":23},"end":{"line":46,"column":null}},"type":"binary-expr","locations":[{"start":{"line":46,"column":23},"end":{"line":46,"column":49}},{"start":{"line":46,"column":49},"end":{"line":46,"column":null}}],"line":46},"2":{"loc":{"start":{"line":47,"column":22},"end":{"line":47,"column":null}},"type":"binary-expr","locations":[{"start":{"line":47,"column":22},"end":{"line":47,"column":47}},{"start":{"line":47,"column":47},"end":{"line":47,"column":null}}],"line":47},"3":{"loc":{"start":{"line":48,"column":20},"end":{"line":48,"column":null}},"type":"cond-expr","locations":[{"start":{"line":48,"column":42},"end":{"line":48,"column":78}},{"start":{"line":48,"column":78},"end":{"line":48,"column":null}}],"line":48},"4":{"loc":{"start":{"line":49,"column":25},"end":{"line":49,"column":null}},"type":"cond-expr","locations":[{"start":{"line":49,"column":52},"end":{"line":49,"column":93}},{"start":{"line":49,"column":93},"end":{"line":49,"column":null}}],"line":49},"5":{"loc":{"start":{"line":50,"column":23},"end":{"line":50,"column":null}},"type":"binary-expr","locations":[{"start":{"line":50,"column":23},"end":{"line":50,"column":49}},{"start":{"line":50,"column":49},"end":{"line":50,"column":null}}],"line":50},"6":{"loc":{"start":{"line":67,"column":6},"end":{"line":70,"column":null}},"type":"if","locations":[{"start":{"line":67,"column":6},"end":{"line":70,"column":null}},{"start":{},"end":{}}],"line":67},"7":{"loc":{"start":{"line":68,"column":29},"end":{"line":68,"column":null}},"type":"binary-expr","locations":[{"start":{"line":68,"column":29},"end":{"line":68,"column":52}},{"start":{"line":68,"column":52},"end":{"line":68,"column":null}}],"line":68},"8":{"loc":{"start":{"line":75,"column":6},"end":{"line":79,"column":null}},"type":"if","locations":[{"start":{"line":75,"column":6},"end":{"line":79,"column":null}},{"start":{"line":77,"column":6},"end":{"line":79,"column":null}}],"line":75},"9":{"loc":{"start":{"line":77,"column":6},"end":{"line":79,"column":null}},"type":"if","locations":[{"start":{"line":77,"column":6},"end":{"line":79,"column":null}},{"start":{},"end":{}}],"line":77},"10":{"loc":{"start":{"line":108,"column":7},"end":{"line":111,"column":null}},"type":"binary-expr","locations":[{"start":{"line":108,"column":7},"end":{"line":108,"column":null}},{"start":{"line":109,"column":8},"end":{"line":111,"column":null}}],"line":108},"11":{"loc":{"start":{"line":231,"column":11},"end":{"line":231,"column":null}},"type":"cond-expr","locations":[{"start":{"line":231,"column":21},"end":{"line":231,"column":39}},{"start":{"line":231,"column":39},"end":{"line":231,"column":null}}],"line":231}},"s":{"0":12,"1":12,"2":12,"3":12,"4":12,"5":6,"6":6,"7":6,"8":12,"9":2,"10":1,"11":1,"12":1,"13":1,"14":1,"15":1,"16":2,"17":2,"18":1,"19":1,"20":0,"21":0,"22":1,"23":1,"24":1,"25":0,"26":0,"27":0,"28":0,"29":1,"30":12,"31":2,"32":2,"33":12},"f":{"0":12,"1":6,"2":6,"3":2,"4":2},"b":{"0":[1,1],"1":[1,1],"2":[2,1],"3":[0,1],"4":[0,1],"5":[2,1],"6":[0,1],"7":[0,0],"8":[1,0],"9":[0,0],"10":[12,1],"11":[1,11]},"meta":{"lastBranch":12,"lastFunction":5,"lastStatement":34,"seen":{"f:6:16:6:27":0,"s:7:30:16:Infinity":0,"s:18:28:18:Infinity":1,"s:19:24:19:Infinity":2,"s:21:16:21:Infinity":3,"s:24:23:30:Infinity":4,"f:24:23:24:24":1,"s:25:28:25:Infinity":5,"s:26:4:29:Infinity":6,"f:26:16:26:25":2,"s:26:25:29:6":7,"s:33:29:87:Infinity":8,"f:33:29:33:41":3,"b:34:4:37:Infinity:undefined:undefined:undefined:undefined":0,"s:34:4:37:Infinity":9,"s:35:6:35:Infinity":10,"s:36:6:36:Infinity":11,"s:38:4:86:Infinity":12,"s:39:6:39:Infinity":13,"s:40:6:40:Infinity":14,"s:42:25:51:Infinity":15,"b:46:23:46:49:46:49:46:Infinity":1,"b:47:22:47:47:47:47:47:Infinity":2,"b:48:42:48:78:48:78:48:Infinity":3,"b:49:52:49:93:49:93:49:Infinity":4,"b:50:23:50:49:50:49:50:Infinity":5,"s:53:6:53:Infinity":16,"s:55:23:63:Infinity":17,"s:65:27:65:Infinity":18,"b:67:6:70:Infinity:undefined:undefined:undefined:undefined":6,"s:67:6:70:Infinity":19,"s:68:29:68:Infinity":20,"b:68:29:68:52:68:52:68:Infinity":7,"s:69:8:69:Infinity":21,"s:73:6:73:Infinity":22,"b:75:6:79:Infinity:77:6:79:Infinity":8,"s:75:6:79:Infinity":23,"s:76:8:76:Infinity":24,"b:77:6:79:Infinity:undefined:undefined:undefined:undefined":9,"s:77:6:79:Infinity":25,"s:78:8:78:Infinity":26,"s:82:6:82:Infinity":27,"s:83:6:83:Infinity":28,"s:85:6:85:Infinity":29,"s:89:23:92:Infinity":30,"f:89:23:89:24":4,"s:90:4:90:Infinity":31,"s:91:4:91:Infinity":32,"s:94:2:234:Infinity":33,"b:108:7:108:Infinity:109:8:111:Infinity":10,"b:231:21:231:39:231:39:231:Infinity":11}}}
,"C:\\Users\\krymkovdv\\Desktop\\vscode\\project_1\\src\\Function\\Filters_agregates.jsx": {"path":"C:\\Users\\krymkovdv\\Desktop\\vscode\\project_1\\src\\Function\\Filters_agregates.jsx","statementMap":{"0":{"start":{"line":8,"column":27},"end":{"line":13,"column":null}},"1":{"start":{"line":15,"column":26},"end":{"line":18,"column":null}},"2":{"start":{"line":20,"column":36},"end":{"line":25,"column":null}},"3":{"start":{"line":27,"column":38},"end":{"line":30,"column":null}},"4":{"start":{"line":33,"column":40},"end":{"line":33,"column":null}},"5":{"start":{"line":34,"column":44},"end":{"line":34,"column":null}},"6":{"start":{"line":36,"column":18},"end":{"line":36,"column":null}},"7":{"start":{"line":36,"column":51},"end":{"line":36,"column":80}},"8":{"start":{"line":38,"column":16},"end":{"line":38,"column":null}},"9":{"start":{"line":40,"column":28},"end":{"line":50,"column":null}},"10":{"start":{"line":41,"column":19},"end":{"line":43,"column":null}},"11":{"start":{"line":42,"column":35},"end":{"line":42,"column":44}},"12":{"start":{"line":45,"column":4},"end":{"line":45,"column":null}},"13":{"start":{"line":47,"column":4},"end":{"line":49,"column":null}},"14":{"start":{"line":48,"column":6},"end":{"line":48,"column":null}},"15":{"start":{"line":52,"column":26},"end":{"line":52,"column":null}},"16":{"start":{"line":52,"column":48},"end":{"line":52,"column":81}},"17":{"start":{"line":54,"column":29},"end":{"line":65,"column":null}},"18":{"start":{"line":55,"column":22},"end":{"line":58,"column":null}},"19":{"start":{"line":59,"column":4},"end":{"line":59,"column":null}},"20":{"start":{"line":61,"column":4},"end":{"line":64,"column":null}},"21":{"start":{"line":62,"column":28},"end":{"line":62,"column":null}},"22":{"start":{"line":62,"column":65},"end":{"line":62,"column":79}},"23":{"start":{"line":63,"column":6},"end":{"line":63,"column":null}},"24":{"start":{"line":66,"column":30},"end":{"line":77,"column":null}},"25":{"start":{"line":67,"column":23},"end":{"line":70,"column":null}},"26":{"start":{"line":71,"column":4},"end":{"line":71,"column":null}},"27":{"start":{"line":73,"column":4},"end":{"line":76,"column":null}},"28":{"start":{"line":74,"column":29},"end":{"line":74,"column":null}},"29":{"start":{"line":74,"column":67},"end":{"line":74,"column":82}},"30":{"start":{"line":75,"column":6},"end":{"line":75,"column":null}},"31":{"start":{"line":79,"column":28},"end":{"line":79,"column":null}},"32":{"start":{"line":80,"column":24},"end":{"line":80,"column":null}},"33":{"start":{"line":83,"column":22},"end":{"line":132,"column":null}},"34":{"start":{"line":85,"column":33},"end":{"line":87,"column":null}},"35":{"start":{"line":86,"column":21},"end":{"line":86,"column":37}},"36":{"start":{"line":87,"column":18},"end":{"line":87,"column":39}},"37":{"start":{"line":89,"column":32},"end":{"line":91,"column":null}},"38":{"start":{"line":90,"column":21},"end":{"line":90,"column":38}},"39":{"start":{"line":91,"column":18},"end":{"line":91,"column":38}},"40":{"start":{"line":95,"column":21},"end":{"line":98,"column":null}},"41":{"start":{"line":100,"column":4},"end":{"line":131,"column":null}},"42":{"start":{"line":101,"column":6},"end":{"line":101,"column":null}},"43":{"start":{"line":102,"column":6},"end":{"line":102,"column":null}},"44":{"start":{"line":104,"column":22},"end":{"line":107,"column":null}},"45":{"start":{"line":109,"column":6},"end":{"line":111,"column":null}},"46":{"start":{"line":110,"column":8},"end":{"line":110,"column":null}},"47":{"start":{"line":114,"column":23},"end":{"line":118,"column":null}},"48":{"start":{"line":119,"column":6},"end":{"line":121,"column":null}},"49":{"start":{"line":120,"column":8},"end":{"line":120,"column":null}},"50":{"start":{"line":123,"column":19},"end":{"line":123,"column":null}},"51":{"start":{"line":124,"column":6},"end":{"line":124,"column":null}},"52":{"start":{"line":126,"column":6},"end":{"line":126,"column":null}},"53":{"start":{"line":127,"column":6},"end":{"line":127,"column":null}},"54":{"start":{"line":128,"column":6},"end":{"line":128,"column":null}},"55":{"start":{"line":130,"column":6},"end":{"line":130,"column":null}},"56":{"start":{"line":135,"column":2},"end":{"line":139,"column":null}},"57":{"start":{"line":137,"column":4},"end":{"line":137,"column":null}},"58":{"start":{"line":141,"column":2},"end":{"line":248,"column":null}},"59":{"start":{"line":150,"column":30},"end":{"line":150,"column":null}},"60":{"start":{"line":159,"column":30},"end":{"line":159,"column":null}},"61":{"start":{"line":168,"column":30},"end":{"line":168,"column":null}},"62":{"start":{"line":177,"column":30},"end":{"line":177,"column":null}},"63":{"start":{"line":194,"column":30},"end":{"line":194,"column":null}},"64":{"start":{"line":204,"column":30},"end":{"line":204,"column":null}},"65":{"start":{"line":220,"column":34},"end":{"line":220,"column":null}},"66":{"start":{"line":221,"column":35},"end":{"line":221,"column":null}},"67":{"start":{"line":228,"column":12},"end":{"line":233,"column":null}},"68":{"start":{"line":234,"column":12},"end":{"line":237,"column":null}},"69":{"start":{"line":238,"column":12},"end":{"line":238,"column":null}},"70":{"start":{"line":241,"column":12},"end":{"line":241,"column":null}},"71":{"start":{"line":241,"column":32},"end":{"line":241,"column":null}},"72":{"start":{"line":242,"column":12},"end":{"line":242,"column":null}},"73":{"start":{"line":242,"column":33},"end":{"line":242,"column":null}},"74":{"start":{"line":243,"column":12},"end":{"line":243,"column":null}},"75":{"start":{"line":243,"column":31},"end":{"line":243,"column":null}}},"fnMap":{"0":{"name":"Filters","decl":{"start":{"line":6,"column":16},"end":{"line":6,"column":25}},"loc":{"start":{"line":6,"column":75},"end":{"line":249,"column":null}},"line":6},"1":{"name":"(anonymous_1)","decl":{"start":{"line":36,"column":42},"end":{"line":36,"column":51}},"loc":{"start":{"line":36,"column":51},"end":{"line":36,"column":80}},"line":36},"2":{"name":"(anonymous_2)","decl":{"start":{"line":40,"column":28},"end":{"line":40,"column":29}},"loc":{"start":{"line":40,"column":49},"end":{"line":50,"column":null}},"line":40},"3":{"name":"(anonymous_3)","decl":{"start":{"line":42,"column":28},"end":{"line":42,"column":35}},"loc":{"start":{"line":42,"column":35},"end":{"line":42,"column":44}},"line":42},"4":{"name":"(anonymous_4)","decl":{"start":{"line":52,"column":41},"end":{"line":52,"column":48}},"loc":{"start":{"line":52,"column":48},"end":{"line":52,"column":81}},"line":52},"5":{"name":"(anonymous_5)","decl":{"start":{"line":54,"column":29},"end":{"line":54,"column":30}},"loc":{"start":{"line":54,"column":45},"end":{"line":65,"column":null}},"line":54},"6":{"name":"(anonymous_6)","decl":{"start":{"line":62,"column":58},"end":{"line":62,"column":65}},"loc":{"start":{"line":62,"column":65},"end":{"line":62,"column":79}},"line":62},"7":{"name":"(anonymous_7)","decl":{"start":{"line":66,"column":30},"end":{"line":66,"column":31}},"loc":{"start":{"line":66,"column":47},"end":{"line":77,"column":null}},"line":66},"8":{"name":"(anonymous_8)","decl":{"start":{"line":74,"column":60},"end":{"line":74,"column":67}},"loc":{"start":{"line":74,"column":67},"end":{"line":74,"column":82}},"line":74},"9":{"name":"(anonymous_9)","decl":{"start":{"line":83,"column":22},"end":{"line":83,"column":34}},"loc":{"start":{"line":83,"column":34},"end":{"line":132,"column":null}},"line":83},"10":{"name":"(anonymous_10)","decl":{"start":{"line":86,"column":14},"end":{"line":86,"column":21}},"loc":{"start":{"line":86,"column":21},"end":{"line":86,"column":37}},"line":86},"11":{"name":"(anonymous_11)","decl":{"start":{"line":87,"column":11},"end":{"line":87,"column":18}},"loc":{"start":{"line":87,"column":18},"end":{"line":87,"column":39}},"line":87},"12":{"name":"(anonymous_12)","decl":{"start":{"line":90,"column":14},"end":{"line":90,"column":21}},"loc":{"start":{"line":90,"column":21},"end":{"line":90,"column":38}},"line":90},"13":{"name":"(anonymous_13)","decl":{"start":{"line":91,"column":11},"end":{"line":91,"column":18}},"loc":{"start":{"line":91,"column":18},"end":{"line":91,"column":38}},"line":91},"14":{"name":"(anonymous_14)","decl":{"start":{"line":135,"column":12},"end":{"line":135,"column":18}},"loc":{"start":{"line":135,"column":18},"end":{"line":139,"column":5}},"line":135},"15":{"name":"(anonymous_15)","decl":{"start":{"line":150,"column":24},"end":{"line":150,"column":30}},"loc":{"start":{"line":150,"column":30},"end":{"line":150,"column":null}},"line":150},"16":{"name":"(anonymous_16)","decl":{"start":{"line":159,"column":24},"end":{"line":159,"column":30}},"loc":{"start":{"line":159,"column":30},"end":{"line":159,"column":null}},"line":159},"17":{"name":"(anonymous_17)","decl":{"start":{"line":168,"column":24},"end":{"line":168,"column":30}},"loc":{"start":{"line":168,"column":30},"end":{"line":168,"column":null}},"line":168},"18":{"name":"(anonymous_18)","decl":{"start":{"line":177,"column":24},"end":{"line":177,"column":30}},"loc":{"start":{"line":177,"column":30},"end":{"line":177,"column":null}},"line":177},"19":{"name":"(anonymous_19)","decl":{"start":{"line":194,"column":24},"end":{"line":194,"column":30}},"loc":{"start":{"line":194,"column":30},"end":{"line":194,"column":null}},"line":194},"20":{"name":"(anonymous_20)","decl":{"start":{"line":204,"column":24},"end":{"line":204,"column":30}},"loc":{"start":{"line":204,"column":30},"end":{"line":204,"column":null}},"line":204},"21":{"name":"(anonymous_21)","decl":{"start":{"line":220,"column":23},"end":{"line":220,"column":24}},"loc":{"start":{"line":220,"column":34},"end":{"line":220,"column":null}},"line":220},"22":{"name":"(anonymous_22)","decl":{"start":{"line":221,"column":24},"end":{"line":221,"column":25}},"loc":{"start":{"line":221,"column":35},"end":{"line":221,"column":null}},"line":221},"23":{"name":"(anonymous_23)","decl":{"start":{"line":227,"column":19},"end":{"line":227,"column":25}},"loc":{"start":{"line":227,"column":25},"end":{"line":244,"column":null}},"line":227}},"branchMap":{"0":{"loc":{"start":{"line":41,"column":19},"end":{"line":43,"column":null}},"type":"cond-expr","locations":[{"start":{"line":42,"column":8},"end":{"line":42,"column":null}},{"start":{"line":43,"column":8},"end":{"line":43,"column":null}}],"line":41},"1":{"loc":{"start":{"line":47,"column":4},"end":{"line":49,"column":null}},"type":"if","locations":[{"start":{"line":47,"column":4},"end":{"line":49,"column":null}},{"start":{},"end":{}}],"line":47},"2":{"loc":{"start":{"line":61,"column":4},"end":{"line":64,"column":null}},"type":"if","locations":[{"start":{"line":61,"column":4},"end":{"line":64,"column":null}},{"start":{},"end":{}}],"line":61},"3":{"loc":{"start":{"line":73,"column":4},"end":{"line":76,"column":null}},"type":"if","locations":[{"start":{"line":73,"column":4},"end":{"line":76,"column":null}},{"start":{},"end":{}}],"line":73},"4":{"loc":{"start":{"line":96,"column":18},"end":{"line":96,"column":null}},"type":"cond-expr","locations":[{"start":{"line":96,"column":52},"end":{"line":96,"column":74}},{"start":{"line":96,"column":74},"end":{"line":96,"column":null}}],"line":96},"5":{"loc":{"start":{"line":97,"column":17},"end":{"line":97,"column":null}},"type":"cond-expr","locations":[{"start":{"line":97,"column":51},"end":{"line":97,"column":74}},{"start":{"line":97,"column":74},"end":{"line":97,"column":null}}],"line":97},"6":{"loc":{"start":{"line":109,"column":6},"end":{"line":111,"column":null}},"type":"if","locations":[{"start":{"line":109,"column":6},"end":{"line":111,"column":null}},{"start":{},"end":{}}],"line":109},"7":{"loc":{"start":{"line":119,"column":6},"end":{"line":121,"column":null}},"type":"if","locations":[{"start":{"line":119,"column":6},"end":{"line":121,"column":null}},{"start":{},"end":{}}],"line":119},"8":{"loc":{"start":{"line":124,"column":25},"end":{"line":124,"column":52}},"type":"binary-expr","locations":[{"start":{"line":124,"column":25},"end":{"line":124,"column":50}},{"start":{"line":124,"column":50},"end":{"line":124,"column":52}}],"line":124},"9":{"loc":{"start":{"line":218,"column":24},"end":{"line":218,"column":null}},"type":"binary-expr","locations":[{"start":{"line":218,"column":24},"end":{"line":218,"column":35}},{"start":{"line":218,"column":35},"end":{"line":218,"column":null}}],"line":218},"10":{"loc":{"start":{"line":241,"column":12},"end":{"line":241,"column":null}},"type":"if","locations":[{"start":{"line":241,"column":12},"end":{"line":241,"column":null}},{"start":{},"end":{}}],"line":241},"11":{"loc":{"start":{"line":242,"column":12},"end":{"line":242,"column":null}},"type":"if","locations":[{"start":{"line":242,"column":12},"end":{"line":242,"column":null}},{"start":{},"end":{}}],"line":242},"12":{"loc":{"start":{"line":243,"column":12},"end":{"line":243,"column":null}},"type":"if","locations":[{"start":{"line":243,"column":12},"end":{"line":243,"column":null}},{"start":{},"end":{}}],"line":243}},"s":{"0":6,"1":6,"2":6,"3":6,"4":6,"5":6,"6":6,"7":0,"8":6,"9":6,"10":0,"11":0,"12":0,"13":0,"14":0,"15":6,"16":0,"17":6,"18":1,"19":1,"20":1,"21":1,"22":4,"23":1,"24":6,"25":0,"26":0,"27":0,"28":0,"29":0,"30":0,"31":6,"32":6,"33":6,"34":3,"35":12,"36":1,"37":3,"38":6,"39":0,"40":3,"41":3,"42":3,"43":3,"44":3,"45":3,"46":3,"47":3,"48":0,"49":0,"50":0,"51":0,"52":0,"53":0,"54":0,"55":0,"56":6,"57":3,"58":6,"59":1,"60":0,"61":0,"62":0,"63":0,"64":0,"65":0,"66":0,"67":0,"68":0,"69":0,"70":0,"71":0,"72":0,"73":0,"74":0,"75":0},"f":{"0":6,"1":0,"2":0,"3":0,"4":0,"5":1,"6":4,"7":0,"8":0,"9":3,"10":12,"11":1,"12":6,"13":0,"14":3,"15":1,"16":0,"17":0,"18":0,"19":0,"20":0,"21":0,"22":0,"23":0},"b":{"0":[0,0],"1":[0,0],"2":[1,0],"3":[0,0],"4":[0,3],"5":[1,2],"6":[3,0],"7":[0,0],"8":[0,0],"9":[6,2],"10":[0,0],"11":[0,0],"12":[0,0]},"meta":{"lastBranch":13,"lastFunction":24,"lastStatement":76,"seen":{"f:6:16:6:25":0,"s:8:27:13:Infinity":0,"s:15:26:18:Infinity":1,"s:20:36:25:Infinity":2,"s:27:38:30:Infinity":3,"s:33:40:33:Infinity":4,"s:34:44:34:Infinity":5,"s:36:18:36:Infinity":6,"f:36:42:36:51":1,"s:36:51:36:80":7,"s:38:16:38:Infinity":8,"s:40:28:50:Infinity":9,"f:40:28:40:29":2,"s:41:19:43:Infinity":10,"b:42:8:42:Infinity:43:8:43:Infinity":0,"f:42:28:42:35":3,"s:42:35:42:44":11,"s:45:4:45:Infinity":12,"b:47:4:49:Infinity:undefined:undefined:undefined:undefined":1,"s:47:4:49:Infinity":13,"s:48:6:48:Infinity":14,"s:52:26:52:Infinity":15,"f:52:41:52:48":4,"s:52:48:52:81":16,"s:54:29:65:Infinity":17,"f:54:29:54:30":5,"s:55:22:58:Infinity":18,"s:59:4:59:Infinity":19,"b:61:4:64:Infinity:undefined:undefined:undefined:undefined":2,"s:61:4:64:Infinity":20,"s:62:28:62:Infinity":21,"f:62:58:62:65":6,"s:62:65:62:79":22,"s:63:6:63:Infinity":23,"s:66:30:77:Infinity":24,"f:66:30:66:31":7,"s:67:23:70:Infinity":25,"s:71:4:71:Infinity":26,"b:73:4:76:Infinity:undefined:undefined:undefined:undefined":3,"s:73:4:76:Infinity":27,"s:74:29:74:Infinity":28,"f:74:60:74:67":8,"s:74:67:74:82":29,"s:75:6:75:Infinity":30,"s:79:28:79:Infinity":31,"s:80:24:80:Infinity":32,"s:83:22:132:Infinity":33,"f:83:22:83:34":9,"s:85:33:87:Infinity":34,"f:86:14:86:21":10,"s:86:21:86:37":35,"f:87:11:87:18":11,"s:87:18:87:39":36,"s:89:32:91:Infinity":37,"f:90:14:90:21":12,"s:90:21:90:38":38,"f:91:11:91:18":13,"s:91:18:91:38":39,"s:95:21:98:Infinity":40,"b:96:52:96:74:96:74:96:Infinity":4,"b:97:51:97:74:97:74:97:Infinity":5,"s:100:4:131:Infinity":41,"s:101:6:101:Infinity":42,"s:102:6:102:Infinity":43,"s:104:22:107:Infinity":44,"b:109:6:111:Infinity:undefined:undefined:undefined:undefined":6,"s:109:6:111:Infinity":45,"s:110:8:110:Infinity":46,"s:114:23:118:Infinity":47,"b:119:6:121:Infinity:undefined:undefined:undefined:undefined":7,"s:119:6:121:Infinity":48,"s:120:8:120:Infinity":49,"s:123:19:123:Infinity":50,"s:124:6:124:Infinity":51,"b:124:25:124:50:124:50:124:52":8,"s:126:6:126:Infinity":52,"s:127:6:127:Infinity":53,"s:128:6:128:Infinity":54,"s:130:6:130:Infinity":55,"s:135:2:139:Infinity":56,"f:135:12:135:18":14,"s:137:4:137:Infinity":57,"s:141:2:248:Infinity":58,"f:150:24:150:30":15,"s:150:30:150:Infinity":59,"f:159:24:159:30":16,"s:159:30:159:Infinity":60,"f:168:24:168:30":17,"s:168:30:168:Infinity":61,"f:177:24:177:30":18,"s:177:30:177:Infinity":62,"f:194:24:194:30":19,"s:194:30:194:Infinity":63,"f:204:24:204:30":20,"s:204:30:204:Infinity":64,"b:218:24:218:35:218:35:218:Infinity":9,"f:220:23:220:24":21,"s:220:34:220:Infinity":65,"f:221:24:221:25":22,"s:221:35:221:Infinity":66,"f:227:19:227:25":23,"s:228:12:233:Infinity":67,"s:234:12:237:Infinity":68,"s:238:12:238:Infinity":69,"b:241:12:241:Infinity:undefined:undefined:undefined:undefined":10,"s:241:12:241:Infinity":70,"s:241:32:241:Infinity":71,"b:242:12:242:Infinity:undefined:undefined:undefined:undefined":11,"s:242:12:242:Infinity":72,"s:242:33:242:Infinity":73,"b:243:12:243:Infinity:undefined:undefined:undefined:undefined":12,"s:243:12:243:Infinity":74,"s:243:31:243:Infinity":75}}}
,"C:\\Users\\krymkovdv\\Desktop\\vscode\\project_1\\src\\Function\\Filters_tractors.jsx": {"path":"C:\\Users\\krymkovdv\\Desktop\\vscode\\project_1\\src\\Function\\Filters_tractors.jsx","statementMap":{"0":{"start":{"line":10,"column":17},"end":{"line":10,"column":null}},"1":{"start":{"line":12,"column":60},"end":{"line":16,"column":null}},"2":{"start":{"line":19,"column":26},"end":{"line":23,"column":null}},"3":{"start":{"line":25,"column":60},"end":{"line":30,"column":null}},"4":{"start":{"line":32,"column":23},"end":{"line":37,"column":null}},"5":{"start":{"line":39,"column":26},"end":{"line":39,"column":null}},"6":{"start":{"line":40,"column":32},"end":{"line":40,"column":null}},"7":{"start":{"line":41,"column":28},"end":{"line":41,"column":null}},"8":{"start":{"line":42,"column":33},"end":{"line":42,"column":null}},"9":{"start":{"line":44,"column":25},"end":{"line":48,"column":null}},"10":{"start":{"line":45,"column":4},"end":{"line":47,"column":null}},"11":{"start":{"line":46,"column":6},"end":{"line":46,"column":null}},"12":{"start":{"line":50,"column":25},"end":{"line":56,"column":null}},"13":{"start":{"line":51,"column":19},"end":{"line":51,"column":null}},"14":{"start":{"line":52,"column":4},"end":{"line":52,"column":null}},"15":{"start":{"line":53,"column":4},"end":{"line":55,"column":null}},"16":{"start":{"line":54,"column":6},"end":{"line":54,"column":null}},"17":{"start":{"line":59,"column":27},"end":{"line":94,"column":null}},"18":{"start":{"line":60,"column":25},"end":{"line":60,"column":null}},"19":{"start":{"line":61,"column":4},"end":{"line":61,"column":null}},"20":{"start":{"line":62,"column":4},"end":{"line":62,"column":null}},"21":{"start":{"line":65,"column":4},"end":{"line":93,"column":null}},"22":{"start":{"line":66,"column":25},"end":{"line":69,"column":null}},"23":{"start":{"line":67,"column":8},"end":{"line":67,"column":null}},"24":{"start":{"line":67,"column":19},"end":{"line":67,"column":null}},"25":{"start":{"line":68,"column":8},"end":{"line":68,"column":null}},"26":{"start":{"line":71,"column":6},"end":{"line":92,"column":null}},"27":{"start":{"line":73,"column":8},"end":{"line":77,"column":null}},"28":{"start":{"line":78,"column":6},"end":{"line":92,"column":null}},"29":{"start":{"line":80,"column":8},"end":{"line":84,"column":null}},"30":{"start":{"line":87,"column":8},"end":{"line":91,"column":null}},"31":{"start":{"line":97,"column":26},"end":{"line":107,"column":null}},"32":{"start":{"line":98,"column":4},"end":{"line":98,"column":null}},"33":{"start":{"line":99,"column":4},"end":{"line":99,"column":null}},"34":{"start":{"line":100,"column":4},"end":{"line":106,"column":null}},"35":{"start":{"line":101,"column":6},"end":{"line":105,"column":null}},"36":{"start":{"line":109,"column":24},"end":{"line":113,"column":null}},"37":{"start":{"line":110,"column":4},"end":{"line":112,"column":null}},"38":{"start":{"line":111,"column":6},"end":{"line":111,"column":null}},"39":{"start":{"line":116,"column":23},"end":{"line":142,"column":null}},"40":{"start":{"line":117,"column":2},"end":{"line":141,"column":null}},"41":{"start":{"line":144,"column":21},"end":{"line":203,"column":null}},"42":{"start":{"line":152,"column":16},"end":{"line":152,"column":null}},"43":{"start":{"line":152,"column":47},"end":{"line":152,"column":86}},"44":{"start":{"line":154,"column":2},"end":{"line":201,"column":null}},"45":{"start":{"line":171,"column":21},"end":{"line":171,"column":null}},"46":{"start":{"line":179,"column":10},"end":{"line":188,"column":null}},"47":{"start":{"line":183,"column":14},"end":{"line":183,"column":null}},"48":{"start":{"line":184,"column":14},"end":{"line":184,"column":null}},"49":{"start":{"line":206,"column":31},"end":{"line":220,"column":null}},"50":{"start":{"line":207,"column":22},"end":{"line":210,"column":null}},"51":{"start":{"line":211,"column":4},"end":{"line":211,"column":null}},"52":{"start":{"line":214,"column":4},"end":{"line":219,"column":null}},"53":{"start":{"line":215,"column":33},"end":{"line":217,"column":null}},"54":{"start":{"line":216,"column":23},"end":{"line":216,"column":37}},"55":{"start":{"line":217,"column":23},"end":{"line":217,"column":43}},"56":{"start":{"line":218,"column":6},"end":{"line":218,"column":null}},"57":{"start":{"line":224,"column":38},"end":{"line":237,"column":null}},"58":{"start":{"line":225,"column":22},"end":{"line":228,"column":null}},"59":{"start":{"line":229,"column":4},"end":{"line":229,"column":null}},"60":{"start":{"line":231,"column":4},"end":{"line":236,"column":null}},"61":{"start":{"line":232,"column":32},"end":{"line":234,"column":null}},"62":{"start":{"line":233,"column":23},"end":{"line":233,"column":37}},"63":{"start":{"line":234,"column":23},"end":{"line":234,"column":46}},"64":{"start":{"line":235,"column":6},"end":{"line":235,"column":null}},"65":{"start":{"line":239,"column":2},"end":{"line":345,"column":null}},"66":{"start":{"line":243,"column":10},"end":{"line":250,"column":null}},"67":{"start":{"line":248,"column":30},"end":{"line":248,"column":null}},"68":{"start":{"line":299,"column":28},"end":{"line":299,"column":null}},"69":{"start":{"line":308,"column":28},"end":{"line":308,"column":null}},"70":{"start":{"line":317,"column":28},"end":{"line":317,"column":null}},"71":{"start":{"line":326,"column":28},"end":{"line":326,"column":null}},"72":{"start":{"line":334,"column":25},"end":{"line":334,"column":null}},"73":{"start":{"line":340,"column":25},"end":{"line":340,"column":null}}},"fnMap":{"0":{"name":"Filters2","decl":{"start":{"line":9,"column":16},"end":{"line":9,"column":25}},"loc":{"start":{"line":9,"column":154},"end":{"line":347,"column":null}},"line":9},"1":{"name":"(anonymous_1)","decl":{"start":{"line":44,"column":25},"end":{"line":44,"column":31}},"loc":{"start":{"line":44,"column":31},"end":{"line":48,"column":null}},"line":44},"2":{"name":"(anonymous_2)","decl":{"start":{"line":50,"column":25},"end":{"line":50,"column":26}},"loc":{"start":{"line":50,"column":32},"end":{"line":56,"column":null}},"line":50},"3":{"name":"(anonymous_3)","decl":{"start":{"line":59,"column":27},"end":{"line":59,"column":28}},"loc":{"start":{"line":59,"column":38},"end":{"line":94,"column":null}},"line":59},"4":{"name":"(anonymous_4)","decl":{"start":{"line":66,"column":25},"end":{"line":66,"column":26}},"loc":{"start":{"line":66,"column":35},"end":{"line":69,"column":null}},"line":66},"5":{"name":"(anonymous_5)","decl":{"start":{"line":97,"column":26},"end":{"line":97,"column":32}},"loc":{"start":{"line":97,"column":32},"end":{"line":107,"column":null}},"line":97},"6":{"name":"(anonymous_6)","decl":{"start":{"line":109,"column":24},"end":{"line":109,"column":25}},"loc":{"start":{"line":109,"column":31},"end":{"line":113,"column":null}},"line":109},"7":{"name":"(anonymous_7)","decl":{"start":{"line":116,"column":40},"end":{"line":116,"column":41}},"loc":{"start":{"line":117,"column":2},"end":{"line":141,"column":null}},"line":117},"8":{"name":"(anonymous_8)","decl":{"start":{"line":144,"column":21},"end":{"line":144,"column":22}},"loc":{"start":{"line":151,"column":6},"end":{"line":203,"column":null}},"line":151},"9":{"name":"(anonymous_9)","decl":{"start":{"line":152,"column":43},"end":{"line":152,"column":44}},"loc":{"start":{"line":152,"column":47},"end":{"line":152,"column":86}},"line":152},"10":{"name":"(anonymous_10)","decl":{"start":{"line":171,"column":15},"end":{"line":171,"column":21}},"loc":{"start":{"line":171,"column":21},"end":{"line":171,"column":null}},"line":171},"11":{"name":"(anonymous_11)","decl":{"start":{"line":178,"column":19},"end":{"line":178,"column":20}},"loc":{"start":{"line":179,"column":10},"end":{"line":188,"column":null}},"line":179},"12":{"name":"(anonymous_12)","decl":{"start":{"line":182,"column":21},"end":{"line":182,"column":27}},"loc":{"start":{"line":182,"column":27},"end":{"line":185,"column":null}},"line":182},"13":{"name":"(anonymous_13)","decl":{"start":{"line":206,"column":31},"end":{"line":206,"column":32}},"loc":{"start":{"line":206,"column":47},"end":{"line":220,"column":null}},"line":206},"14":{"name":"(anonymous_14)","decl":{"start":{"line":216,"column":16},"end":{"line":216,"column":23}},"loc":{"start":{"line":216,"column":23},"end":{"line":216,"column":37}},"line":216},"15":{"name":"(anonymous_15)","decl":{"start":{"line":217,"column":13},"end":{"line":217,"column":23}},"loc":{"start":{"line":217,"column":23},"end":{"line":217,"column":43}},"line":217},"16":{"name":"(anonymous_16)","decl":{"start":{"line":224,"column":38},"end":{"line":224,"column":39}},"loc":{"start":{"line":224,"column":54},"end":{"line":237,"column":null}},"line":224},"17":{"name":"(anonymous_17)","decl":{"start":{"line":233,"column":16},"end":{"line":233,"column":23}},"loc":{"start":{"line":233,"column":23},"end":{"line":233,"column":37}},"line":233},"18":{"name":"(anonymous_18)","decl":{"start":{"line":234,"column":13},"end":{"line":234,"column":23}},"loc":{"start":{"line":234,"column":23},"end":{"line":234,"column":46}},"line":234},"19":{"name":"(anonymous_19)","decl":{"start":{"line":242,"column":20},"end":{"line":242,"column":null}},"loc":{"start":{"line":243,"column":10},"end":{"line":250,"column":null}},"line":243},"20":{"name":"(anonymous_20)","decl":{"start":{"line":248,"column":24},"end":{"line":248,"column":30}},"loc":{"start":{"line":248,"column":30},"end":{"line":248,"column":null}},"line":248},"21":{"name":"(anonymous_21)","decl":{"start":{"line":299,"column":22},"end":{"line":299,"column":28}},"loc":{"start":{"line":299,"column":28},"end":{"line":299,"column":null}},"line":299},"22":{"name":"(anonymous_22)","decl":{"start":{"line":308,"column":22},"end":{"line":308,"column":28}},"loc":{"start":{"line":308,"column":28},"end":{"line":308,"column":null}},"line":308},"23":{"name":"(anonymous_23)","decl":{"start":{"line":317,"column":22},"end":{"line":317,"column":28}},"loc":{"start":{"line":317,"column":28},"end":{"line":317,"column":null}},"line":317},"24":{"name":"(anonymous_24)","decl":{"start":{"line":326,"column":22},"end":{"line":326,"column":28}},"loc":{"start":{"line":326,"column":28},"end":{"line":326,"column":null}},"line":326},"25":{"name":"(anonymous_25)","decl":{"start":{"line":334,"column":19},"end":{"line":334,"column":25}},"loc":{"start":{"line":334,"column":25},"end":{"line":334,"column":null}},"line":334},"26":{"name":"(anonymous_26)","decl":{"start":{"line":340,"column":19},"end":{"line":340,"column":25}},"loc":{"start":{"line":340,"column":25},"end":{"line":340,"column":null}},"line":340}},"branchMap":{"0":{"loc":{"start":{"line":45,"column":4},"end":{"line":47,"column":null}},"type":"if","locations":[{"start":{"line":45,"column":4},"end":{"line":47,"column":null}},{"start":{},"end":{}}],"line":45},"1":{"loc":{"start":{"line":45,"column":8},"end":{"line":45,"column":64}},"type":"binary-expr","locations":[{"start":{"line":45,"column":8},"end":{"line":45,"column":26}},{"start":{"line":45,"column":26},"end":{"line":45,"column":64}}],"line":45},"2":{"loc":{"start":{"line":53,"column":4},"end":{"line":55,"column":null}},"type":"if","locations":[{"start":{"line":53,"column":4},"end":{"line":55,"column":null}},{"start":{},"end":{}}],"line":53},"3":{"loc":{"start":{"line":53,"column":8},"end":{"line":53,"column":64}},"type":"binary-expr","locations":[{"start":{"line":53,"column":8},"end":{"line":53,"column":26}},{"start":{"line":53,"column":26},"end":{"line":53,"column":64}}],"line":53},"4":{"loc":{"start":{"line":65,"column":4},"end":{"line":93,"column":null}},"type":"if","locations":[{"start":{"line":65,"column":4},"end":{"line":93,"column":null}},{"start":{},"end":{}}],"line":65},"5":{"loc":{"start":{"line":67,"column":8},"end":{"line":67,"column":null}},"type":"if","locations":[{"start":{"line":67,"column":8},"end":{"line":67,"column":null}},{"start":{},"end":{}}],"line":67},"6":{"loc":{"start":{"line":71,"column":6},"end":{"line":92,"column":null}},"type":"if","locations":[{"start":{"line":71,"column":6},"end":{"line":92,"column":null}},{"start":{"line":78,"column":6},"end":{"line":92,"column":null}}],"line":71},"7":{"loc":{"start":{"line":71,"column":10},"end":{"line":71,"column":25}},"type":"binary-expr","locations":[{"start":{"line":71,"column":10},"end":{"line":71,"column":19}},{"start":{"line":71,"column":19},"end":{"line":71,"column":25}}],"line":71},"8":{"loc":{"start":{"line":78,"column":6},"end":{"line":92,"column":null}},"type":"if","locations":[{"start":{"line":78,"column":6},"end":{"line":92,"column":null}},{"start":{"line":85,"column":13},"end":{"line":92,"column":null}}],"line":78},"9":{"loc":{"start":{"line":78,"column":17},"end":{"line":78,"column":31}},"type":"binary-expr","locations":[{"start":{"line":78,"column":17},"end":{"line":78,"column":26}},{"start":{"line":78,"column":26},"end":{"line":78,"column":31}}],"line":78},"10":{"loc":{"start":{"line":100,"column":4},"end":{"line":106,"column":null}},"type":"if","locations":[{"start":{"line":100,"column":4},"end":{"line":106,"column":null}},{"start":{},"end":{}}],"line":100},"11":{"loc":{"start":{"line":110,"column":4},"end":{"line":112,"column":null}},"type":"if","locations":[{"start":{"line":110,"column":4},"end":{"line":112,"column":null}},{"start":{},"end":{}}],"line":110},"12":{"loc":{"start":{"line":122,"column":13},"end":{"line":122,"column":null}},"type":"binary-expr","locations":[{"start":{"line":122,"column":13},"end":{"line":122,"column":22}},{"start":{"line":122,"column":22},"end":{"line":122,"column":null}}],"line":122},"13":{"loc":{"start":{"line":176,"column":5},"end":{"line":190,"column":null}},"type":"binary-expr","locations":[{"start":{"line":176,"column":5},"end":{"line":176,"column":null}},{"start":{"line":177,"column":6},"end":{"line":190,"column":null}}],"line":176},"14":{"loc":{"start":{"line":181,"column":38},"end":{"line":181,"column":83}},"type":"cond-expr","locations":[{"start":{"line":181,"column":68},"end":{"line":181,"column":81}},{"start":{"line":181,"column":81},"end":{"line":181,"column":83}}],"line":181},"15":{"loc":{"start":{"line":214,"column":4},"end":{"line":219,"column":null}},"type":"if","locations":[{"start":{"line":214,"column":4},"end":{"line":219,"column":null}},{"start":{},"end":{}}],"line":214},"16":{"loc":{"start":{"line":231,"column":4},"end":{"line":236,"column":null}},"type":"if","locations":[{"start":{"line":231,"column":4},"end":{"line":236,"column":null}},{"start":{},"end":{}}],"line":231},"17":{"loc":{"start":{"line":333,"column":21},"end":{"line":333,"column":null}},"type":"cond-expr","locations":[{"start":{"line":333,"column":52},"end":{"line":333,"column":77}},{"start":{"line":333,"column":77},"end":{"line":333,"column":null}}],"line":333},"18":{"loc":{"start":{"line":339,"column":21},"end":{"line":339,"column":null}},"type":"cond-expr","locations":[{"start":{"line":339,"column":52},"end":{"line":339,"column":77}},{"start":{"line":339,"column":77},"end":{"line":339,"column":null}}],"line":339}},"s":{"0":27,"1":27,"2":27,"3":27,"4":27,"5":27,"6":27,"7":27,"8":27,"9":27,"10":2,"11":2,"12":27,"13":3,"14":3,"15":3,"16":3,"17":27,"18":3,"19":3,"20":3,"21":3,"22":3,"23":4,"24":0,"25":4,"26":3,"27":2,"28":1,"29":1,"30":0,"31":27,"32":1,"33":1,"34":1,"35":1,"36":27,"37":1,"38":1,"39":27,"40":0,"41":27,"42":0,"43":0,"44":0,"45":0,"46":0,"47":0,"48":0,"49":27,"50":3,"51":3,"52":3,"53":3,"54":12,"55":4,"56":3,"57":27,"58":3,"59":3,"60":3,"61":3,"62":9,"63":4,"64":3,"65":27,"66":81,"67":3,"68":2,"69":1,"70":0,"71":0,"72":1,"73":1},"f":{"0":27,"1":2,"2":3,"3":3,"4":4,"5":1,"6":1,"7":0,"8":0,"9":0,"10":0,"11":0,"12":0,"13":3,"14":12,"15":4,"16":3,"17":9,"18":4,"19":81,"20":3,"21":2,"22":1,"23":0,"24":0,"25":1,"26":1},"b":{"0":[2,0],"1":[2,2],"2":[3,0],"3":[3,3],"4":[3,0],"5":[0,4],"6":[2,1],"7":[3,3],"8":[1,0],"9":[1,1],"10":[1,0],"11":[1,0],"12":[0,0],"13":[0,0],"14":[0,0],"15":[3,0],"16":[3,0],"17":[1,26],"18":[1,26]},"meta":{"lastBranch":19,"lastFunction":27,"lastStatement":74,"seen":{"f:9:16:9:25":0,"s:10:17:10:Infinity":0,"s:12:60:16:Infinity":1,"s:19:26:23:Infinity":2,"s:25:60:30:Infinity":3,"s:32:23:37:Infinity":4,"s:39:26:39:Infinity":5,"s:40:32:40:Infinity":6,"s:41:28:41:Infinity":7,"s:42:33:42:Infinity":8,"s:44:25:48:Infinity":9,"f:44:25:44:31":1,"b:45:4:47:Infinity:undefined:undefined:undefined:undefined":0,"s:45:4:47:Infinity":10,"b:45:8:45:26:45:26:45:64":1,"s:46:6:46:Infinity":11,"s:50:25:56:Infinity":12,"f:50:25:50:26":2,"s:51:19:51:Infinity":13,"s:52:4:52:Infinity":14,"b:53:4:55:Infinity:undefined:undefined:undefined:undefined":2,"s:53:4:55:Infinity":15,"b:53:8:53:26:53:26:53:64":3,"s:54:6:54:Infinity":16,"s:59:27:94:Infinity":17,"f:59:27:59:28":3,"s:60:25:60:Infinity":18,"s:61:4:61:Infinity":19,"s:62:4:62:Infinity":20,"b:65:4:93:Infinity:undefined:undefined:undefined:undefined":4,"s:65:4:93:Infinity":21,"s:66:25:69:Infinity":22,"f:66:25:66:26":4,"b:67:8:67:Infinity:undefined:undefined:undefined:undefined":5,"s:67:8:67:Infinity":23,"s:67:19:67:Infinity":24,"s:68:8:68:Infinity":25,"b:71:6:92:Infinity:78:6:92:Infinity":6,"s:71:6:92:Infinity":26,"b:71:10:71:19:71:19:71:25":7,"s:73:8:77:Infinity":27,"b:78:6:92:Infinity:85:13:92:Infinity":8,"s:78:6:92:Infinity":28,"b:78:17:78:26:78:26:78:31":9,"s:80:8:84:Infinity":29,"s:87:8:91:Infinity":30,"s:97:26:107:Infinity":31,"f:97:26:97:32":5,"s:98:4:98:Infinity":32,"s:99:4:99:Infinity":33,"b:100:4:106:Infinity:undefined:undefined:undefined:undefined":10,"s:100:4:106:Infinity":34,"s:101:6:105:Infinity":35,"s:109:24:113:Infinity":36,"f:109:24:109:25":6,"b:110:4:112:Infinity:undefined:undefined:undefined:undefined":11,"s:110:4:112:Infinity":37,"s:111:6:111:Infinity":38,"s:116:23:142:Infinity":39,"f:116:40:116:41":7,"s:117:2:141:Infinity":40,"b:122:13:122:22:122:22:122:Infinity":12,"s:144:21:203:Infinity":41,"f:144:21:144:22":8,"s:152:16:152:Infinity":42,"f:152:43:152:44":9,"s:152:47:152:86":43,"s:154:2:201:Infinity":44,"f:171:15:171:21":10,"s:171:21:171:Infinity":45,"b:176:5:176:Infinity:177:6:190:Infinity":13,"f:178:19:178:20":11,"s:179:10:188:Infinity":46,"b:181:68:181:81:181:81:181:83":14,"f:182:21:182:27":12,"s:183:14:183:Infinity":47,"s:184:14:184:Infinity":48,"s:206:31:220:Infinity":49,"f:206:31:206:32":13,"s:207:22:210:Infinity":50,"s:211:4:211:Infinity":51,"b:214:4:219:Infinity:undefined:undefined:undefined:undefined":15,"s:214:4:219:Infinity":52,"s:215:33:217:Infinity":53,"f:216:16:216:23":14,"s:216:23:216:37":54,"f:217:13:217:23":15,"s:217:23:217:43":55,"s:218:6:218:Infinity":56,"s:224:38:237:Infinity":57,"f:224:38:224:39":16,"s:225:22:228:Infinity":58,"s:229:4:229:Infinity":59,"b:231:4:236:Infinity:undefined:undefined:undefined:undefined":16,"s:231:4:236:Infinity":60,"s:232:32:234:Infinity":61,"f:233:16:233:23":17,"s:233:23:233:37":62,"f:234:13:234:23":18,"s:234:23:234:46":63,"s:235:6:235:Infinity":64,"s:239:2:345:Infinity":65,"f:242:20:242:Infinity":19,"s:243:10:250:Infinity":66,"f:248:24:248:30":20,"s:248:30:248:Infinity":67,"f:299:22:299:28":21,"s:299:28:299:Infinity":68,"f:308:22:308:28":22,"s:308:28:308:Infinity":69,"f:317:22:317:28":23,"s:317:28:317:Infinity":70,"f:326:22:326:28":24,"s:326:28:326:Infinity":71,"b:333:52:333:77:333:77:333:Infinity":17,"f:334:19:334:25":25,"s:334:25:334:Infinity":72,"b:339:52:339:77:339:77:339:Infinity":18,"f:340:19:340:25":26,"s:340:25:340:Infinity":73}}}
,"C:\\Users\\krymkovdv\\Desktop\\vscode\\project_1\\src\\Function\\SearchBar.jsx": {"path":"C:\\Users\\krymkovdv\\Desktop\\vscode\\project_1\\src\\Function\\SearchBar.jsx","statementMap":{"0":{"start":{"line":5,"column":24},"end":{"line":5,"column":null}},"1":{"start":{"line":7,"column":23},"end":{"line":11,"column":null}},"2":{"start":{"line":8,"column":18},"end":{"line":8,"column":null}},"3":{"start":{"line":9,"column":4},"end":{"line":9,"column":null}},"4":{"start":{"line":10,"column":4},"end":{"line":10,"column":null}},"5":{"start":{"line":13,"column":2},"end":{"line":29,"column":null}},"6":{"start":{"line":24,"column":23},"end":{"line":24,"column":null}}},"fnMap":{"0":{"name":"SearchBar","decl":{"start":{"line":4,"column":16},"end":{"line":4,"column":26}},"loc":{"start":{"line":4,"column":40},"end":{"line":31,"column":null}},"line":4},"1":{"name":"(anonymous_1)","decl":{"start":{"line":7,"column":23},"end":{"line":7,"column":24}},"loc":{"start":{"line":7,"column":30},"end":{"line":11,"column":null}},"line":7},"2":{"name":"(anonymous_2)","decl":{"start":{"line":24,"column":17},"end":{"line":24,"column":23}},"loc":{"start":{"line":24,"column":23},"end":{"line":24,"column":null}},"line":24}},"branchMap":{},"s":{"0":7,"1":7,"2":3,"3":3,"4":3,"5":7,"6":2},"f":{"0":7,"1":3,"2":2},"b":{},"meta":{"lastBranch":0,"lastFunction":3,"lastStatement":7,"seen":{"f:4:16:4:26":0,"s:5:24:5:Infinity":0,"s:7:23:11:Infinity":1,"f:7:23:7:24":1,"s:8:18:8:Infinity":2,"s:9:4:9:Infinity":3,"s:10:4:10:Infinity":4,"s:13:2:29:Infinity":5,"f:24:17:24:23":2,"s:24:23:24:Infinity":6}}}
,"C:\\Users\\krymkovdv\\Desktop\\vscode\\project_1\\src\\Function\\TractorDetails.jsx": {"path":"C:\\Users\\krymkovdv\\Desktop\\vscode\\project_1\\src\\Function\\TractorDetails.jsx","statementMap":{"0":{"start":{"line":7,"column":28},"end":{"line":7,"column":null}},"1":{"start":{"line":8,"column":28},"end":{"line":8,"column":null}},"2":{"start":{"line":9,"column":24},"end":{"line":9,"column":null}},"3":{"start":{"line":10,"column":40},"end":{"line":10,"column":null}},"4":{"start":{"line":11,"column":34},"end":{"line":11,"column":null}},"5":{"start":{"line":12,"column":42},"end":{"line":12,"column":null}},"6":{"start":{"line":13,"column":16},"end":{"line":13,"column":null}},"7":{"start":{"line":14,"column":2},"end":{"line":67,"column":null}},"8":{"start":{"line":15,"column":32},"end":{"line":64,"column":null}},"9":{"start":{"line":16,"column":6},"end":{"line":20,"column":null}},"10":{"start":{"line":17,"column":8},"end":{"line":17,"column":null}},"11":{"start":{"line":18,"column":8},"end":{"line":18,"column":null}},"12":{"start":{"line":19,"column":8},"end":{"line":19,"column":null}},"13":{"start":{"line":22,"column":6},"end":{"line":22,"column":null}},"14":{"start":{"line":23,"column":6},"end":{"line":23,"column":null}},"15":{"start":{"line":24,"column":6},"end":{"line":63,"column":null}},"16":{"start":{"line":25,"column":8},"end":{"line":25,"column":null}},"17":{"start":{"line":27,"column":25},"end":{"line":34,"column":null}},"18":{"start":{"line":36,"column":8},"end":{"line":36,"column":null}},"19":{"start":{"line":38,"column":8},"end":{"line":40,"column":null}},"20":{"start":{"line":39,"column":10},"end":{"line":39,"column":null}},"21":{"start":{"line":42,"column":21},"end":{"line":42,"column":null}},"22":{"start":{"line":43,"column":8},"end":{"line":43,"column":null}},"23":{"start":{"line":45,"column":8},"end":{"line":57,"column":null}},"24":{"start":{"line":46,"column":10},"end":{"line":46,"column":null}},"25":{"start":{"line":47,"column":10},"end":{"line":47,"column":null}},"26":{"start":{"line":48,"column":10},"end":{"line":48,"column":null}},"27":{"start":{"line":51,"column":10},"end":{"line":51,"column":null}},"28":{"start":{"line":54,"column":32},"end":{"line":54,"column":null}},"29":{"start":{"line":54,"column":52},"end":{"line":54,"column":90}},"30":{"start":{"line":55,"column":10},"end":{"line":55,"column":null}},"31":{"start":{"line":56,"column":10},"end":{"line":56,"column":null}},"32":{"start":{"line":59,"column":8},"end":{"line":59,"column":null}},"33":{"start":{"line":60,"column":8},"end":{"line":60,"column":null}},"34":{"start":{"line":62,"column":8},"end":{"line":62,"column":null}},"35":{"start":{"line":66,"column":4},"end":{"line":66,"column":null}},"36":{"start":{"line":70,"column":2},"end":{"line":110,"column":null}},"37":{"start":{"line":71,"column":32},"end":{"line":107,"column":null}},"38":{"start":{"line":72,"column":6},"end":{"line":106,"column":null}},"39":{"start":{"line":73,"column":25},"end":{"line":79,"column":null}},"40":{"start":{"line":81,"column":8},"end":{"line":83,"column":null}},"41":{"start":{"line":82,"column":10},"end":{"line":82,"column":null}},"42":{"start":{"line":85,"column":21},"end":{"line":85,"column":null}},"43":{"start":{"line":86,"column":8},"end":{"line":86,"column":null}},"44":{"start":{"line":89,"column":29},"end":{"line":89,"column":null}},"45":{"start":{"line":90,"column":8},"end":{"line":92,"column":null}},"46":{"start":{"line":91,"column":10},"end":{"line":91,"column":null}},"47":{"start":{"line":94,"column":8},"end":{"line":94,"column":null}},"48":{"start":{"line":96,"column":8},"end":{"line":96,"column":null}},"49":{"start":{"line":98,"column":8},"end":{"line":105,"column":null}},"50":{"start":{"line":109,"column":4},"end":{"line":109,"column":null}},"51":{"start":{"line":113,"column":26},"end":{"line":119,"column":null}},"52":{"start":{"line":114,"column":4},"end":{"line":118,"column":null}},"53":{"start":{"line":115,"column":6},"end":{"line":115,"column":null}},"54":{"start":{"line":117,"column":6},"end":{"line":117,"column":null}},"55":{"start":{"line":122,"column":2},"end":{"line":133,"column":null}},"56":{"start":{"line":123,"column":31},"end":{"line":127,"column":null}},"57":{"start":{"line":124,"column":6},"end":{"line":126,"column":null}},"58":{"start":{"line":125,"column":8},"end":{"line":125,"column":null}},"59":{"start":{"line":129,"column":4},"end":{"line":129,"column":null}},"60":{"start":{"line":130,"column":4},"end":{"line":132,"column":null}},"61":{"start":{"line":131,"column":6},"end":{"line":131,"column":null}},"62":{"start":{"line":135,"column":2},"end":{"line":139,"column":null}},"63":{"start":{"line":135,"column":15},"end":{"line":139,"column":null}},"64":{"start":{"line":142,"column":2},"end":{"line":146,"column":null}},"65":{"start":{"line":142,"column":13},"end":{"line":146,"column":null}},"66":{"start":{"line":156,"column":6},"end":{"line":156,"column":null}},"67":{"start":{"line":159,"column":17},"end":{"line":163,"column":null}},"68":{"start":{"line":159,"column":46},"end":{"line":163,"column":4}},"69":{"start":{"line":166,"column":28},"end":{"line":173,"column":null}},"70":{"start":{"line":175,"column":2},"end":{"line":232,"column":null}},"71":{"start":{"line":204,"column":18},"end":{"line":221,"column":null}},"72":{"start":{"line":206,"column":35},"end":{"line":206,"column":null}}},"fnMap":{"0":{"name":"TractorDetails","decl":{"start":{"line":6,"column":16},"end":{"line":6,"column":31}},"loc":{"start":{"line":6,"column":48},"end":{"line":234,"column":null}},"line":6},"1":{"name":"(anonymous_1)","decl":{"start":{"line":14,"column":12},"end":{"line":14,"column":18}},"loc":{"start":{"line":14,"column":18},"end":{"line":67,"column":5}},"line":14},"2":{"name":"(anonymous_2)","decl":{"start":{"line":15,"column":32},"end":{"line":15,"column":44}},"loc":{"start":{"line":15,"column":44},"end":{"line":64,"column":null}},"line":15},"3":{"name":"(anonymous_3)","decl":{"start":{"line":54,"column":44},"end":{"line":54,"column":52}},"loc":{"start":{"line":54,"column":52},"end":{"line":54,"column":90}},"line":54},"4":{"name":"(anonymous_4)","decl":{"start":{"line":70,"column":12},"end":{"line":70,"column":18}},"loc":{"start":{"line":70,"column":18},"end":{"line":110,"column":5}},"line":70},"5":{"name":"(anonymous_5)","decl":{"start":{"line":71,"column":32},"end":{"line":71,"column":44}},"loc":{"start":{"line":71,"column":44},"end":{"line":107,"column":null}},"line":71},"6":{"name":"(anonymous_6)","decl":{"start":{"line":90,"column":21},"end":{"line":90,"column":29}},"loc":{"start":{"line":90,"column":29},"end":{"line":92,"column":9}},"line":90},"7":{"name":"(anonymous_7)","decl":{"start":{"line":113,"column":26},"end":{"line":113,"column":27}},"loc":{"start":{"line":113,"column":37},"end":{"line":119,"column":null}},"line":113},"8":{"name":"(anonymous_8)","decl":{"start":{"line":122,"column":12},"end":{"line":122,"column":18}},"loc":{"start":{"line":122,"column":18},"end":{"line":133,"column":5}},"line":122},"9":{"name":"(anonymous_9)","decl":{"start":{"line":123,"column":31},"end":{"line":123,"column":32}},"loc":{"start":{"line":123,"column":42},"end":{"line":127,"column":null}},"line":123},"10":{"name":"(anonymous_10)","decl":{"start":{"line":130,"column":11},"end":{"line":130,"column":17}},"loc":{"start":{"line":130,"column":17},"end":{"line":132,"column":null}},"line":130},"11":{"name":"(anonymous_11)","decl":{"start":{"line":159,"column":32},"end":{"line":159,"column":46}},"loc":{"start":{"line":159,"column":46},"end":{"line":163,"column":4}},"line":159},"12":{"name":"(anonymous_12)","decl":{"start":{"line":203,"column":39},"end":{"line":203,"column":40}},"loc":{"start":{"line":204,"column":18},"end":{"line":221,"column":null}},"line":204},"13":{"name":"(anonymous_13)","decl":{"start":{"line":206,"column":29},"end":{"line":206,"column":35}},"loc":{"start":{"line":206,"column":35},"end":{"line":206,"column":null}},"line":206}},"branchMap":{"0":{"loc":{"start":{"line":16,"column":6},"end":{"line":20,"column":null}},"type":"if","locations":[{"start":{"line":16,"column":6},"end":{"line":20,"column":null}},{"start":{},"end":{}}],"line":16},"1":{"loc":{"start":{"line":38,"column":8},"end":{"line":40,"column":null}},"type":"if","locations":[{"start":{"line":38,"column":8},"end":{"line":40,"column":null}},{"start":{},"end":{}}],"line":38},"2":{"loc":{"start":{"line":45,"column":8},"end":{"line":57,"column":null}},"type":"if","locations":[{"start":{"line":45,"column":8},"end":{"line":57,"column":null}},{"start":{"line":49,"column":15},"end":{"line":57,"column":null}}],"line":45},"3":{"loc":{"start":{"line":45,"column":12},"end":{"line":45,"column":40}},"type":"binary-expr","locations":[{"start":{"line":45,"column":12},"end":{"line":45,"column":21}},{"start":{"line":45,"column":21},"end":{"line":45,"column":40}}],"line":45},"4":{"loc":{"start":{"line":54,"column":52},"end":{"line":54,"column":90}},"type":"binary-expr","locations":[{"start":{"line":54,"column":52},"end":{"line":54,"column":75}},{"start":{"line":54,"column":75},"end":{"line":54,"column":90}}],"line":54},"5":{"loc":{"start":{"line":81,"column":8},"end":{"line":83,"column":null}},"type":"if","locations":[{"start":{"line":81,"column":8},"end":{"line":83,"column":null}},{"start":{},"end":{}}],"line":81},"6":{"loc":{"start":{"line":114,"column":4},"end":{"line":118,"column":null}},"type":"if","locations":[{"start":{"line":114,"column":4},"end":{"line":118,"column":null}},{"start":{"line":116,"column":11},"end":{"line":118,"column":null}}],"line":114},"7":{"loc":{"start":{"line":124,"column":6},"end":{"line":126,"column":null}},"type":"if","locations":[{"start":{"line":124,"column":6},"end":{"line":126,"column":null}},{"start":{},"end":{}}],"line":124},"8":{"loc":{"start":{"line":135,"column":2},"end":{"line":139,"column":null}},"type":"if","locations":[{"start":{"line":135,"column":2},"end":{"line":139,"column":null}},{"start":{},"end":{}}],"line":135},"9":{"loc":{"start":{"line":142,"column":2},"end":{"line":146,"column":null}},"type":"if","locations":[{"start":{"line":142,"column":2},"end":{"line":146,"column":null}},{"start":{},"end":{}}],"line":142},"10":{"loc":{"start":{"line":161,"column":13},"end":{"line":161,"column":null}},"type":"binary-expr","locations":[{"start":{"line":161,"column":13},"end":{"line":161,"column":47}},{"start":{"line":161,"column":47},"end":{"line":161,"column":68}},{"start":{"line":161,"column":68},"end":{"line":161,"column":null}}],"line":161},"11":{"loc":{"start":{"line":166,"column":28},"end":{"line":173,"column":null}},"type":"cond-expr","locations":[{"start":{"line":166,"column":52},"end":{"line":166,"column":61}},{"start":{"line":166,"column":61},"end":{"line":173,"column":null}}],"line":166},"12":{"loc":{"start":{"line":187,"column":18},"end":{"line":187,"column":92}},"type":"cond-expr","locations":[{"start":{"line":187,"column":34},"end":{"line":187,"column":88}},{"start":{"line":187,"column":88},"end":{"line":187,"column":92}}],"line":187},"13":{"loc":{"start":{"line":191,"column":18},"end":{"line":191,"column":32}},"type":"binary-expr","locations":[{"start":{"line":191,"column":18},"end":{"line":191,"column":28}},{"start":{"line":191,"column":28},"end":{"line":191,"column":32}}],"line":191},"14":{"loc":{"start":{"line":195,"column":18},"end":{"line":195,"column":88}},"type":"cond-expr","locations":[{"start":{"line":195,"column":34},"end":{"line":195,"column":84}},{"start":{"line":195,"column":84},"end":{"line":195,"column":88}}],"line":195},"15":{"loc":{"start":{"line":195,"column":91},"end":{"line":195,"column":106}},"type":"binary-expr","locations":[{"start":{"line":195,"column":91},"end":{"line":195,"column":102}},{"start":{"line":195,"column":102},"end":{"line":195,"column":106}}],"line":195},"16":{"loc":{"start":{"line":212,"column":23},"end":{"line":213,"column":null}},"type":"binary-expr","locations":[{"start":{"line":212,"column":23},"end":{"line":212,"column":37}},{"start":{"line":212,"column":37},"end":{"line":212,"column":null}},{"start":{"line":213,"column":24},"end":{"line":213,"column":null}}],"line":212},"17":{"loc":{"start":{"line":216,"column":21},"end":{"line":219,"column":null}},"type":"binary-expr","locations":[{"start":{"line":216,"column":21},"end":{"line":216,"column":null}},{"start":{"line":217,"column":22},"end":{"line":219,"column":null}}],"line":216},"18":{"loc":{"start":{"line":218,"column":25},"end":{"line":218,"column":null}},"type":"binary-expr","locations":[{"start":{"line":218,"column":25},"end":{"line":218,"column":54}},{"start":{"line":218,"column":54},"end":{"line":218,"column":null}}],"line":218}},"s":{"0":2,"1":2,"2":2,"3":2,"4":2,"5":2,"6":2,"7":2,"8":1,"9":1,"10":0,"11":0,"12":0,"13":1,"14":1,"15":1,"16":1,"17":1,"18":1,"19":1,"20":0,"21":0,"22":0,"23":0,"24":0,"25":0,"26":0,"27":0,"28":0,"29":0,"30":0,"31":0,"32":1,"33":1,"34":1,"35":1,"36":2,"37":1,"38":1,"39":1,"40":1,"41":0,"42":0,"43":0,"44":0,"45":0,"46":0,"47":0,"48":1,"49":1,"50":1,"51":2,"52":0,"53":0,"54":0,"55":2,"56":1,"57":0,"58":0,"59":1,"60":1,"61":1,"62":2,"63":1,"64":1,"65":1,"66":0,"67":0,"68":0,"69":0,"70":2,"71":0,"72":0},"f":{"0":2,"1":1,"2":1,"3":0,"4":1,"5":1,"6":0,"7":0,"8":1,"9":0,"10":1,"11":0,"12":0,"13":0},"b":{"0":[0,1],"1":[0,1],"2":[0,0],"3":[0,0],"4":[0,0],"5":[0,1],"6":[0,0],"7":[0,0],"8":[1,1],"9":[1,0],"10":[0,0,0],"11":[0,0],"12":[0,0],"13":[2,0],"14":[0,0],"15":[2,0],"16":[0,0,0],"17":[0,0],"18":[0,0]},"meta":{"lastBranch":19,"lastFunction":14,"lastStatement":73,"seen":{"f:6:16:6:31":0,"s:7:28:7:Infinity":0,"s:8:28:8:Infinity":1,"s:9:24:9:Infinity":2,"s:10:40:10:Infinity":3,"s:11:34:11:Infinity":4,"s:12:42:12:Infinity":5,"s:13:16:13:Infinity":6,"s:14:2:67:Infinity":7,"f:14:12:14:18":1,"s:15:32:64:Infinity":8,"f:15:32:15:44":2,"b:16:6:20:Infinity:undefined:undefined:undefined:undefined":0,"s:16:6:20:Infinity":9,"s:17:8:17:Infinity":10,"s:18:8:18:Infinity":11,"s:19:8:19:Infinity":12,"s:22:6:22:Infinity":13,"s:23:6:23:Infinity":14,"s:24:6:63:Infinity":15,"s:25:8:25:Infinity":16,"s:27:25:34:Infinity":17,"s:36:8:36:Infinity":18,"b:38:8:40:Infinity:undefined:undefined:undefined:undefined":1,"s:38:8:40:Infinity":19,"s:39:10:39:Infinity":20,"s:42:21:42:Infinity":21,"s:43:8:43:Infinity":22,"b:45:8:57:Infinity:49:15:57:Infinity":2,"s:45:8:57:Infinity":23,"b:45:12:45:21:45:21:45:40":3,"s:46:10:46:Infinity":24,"s:47:10:47:Infinity":25,"s:48:10:48:Infinity":26,"s:51:10:51:Infinity":27,"s:54:32:54:Infinity":28,"f:54:44:54:52":3,"s:54:52:54:90":29,"b:54:52:54:75:54:75:54:90":4,"s:55:10:55:Infinity":30,"s:56:10:56:Infinity":31,"s:59:8:59:Infinity":32,"s:60:8:60:Infinity":33,"s:62:8:62:Infinity":34,"s:66:4:66:Infinity":35,"s:70:2:110:Infinity":36,"f:70:12:70:18":4,"s:71:32:107:Infinity":37,"f:71:32:71:44":5,"s:72:6:106:Infinity":38,"s:73:25:79:Infinity":39,"b:81:8:83:Infinity:undefined:undefined:undefined:undefined":5,"s:81:8:83:Infinity":40,"s:82:10:82:Infinity":41,"s:85:21:85:Infinity":42,"s:86:8:86:Infinity":43,"s:89:29:89:Infinity":44,"s:90:8:92:Infinity":45,"f:90:21:90:29":6,"s:91:10:91:Infinity":46,"s:94:8:94:Infinity":47,"s:96:8:96:Infinity":48,"s:98:8:105:Infinity":49,"s:109:4:109:Infinity":50,"s:113:26:119:Infinity":51,"f:113:26:113:27":7,"b:114:4:118:Infinity:116:11:118:Infinity":6,"s:114:4:118:Infinity":52,"s:115:6:115:Infinity":53,"s:117:6:117:Infinity":54,"s:122:2:133:Infinity":55,"f:122:12:122:18":8,"s:123:31:127:Infinity":56,"f:123:31:123:32":9,"b:124:6:126:Infinity:undefined:undefined:undefined:undefined":7,"s:124:6:126:Infinity":57,"s:125:8:125:Infinity":58,"s:129:4:129:Infinity":59,"s:130:4:132:Infinity":60,"f:130:11:130:17":10,"s:131:6:131:Infinity":61,"b:135:2:139:Infinity:undefined:undefined:undefined:undefined":8,"s:135:2:139:Infinity":62,"s:135:15:139:Infinity":63,"b:142:2:146:Infinity:undefined:undefined:undefined:undefined":9,"s:142:2:146:Infinity":64,"s:142:13:146:Infinity":65,"s:156:6:156:Infinity":66,"s:159:17:163:Infinity":67,"f:159:32:159:46":11,"s:159:46:163:4":68,"b:161:13:161:47:161:47:161:68:161:68:161:Infinity":10,"s:166:28:173:Infinity":69,"b:166:52:166:61:166:61:173:Infinity":11,"s:175:2:232:Infinity":70,"b:187:34:187:88:187:88:187:92":12,"b:191:18:191:28:191:28:191:32":13,"b:195:34:195:84:195:84:195:88":14,"b:195:91:195:102:195:102:195:106":15,"f:203:39:203:40":12,"s:204:18:221:Infinity":71,"f:206:29:206:35":13,"s:206:35:206:Infinity":72,"b:212:23:212:37:212:37:212:Infinity:213:24:213:Infinity":16,"b:216:21:216:Infinity:217:22:219:Infinity":17,"b:218:25:218:54:218:54:218:Infinity":18}}}
,"C:\\Users\\krymkovdv\\Desktop\\vscode\\project_1\\src\\Function\\TractorTable.jsx": {"path":"C:\\Users\\krymkovdv\\Desktop\\vscode\\project_1\\src\\Function\\TractorTable.jsx","statementMap":{"0":{"start":{"line":10,"column":23},"end":{"line":25,"column":null}},"1":{"start":{"line":11,"column":2},"end":{"line":11,"column":null}},"2":{"start":{"line":11,"column":19},"end":{"line":11,"column":null}},"3":{"start":{"line":13,"column":2},"end":{"line":24,"column":null}},"4":{"start":{"line":14,"column":17},"end":{"line":14,"column":null}},"5":{"start":{"line":15,"column":4},"end":{"line":21,"column":null}},"6":{"start":{"line":23,"column":4},"end":{"line":23,"column":null}},"7":{"start":{"line":28,"column":22},"end":{"line":70,"column":null}},"8":{"start":{"line":29,"column":18},"end":{"line":29,"column":null}},"9":{"start":{"line":31,"column":2},"end":{"line":66,"column":null}},"10":{"start":{"line":32,"column":16},"end":{"line":32,"column":null}},"11":{"start":{"line":33,"column":4},"end":{"line":45,"column":null}},"12":{"start":{"line":35,"column":98},"end":{"line":35,"column":null}},"13":{"start":{"line":36,"column":6},"end":{"line":44,"column":null}},"14":{"start":{"line":47,"column":17},"end":{"line":47,"column":null}},"15":{"start":{"line":48,"column":20},"end":{"line":48,"column":null}},"16":{"start":{"line":50,"column":4},"end":{"line":64,"column":null}},"17":{"start":{"line":51,"column":6},"end":{"line":51,"column":null}},"18":{"start":{"line":52,"column":4},"end":{"line":64,"column":null}},"19":{"start":{"line":53,"column":6},"end":{"line":53,"column":null}},"20":{"start":{"line":54,"column":4},"end":{"line":64,"column":null}},"21":{"start":{"line":55,"column":6},"end":{"line":55,"column":null}},"22":{"start":{"line":56,"column":4},"end":{"line":64,"column":null}},"23":{"start":{"line":57,"column":6},"end":{"line":57,"column":null}},"24":{"start":{"line":58,"column":4},"end":{"line":64,"column":null}},"25":{"start":{"line":59,"column":6},"end":{"line":59,"column":null}},"26":{"start":{"line":60,"column":4},"end":{"line":64,"column":null}},"27":{"start":{"line":61,"column":6},"end":{"line":61,"column":null}},"28":{"start":{"line":62,"column":4},"end":{"line":64,"column":null}},"29":{"start":{"line":63,"column":6},"end":{"line":63,"column":null}},"30":{"start":{"line":67,"column":2},"end":{"line":67,"column":null}},"31":{"start":{"line":69,"column":2},"end":{"line":69,"column":null}},"32":{"start":{"line":74,"column":30},"end":{"line":74,"column":null}},"33":{"start":{"line":75,"column":28},"end":{"line":75,"column":null}},"34":{"start":{"line":76,"column":24},"end":{"line":76,"column":null}},"35":{"start":{"line":77,"column":44},"end":{"line":77,"column":null}},"36":{"start":{"line":80,"column":8},"end":{"line":80,"column":null}},"37":{"start":{"line":82,"column":16},"end":{"line":82,"column":null}},"38":{"start":{"line":86,"column":22},"end":{"line":143,"column":null}},"39":{"start":{"line":90,"column":21},"end":{"line":102,"column":null}},"40":{"start":{"line":111,"column":4},"end":{"line":124,"column":null}},"41":{"start":{"line":112,"column":55},"end":{"line":112,"column":null}},"42":{"start":{"line":114,"column":8},"end":{"line":123,"column":null}},"43":{"start":{"line":116,"column":12},"end":{"line":116,"column":null}},"44":{"start":{"line":117,"column":12},"end":{"line":117,"column":null}},"45":{"start":{"line":118,"column":8},"end":{"line":123,"column":null}},"46":{"start":{"line":120,"column":12},"end":{"line":120,"column":null}},"47":{"start":{"line":121,"column":12},"end":{"line":121,"column":null}},"48":{"start":{"line":122,"column":12},"end":{"line":122,"column":null}},"49":{"start":{"line":126,"column":4},"end":{"line":130,"column":null}},"50":{"start":{"line":127,"column":6},"end":{"line":127,"column":null}},"51":{"start":{"line":128,"column":4},"end":{"line":130,"column":null}},"52":{"start":{"line":129,"column":6},"end":{"line":129,"column":null}},"53":{"start":{"line":138,"column":5},"end":{"line":138,"column":null}},"54":{"start":{"line":139,"column":4},"end":{"line":139,"column":null}},"55":{"start":{"line":140,"column":4},"end":{"line":140,"column":null}},"56":{"start":{"line":142,"column":4},"end":{"line":142,"column":null}},"57":{"start":{"line":220,"column":3},"end":{"line":277,"column":null}},"58":{"start":{"line":221,"column":26},"end":{"line":274,"column":null}},"59":{"start":{"line":222,"column":6},"end":{"line":226,"column":null}},"60":{"start":{"line":223,"column":8},"end":{"line":223,"column":null}},"61":{"start":{"line":224,"column":8},"end":{"line":224,"column":null}},"62":{"start":{"line":225,"column":8},"end":{"line":225,"column":null}},"63":{"start":{"line":228,"column":23},"end":{"line":228,"column":null}},"64":{"start":{"line":230,"column":6},"end":{"line":273,"column":null}},"65":{"start":{"line":231,"column":8},"end":{"line":231,"column":null}},"66":{"start":{"line":234,"column":25},"end":{"line":242,"column":null}},"67":{"start":{"line":244,"column":8},"end":{"line":244,"column":null}},"68":{"start":{"line":245,"column":21},"end":{"line":245,"column":null}},"69":{"start":{"line":246,"column":8},"end":{"line":246,"column":null}},"70":{"start":{"line":248,"column":8},"end":{"line":252,"column":null}},"71":{"start":{"line":249,"column":10},"end":{"line":249,"column":null}},"72":{"start":{"line":250,"column":10},"end":{"line":250,"column":null}},"73":{"start":{"line":251,"column":10},"end":{"line":251,"column":null}},"74":{"start":{"line":254,"column":8},"end":{"line":256,"column":null}},"75":{"start":{"line":255,"column":10},"end":{"line":255,"column":null}},"76":{"start":{"line":258,"column":8},"end":{"line":266,"column":null}},"77":{"start":{"line":259,"column":26},"end":{"line":259,"column":null}},"78":{"start":{"line":260,"column":10},"end":{"line":260,"column":null}},"79":{"start":{"line":261,"column":8},"end":{"line":266,"column":null}},"80":{"start":{"line":262,"column":26},"end":{"line":262,"column":null}},"81":{"start":{"line":263,"column":10},"end":{"line":263,"column":null}},"82":{"start":{"line":265,"column":10},"end":{"line":265,"column":null}},"83":{"start":{"line":269,"column":8},"end":{"line":269,"column":null}},"84":{"start":{"line":270,"column":8},"end":{"line":270,"column":null}},"85":{"start":{"line":272,"column":8},"end":{"line":272,"column":null}},"86":{"start":{"line":276,"column":4},"end":{"line":276,"column":null}},"87":{"start":{"line":280,"column":25},"end":{"line":283,"column":null}},"88":{"start":{"line":281,"column":4},"end":{"line":281,"column":null}},"89":{"start":{"line":282,"column":4},"end":{"line":282,"column":null}},"90":{"start":{"line":286,"column":2},"end":{"line":288,"column":null}},"91":{"start":{"line":287,"column":4},"end":{"line":287,"column":null}},"92":{"start":{"line":287,"column":63},"end":{"line":287,"column":89}},"93":{"start":{"line":290,"column":2},"end":{"line":297,"column":null}},"94":{"start":{"line":291,"column":4},"end":{"line":295,"column":null}},"95":{"start":{"line":299,"column":2},"end":{"line":311,"column":null}},"96":{"start":{"line":300,"column":4},"end":{"line":309,"column":null}},"97":{"start":{"line":304,"column":25},"end":{"line":304,"column":null}},"98":{"start":{"line":313,"column":2},"end":{"line":372,"column":null}},"99":{"start":{"line":341,"column":24},"end":{"line":341,"column":null}},"100":{"start":{"line":342,"column":24},"end":{"line":342,"column":null}},"101":{"start":{"line":343,"column":18},"end":{"line":343,"column":null}},"102":{"start":{"line":346,"column":16},"end":{"line":366,"column":null}},"103":{"start":{"line":348,"column":33},"end":{"line":348,"column":null}}},"fnMap":{"0":{"name":"(anonymous_0)","decl":{"start":{"line":10,"column":23},"end":{"line":10,"column":24}},"loc":{"start":{"line":10,"column":39},"end":{"line":25,"column":null}},"line":10},"1":{"name":"(anonymous_1)","decl":{"start":{"line":28,"column":22},"end":{"line":28,"column":23}},"loc":{"start":{"line":28,"column":32},"end":{"line":70,"column":null}},"line":28},"2":{"name":"(anonymous_2)","decl":{"start":{"line":31,"column":15},"end":{"line":31,"column":23}},"loc":{"start":{"line":31,"column":23},"end":{"line":66,"column":3}},"line":31},"3":{"name":"TractorTable","decl":{"start":{"line":73,"column":16},"end":{"line":73,"column":29}},"loc":{"start":{"line":73,"column":130},"end":{"line":374,"column":null}},"line":73},"4":{"name":"(anonymous_4)","decl":{"start":{"line":86,"column":22},"end":{"line":86,"column":28}},"loc":{"start":{"line":86,"column":28},"end":{"line":143,"column":null}},"line":86},"5":{"name":"(anonymous_5)","decl":{"start":{"line":220,"column":13},"end":{"line":220,"column":19}},"loc":{"start":{"line":220,"column":19},"end":{"line":277,"column":5}},"line":220},"6":{"name":"(anonymous_6)","decl":{"start":{"line":221,"column":26},"end":{"line":221,"column":38}},"loc":{"start":{"line":221,"column":38},"end":{"line":274,"column":null}},"line":221},"7":{"name":"(anonymous_7)","decl":{"start":{"line":280,"column":25},"end":{"line":280,"column":26}},"loc":{"start":{"line":280,"column":38},"end":{"line":283,"column":null}},"line":280},"8":{"name":"(anonymous_8)","decl":{"start":{"line":287,"column":57},"end":{"line":287,"column":63}},"loc":{"start":{"line":287,"column":63},"end":{"line":287,"column":89}},"line":287},"9":{"name":"(anonymous_9)","decl":{"start":{"line":304,"column":19},"end":{"line":304,"column":25}},"loc":{"start":{"line":304,"column":25},"end":{"line":304,"column":null}},"line":304},"10":{"name":"(anonymous_10)","decl":{"start":{"line":340,"column":22},"end":{"line":340,"column":23}},"loc":{"start":{"line":340,"column":32},"end":{"line":344,"column":17}},"line":340},"11":{"name":"(anonymous_11)","decl":{"start":{"line":345,"column":21},"end":{"line":345,"column":22}},"loc":{"start":{"line":346,"column":16},"end":{"line":366,"column":null}},"line":346},"12":{"name":"(anonymous_12)","decl":{"start":{"line":348,"column":27},"end":{"line":348,"column":33}},"loc":{"start":{"line":348,"column":33},"end":{"line":348,"column":null}},"line":348}},"branchMap":{"0":{"loc":{"start":{"line":11,"column":2},"end":{"line":11,"column":null}},"type":"if","locations":[{"start":{"line":11,"column":2},"end":{"line":11,"column":null}},{"start":{},"end":{}}],"line":11},"1":{"loc":{"start":{"line":33,"column":4},"end":{"line":45,"column":null}},"type":"if","locations":[{"start":{"line":33,"column":4},"end":{"line":45,"column":null}},{"start":{},"end":{}}],"line":33},"2":{"loc":{"start":{"line":48,"column":20},"end":{"line":48,"column":null}},"type":"binary-expr","locations":[{"start":{"line":48,"column":20},"end":{"line":48,"column":36}},{"start":{"line":48,"column":36},"end":{"line":48,"column":null}}],"line":48},"3":{"loc":{"start":{"line":50,"column":4},"end":{"line":64,"column":null}},"type":"if","locations":[{"start":{"line":50,"column":4},"end":{"line":64,"column":null}},{"start":{"line":52,"column":4},"end":{"line":64,"column":null}}],"line":50},"4":{"loc":{"start":{"line":52,"column":4},"end":{"line":64,"column":null}},"type":"if","locations":[{"start":{"line":52,"column":4},"end":{"line":64,"column":null}},{"start":{"line":54,"column":4},"end":{"line":64,"column":null}}],"line":52},"5":{"loc":{"start":{"line":54,"column":4},"end":{"line":64,"column":null}},"type":"if","locations":[{"start":{"line":54,"column":4},"end":{"line":64,"column":null}},{"start":{"line":56,"column":4},"end":{"line":64,"column":null}}],"line":54},"6":{"loc":{"start":{"line":56,"column":4},"end":{"line":64,"column":null}},"type":"if","locations":[{"start":{"line":56,"column":4},"end":{"line":64,"column":null}},{"start":{"line":58,"column":4},"end":{"line":64,"column":null}}],"line":56},"7":{"loc":{"start":{"line":58,"column":4},"end":{"line":64,"column":null}},"type":"if","locations":[{"start":{"line":58,"column":4},"end":{"line":64,"column":null}},{"start":{"line":60,"column":4},"end":{"line":64,"column":null}}],"line":58},"8":{"loc":{"start":{"line":60,"column":4},"end":{"line":64,"column":null}},"type":"if","locations":[{"start":{"line":60,"column":4},"end":{"line":64,"column":null}},{"start":{"line":62,"column":4},"end":{"line":64,"column":null}}],"line":60},"9":{"loc":{"start":{"line":62,"column":4},"end":{"line":64,"column":null}},"type":"if","locations":[{"start":{"line":62,"column":4},"end":{"line":64,"column":null}},{"start":{},"end":{}}],"line":62},"10":{"loc":{"start":{"line":91,"column":18},"end":{"line":91,"column":null}},"type":"binary-expr","locations":[{"start":{"line":91,"column":18},"end":{"line":91,"column":39}},{"start":{"line":91,"column":39},"end":{"line":91,"column":null}}],"line":91},"11":{"loc":{"start":{"line":92,"column":14},"end":{"line":92,"column":null}},"type":"binary-expr","locations":[{"start":{"line":92,"column":14},"end":{"line":92,"column":36}},{"start":{"line":92,"column":36},"end":{"line":92,"column":null}}],"line":92},"12":{"loc":{"start":{"line":100,"column":13},"end":{"line":100,"column":null}},"type":"binary-expr","locations":[{"start":{"line":100,"column":13},"end":{"line":100,"column":36}},{"start":{"line":100,"column":36},"end":{"line":100,"column":null}}],"line":100},"13":{"loc":{"start":{"line":101,"column":14},"end":{"line":101,"column":null}},"type":"binary-expr","locations":[{"start":{"line":101,"column":14},"end":{"line":101,"column":38}},{"start":{"line":101,"column":38},"end":{"line":101,"column":null}}],"line":101},"14":{"loc":{"start":{"line":111,"column":4},"end":{"line":124,"column":null}},"type":"if","locations":[{"start":{"line":111,"column":4},"end":{"line":124,"column":null}},{"start":{},"end":{}}],"line":111},"15":{"loc":{"start":{"line":114,"column":8},"end":{"line":123,"column":null}},"type":"if","locations":[{"start":{"line":114,"column":8},"end":{"line":123,"column":null}},{"start":{"line":118,"column":8},"end":{"line":123,"column":null}}],"line":114},"16":{"loc":{"start":{"line":118,"column":8},"end":{"line":123,"column":null}},"type":"if","locations":[{"start":{"line":118,"column":8},"end":{"line":123,"column":null}},{"start":{},"end":{}}],"line":118},"17":{"loc":{"start":{"line":118,"column":19},"end":{"line":118,"column":43}},"type":"binary-expr","locations":[{"start":{"line":118,"column":19},"end":{"line":118,"column":33}},{"start":{"line":118,"column":33},"end":{"line":118,"column":43}}],"line":118},"18":{"loc":{"start":{"line":120,"column":34},"end":{"line":120,"column":null}},"type":"binary-expr","locations":[{"start":{"line":120,"column":34},"end":{"line":120,"column":48}},{"start":{"line":120,"column":48},"end":{"line":120,"column":null}}],"line":120},"19":{"loc":{"start":{"line":121,"column":32},"end":{"line":121,"column":null}},"type":"binary-expr","locations":[{"start":{"line":121,"column":32},"end":{"line":121,"column":44}},{"start":{"line":121,"column":44},"end":{"line":121,"column":null}}],"line":121},"20":{"loc":{"start":{"line":126,"column":4},"end":{"line":130,"column":null}},"type":"if","locations":[{"start":{"line":126,"column":4},"end":{"line":130,"column":null}},{"start":{"line":128,"column":4},"end":{"line":130,"column":null}}],"line":126},"21":{"loc":{"start":{"line":128,"column":4},"end":{"line":130,"column":null}},"type":"if","locations":[{"start":{"line":128,"column":4},"end":{"line":130,"column":null}},{"start":{},"end":{}}],"line":128},"22":{"loc":{"start":{"line":222,"column":6},"end":{"line":226,"column":null}},"type":"if","locations":[{"start":{"line":222,"column":6},"end":{"line":226,"column":null}},{"start":{},"end":{}}],"line":222},"23":{"loc":{"start":{"line":248,"column":8},"end":{"line":252,"column":null}},"type":"if","locations":[{"start":{"line":248,"column":8},"end":{"line":252,"column":null}},{"start":{},"end":{}}],"line":248},"24":{"loc":{"start":{"line":248,"column":12},"end":{"line":248,"column":46}},"type":"binary-expr","locations":[{"start":{"line":248,"column":12},"end":{"line":248,"column":20}},{"start":{"line":248,"column":20},"end":{"line":248,"column":46}}],"line":248},"25":{"loc":{"start":{"line":254,"column":8},"end":{"line":256,"column":null}},"type":"if","locations":[{"start":{"line":254,"column":8},"end":{"line":256,"column":null}},{"start":{},"end":{}}],"line":254},"26":{"loc":{"start":{"line":258,"column":8},"end":{"line":266,"column":null}},"type":"if","locations":[{"start":{"line":258,"column":8},"end":{"line":266,"column":null}},{"start":{"line":261,"column":8},"end":{"line":266,"column":null}}],"line":258},"27":{"loc":{"start":{"line":258,"column":12},"end":{"line":258,"column":52}},"type":"binary-expr","locations":[{"start":{"line":258,"column":12},"end":{"line":258,"column":35}},{"start":{"line":258,"column":35},"end":{"line":258,"column":52}}],"line":258},"28":{"loc":{"start":{"line":261,"column":8},"end":{"line":266,"column":null}},"type":"if","locations":[{"start":{"line":261,"column":8},"end":{"line":266,"column":null}},{"start":{"line":264,"column":15},"end":{"line":266,"column":null}}],"line":261},"29":{"loc":{"start":{"line":261,"column":19},"end":{"line":261,"column":53}},"type":"binary-expr","locations":[{"start":{"line":261,"column":19},"end":{"line":261,"column":27}},{"start":{"line":261,"column":27},"end":{"line":261,"column":53}}],"line":261},"30":{"loc":{"start":{"line":286,"column":2},"end":{"line":288,"column":null}},"type":"if","locations":[{"start":{"line":286,"column":2},"end":{"line":288,"column":null}},{"start":{},"end":{}}],"line":286},"31":{"loc":{"start":{"line":290,"column":2},"end":{"line":297,"column":null}},"type":"if","locations":[{"start":{"line":290,"column":2},"end":{"line":297,"column":null}},{"start":{},"end":{}}],"line":290},"32":{"loc":{"start":{"line":299,"column":2},"end":{"line":311,"column":null}},"type":"if","locations":[{"start":{"line":299,"column":2},"end":{"line":311,"column":null}},{"start":{},"end":{}}],"line":299},"33":{"loc":{"start":{"line":341,"column":32},"end":{"line":341,"column":54}},"type":"binary-expr","locations":[{"start":{"line":341,"column":32},"end":{"line":341,"column":41}},{"start":{"line":341,"column":41},"end":{"line":341,"column":50}},{"start":{"line":341,"column":50},"end":{"line":341,"column":54}}],"line":341},"34":{"loc":{"start":{"line":342,"column":32},"end":{"line":342,"column":54}},"type":"binary-expr","locations":[{"start":{"line":342,"column":32},"end":{"line":342,"column":41}},{"start":{"line":342,"column":41},"end":{"line":342,"column":50}},{"start":{"line":342,"column":50},"end":{"line":342,"column":54}}],"line":342},"35":{"loc":{"start":{"line":353,"column":23},"end":{"line":353,"column":57}},"type":"binary-expr","locations":[{"start":{"line":353,"column":23},"end":{"line":353,"column":38}},{"start":{"line":353,"column":38},"end":{"line":353,"column":53}},{"start":{"line":353,"column":53},"end":{"line":353,"column":57}}],"line":353},"36":{"loc":{"start":{"line":354,"column":23},"end":{"line":354,"column":44}},"type":"binary-expr","locations":[{"start":{"line":354,"column":23},"end":{"line":354,"column":40}},{"start":{"line":354,"column":40},"end":{"line":354,"column":44}}],"line":354},"37":{"loc":{"start":{"line":355,"column":38},"end":{"line":355,"column":82}},"type":"binary-expr","locations":[{"start":{"line":355,"column":38},"end":{"line":355,"column":63}},{"start":{"line":355,"column":63},"end":{"line":355,"column":82}}],"line":355},"38":{"loc":{"start":{"line":356,"column":23},"end":{"line":356,"column":45}},"type":"binary-expr","locations":[{"start":{"line":356,"column":23},"end":{"line":356,"column":41}},{"start":{"line":356,"column":41},"end":{"line":356,"column":45}}],"line":356},"39":{"loc":{"start":{"line":357,"column":23},"end":{"line":357,"column":67}},"type":"binary-expr","locations":[{"start":{"line":357,"column":23},"end":{"line":357,"column":42}},{"start":{"line":357,"column":42},"end":{"line":357,"column":63}},{"start":{"line":357,"column":63},"end":{"line":357,"column":67}}],"line":357},"40":{"loc":{"start":{"line":358,"column":38},"end":{"line":358,"column":83}},"type":"binary-expr","locations":[{"start":{"line":358,"column":38},"end":{"line":358,"column":63}},{"start":{"line":358,"column":63},"end":{"line":358,"column":83}}],"line":358},"41":{"loc":{"start":{"line":359,"column":23},"end":{"line":359,"column":57}},"type":"binary-expr","locations":[{"start":{"line":359,"column":23},"end":{"line":359,"column":38}},{"start":{"line":359,"column":38},"end":{"line":359,"column":53}},{"start":{"line":359,"column":53},"end":{"line":359,"column":57}}],"line":359},"42":{"loc":{"start":{"line":360,"column":23},"end":{"line":360,"column":57}},"type":"binary-expr","locations":[{"start":{"line":360,"column":23},"end":{"line":360,"column":38}},{"start":{"line":360,"column":38},"end":{"line":360,"column":53}},{"start":{"line":360,"column":53},"end":{"line":360,"column":57}}],"line":360},"43":{"loc":{"start":{"line":361,"column":23},"end":{"line":361,"column":55}},"type":"binary-expr","locations":[{"start":{"line":361,"column":23},"end":{"line":361,"column":37}},{"start":{"line":361,"column":37},"end":{"line":361,"column":51}},{"start":{"line":361,"column":51},"end":{"line":361,"column":55}}],"line":361},"44":{"loc":{"start":{"line":362,"column":23},"end":{"line":362,"column":55}},"type":"binary-expr","locations":[{"start":{"line":362,"column":23},"end":{"line":362,"column":37}},{"start":{"line":362,"column":37},"end":{"line":362,"column":51}},{"start":{"line":362,"column":51},"end":{"line":362,"column":55}}],"line":362},"45":{"loc":{"start":{"line":363,"column":23},"end":{"line":363,"column":55}},"type":"binary-expr","locations":[{"start":{"line":363,"column":23},"end":{"line":363,"column":37}},{"start":{"line":363,"column":37},"end":{"line":363,"column":51}},{"start":{"line":363,"column":51},"end":{"line":363,"column":55}}],"line":363},"46":{"loc":{"start":{"line":364,"column":23},"end":{"line":364,"column":55}},"type":"binary-expr","locations":[{"start":{"line":364,"column":23},"end":{"line":364,"column":37}},{"start":{"line":364,"column":37},"end":{"line":364,"column":51}},{"start":{"line":364,"column":51},"end":{"line":364,"column":55}}],"line":364},"47":{"loc":{"start":{"line":365,"column":23},"end":{"line":365,"column":65}},"type":"binary-expr","locations":[{"start":{"line":365,"column":23},"end":{"line":365,"column":43}},{"start":{"line":365,"column":43},"end":{"line":365,"column":61}},{"start":{"line":365,"column":61},"end":{"line":365,"column":65}}],"line":365},"48":{"loc":{"start":{"line":347,"column":23},"end":{"line":347,"column":null}},"type":"binary-expr","locations":[{"start":{"line":347,"column":23},"end":{"line":347,"column":37}},{"start":{"line":347,"column":37},"end":{"line":347,"column":52}},{"start":{"line":347,"column":52},"end":{"line":347,"column":null}}],"line":347}},"s":{"0":1,"1":6,"2":2,"3":4,"4":4,"5":4,"6":0,"7":1,"8":3,"9":3,"10":5,"11":5,"12":3,"13":3,"14":5,"15":5,"16":5,"17":2,"18":3,"19":2,"20":1,"21":0,"22":1,"23":0,"24":1,"25":0,"26":1,"27":0,"28":1,"29":0,"30":3,"31":3,"32":14,"33":14,"34":14,"35":14,"36":14,"37":14,"38":14,"39":4,"40":4,"41":1,"42":1,"43":0,"44":0,"45":1,"46":1,"47":1,"48":1,"49":4,"50":1,"51":3,"52":0,"53":4,"54":4,"55":4,"56":4,"57":14,"58":5,"59":5,"60":1,"61":1,"62":1,"63":4,"64":4,"65":4,"66":4,"67":3,"68":3,"69":3,"70":3,"71":0,"72":0,"73":0,"74":3,"75":0,"76":3,"77":2,"78":2,"79":1,"80":1,"81":1,"82":0,"83":0,"84":0,"85":3,"86":5,"87":14,"88":1,"89":1,"90":14,"91":1,"92":0,"93":13,"94":4,"95":9,"96":1,"97":0,"98":8,"99":0,"100":0,"101":0,"102":3,"103":1},"f":{"0":6,"1":3,"2":5,"3":14,"4":4,"5":5,"6":5,"7":1,"8":0,"9":0,"10":0,"11":3,"12":1},"b":{"0":[2,4],"1":[3,2],"2":[5,1],"3":[2,3],"4":[2,1],"5":[0,1],"6":[0,1],"7":[0,1],"8":[0,1],"9":[0,1],"10":[4,0],"11":[4,0],"12":[4,3],"13":[4,3],"14":[1,3],"15":[0,1],"16":[1,0],"17":[1,0],"18":[1,0],"19":[1,0],"20":[1,3],"21":[0,3],"22":[1,4],"23":[0,3],"24":[3,3],"25":[0,3],"26":[2,1],"27":[3,3],"28":[1,0],"29":[1,1],"30":[1,13],"31":[4,9],"32":[1,8],"33":[0,0,0],"34":[0,0,0],"35":[3,1,1],"36":[3,1],"37":[3,1],"38":[3,1],"39":[3,1,1],"40":[3,1],"41":[3,0,0],"42":[3,0,0],"43":[3,0,0],"44":[3,0,0],"45":[3,0,0],"46":[3,0,0],"47":[3,3,3],"48":[3,3,1]},"meta":{"lastBranch":49,"lastFunction":13,"lastStatement":104,"seen":{"s:10:23:25:Infinity":0,"f:10:23:10:24":0,"b:11:2:11:Infinity:undefined:undefined:undefined:undefined":0,"s:11:2:11:Infinity":1,"s:11:19:11:Infinity":2,"s:13:2:24:Infinity":3,"s:14:17:14:Infinity":4,"s:15:4:21:Infinity":5,"s:23:4:23:Infinity":6,"s:28:22:70:Infinity":7,"f:28:22:28:23":1,"s:29:18:29:Infinity":8,"s:31:2:66:Infinity":9,"f:31:15:31:23":2,"s:32:16:32:Infinity":10,"b:33:4:45:Infinity:undefined:undefined:undefined:undefined":1,"s:33:4:45:Infinity":11,"s:35:98:35:Infinity":12,"s:36:6:44:Infinity":13,"s:47:17:47:Infinity":14,"s:48:20:48:Infinity":15,"b:48:20:48:36:48:36:48:Infinity":2,"b:50:4:64:Infinity:52:4:64:Infinity":3,"s:50:4:64:Infinity":16,"s:51:6:51:Infinity":17,"b:52:4:64:Infinity:54:4:64:Infinity":4,"s:52:4:64:Infinity":18,"s:53:6:53:Infinity":19,"b:54:4:64:Infinity:56:4:64:Infinity":5,"s:54:4:64:Infinity":20,"s:55:6:55:Infinity":21,"b:56:4:64:Infinity:58:4:64:Infinity":6,"s:56:4:64:Infinity":22,"s:57:6:57:Infinity":23,"b:58:4:64:Infinity:60:4:64:Infinity":7,"s:58:4:64:Infinity":24,"s:59:6:59:Infinity":25,"b:60:4:64:Infinity:62:4:64:Infinity":8,"s:60:4:64:Infinity":26,"s:61:6:61:Infinity":27,"b:62:4:64:Infinity:undefined:undefined:undefined:undefined":9,"s:62:4:64:Infinity":28,"s:63:6:63:Infinity":29,"s:67:2:67:Infinity":30,"s:69:2:69:Infinity":31,"f:73:16:73:29":3,"s:74:30:74:Infinity":32,"s:75:28:75:Infinity":33,"s:76:24:76:Infinity":34,"s:77:44:77:Infinity":35,"s:80:8:80:Infinity":36,"s:82:16:82:Infinity":37,"s:86:22:143:Infinity":38,"f:86:22:86:28":4,"s:90:21:102:Infinity":39,"b:91:18:91:39:91:39:91:Infinity":10,"b:92:14:92:36:92:36:92:Infinity":11,"b:100:13:100:36:100:36:100:Infinity":12,"b:101:14:101:38:101:38:101:Infinity":13,"b:111:4:124:Infinity:undefined:undefined:undefined:undefined":14,"s:111:4:124:Infinity":40,"s:112:55:112:Infinity":41,"b:114:8:123:Infinity:118:8:123:Infinity":15,"s:114:8:123:Infinity":42,"s:116:12:116:Infinity":43,"s:117:12:117:Infinity":44,"b:118:8:123:Infinity:undefined:undefined:undefined:undefined":16,"s:118:8:123:Infinity":45,"b:118:19:118:33:118:33:118:43":17,"s:120:12:120:Infinity":46,"b:120:34:120:48:120:48:120:Infinity":18,"s:121:12:121:Infinity":47,"b:121:32:121:44:121:44:121:Infinity":19,"s:122:12:122:Infinity":48,"b:126:4:130:Infinity:128:4:130:Infinity":20,"s:126:4:130:Infinity":49,"s:127:6:127:Infinity":50,"b:128:4:130:Infinity:undefined:undefined:undefined:undefined":21,"s:128:4:130:Infinity":51,"s:129:6:129:Infinity":52,"s:138:5:138:Infinity":53,"s:139:4:139:Infinity":54,"s:140:4:140:Infinity":55,"s:142:4:142:Infinity":56,"s:220:3:277:Infinity":57,"f:220:13:220:19":5,"s:221:26:274:Infinity":58,"f:221:26:221:38":6,"b:222:6:226:Infinity:undefined:undefined:undefined:undefined":22,"s:222:6:226:Infinity":59,"s:223:8:223:Infinity":60,"s:224:8:224:Infinity":61,"s:225:8:225:Infinity":62,"s:228:23:228:Infinity":63,"s:230:6:273:Infinity":64,"s:231:8:231:Infinity":65,"s:234:25:242:Infinity":66,"s:244:8:244:Infinity":67,"s:245:21:245:Infinity":68,"s:246:8:246:Infinity":69,"b:248:8:252:Infinity:undefined:undefined:undefined:undefined":23,"s:248:8:252:Infinity":70,"b:248:12:248:20:248:20:248:46":24,"s:249:10:249:Infinity":71,"s:250:10:250:Infinity":72,"s:251:10:251:Infinity":73,"b:254:8:256:Infinity:undefined:undefined:undefined:undefined":25,"s:254:8:256:Infinity":74,"s:255:10:255:Infinity":75,"b:258:8:266:Infinity:261:8:266:Infinity":26,"s:258:8:266:Infinity":76,"b:258:12:258:35:258:35:258:52":27,"s:259:26:259:Infinity":77,"s:260:10:260:Infinity":78,"b:261:8:266:Infinity:264:15:266:Infinity":28,"s:261:8:266:Infinity":79,"b:261:19:261:27:261:27:261:53":29,"s:262:26:262:Infinity":80,"s:263:10:263:Infinity":81,"s:265:10:265:Infinity":82,"s:269:8:269:Infinity":83,"s:270:8:270:Infinity":84,"s:272:8:272:Infinity":85,"s:276:4:276:Infinity":86,"s:280:25:283:Infinity":87,"f:280:25:280:26":7,"s:281:4:281:Infinity":88,"s:282:4:282:Infinity":89,"b:286:2:288:Infinity:undefined:undefined:undefined:undefined":30,"s:286:2:288:Infinity":90,"s:287:4:287:Infinity":91,"f:287:57:287:63":8,"s:287:63:287:89":92,"b:290:2:297:Infinity:undefined:undefined:undefined:undefined":31,"s:290:2:297:Infinity":93,"s:291:4:295:Infinity":94,"b:299:2:311:Infinity:undefined:undefined:undefined:undefined":32,"s:299:2:311:Infinity":95,"s:300:4:309:Infinity":96,"f:304:19:304:25":9,"s:304:25:304:Infinity":97,"s:313:2:372:Infinity":98,"f:340:22:340:23":10,"s:341:24:341:Infinity":99,"b:341:32:341:41:341:41:341:50:341:50:341:54":33,"s:342:24:342:Infinity":100,"b:342:32:342:41:342:41:342:50:342:50:342:54":34,"s:343:18:343:Infinity":101,"f:345:21:345:22":11,"s:346:16:366:Infinity":102,"f:348:27:348:33":12,"s:348:33:348:Infinity":103,"b:353:23:353:38:353:38:353:53:353:53:353:57":35,"b:354:23:354:40:354:40:354:44":36,"b:355:38:355:63:355:63:355:82":37,"b:356:23:356:41:356:41:356:45":38,"b:357:23:357:42:357:42:357:63:357:63:357:67":39,"b:358:38:358:63:358:63:358:83":40,"b:359:23:359:38:359:38:359:53:359:53:359:57":41,"b:360:23:360:38:360:38:360:53:360:53:360:57":42,"b:361:23:361:37:361:37:361:51:361:51:361:55":43,"b:362:23:362:37:362:37:362:51:362:51:362:55":44,"b:363:23:363:37:363:37:363:51:363:51:363:55":45,"b:364:23:364:37:364:37:364:51:364:51:364:55":46,"b:365:23:365:43:365:43:365:61:365:61:365:65":47,"b:347:23:347:37:347:37:347:52:347:52:347:Infinity":48}}}
,"C:\\Users\\krymkovdv\\Desktop\\vscode\\project_1\\src\\img\\Image.png": {"path":"C:\\Users\\krymkovdv\\Desktop\\vscode\\project_1\\src\\img\\Image.png","statementMap":{},"fnMap":{},"branchMap":{},"s":{},"f":{},"b":{},"meta":{"lastBranch":0,"lastFunction":0,"lastStatement":0,"seen":{}}}
}
