{"G:\\Working\\1_project\\project_1\\src\\Function\\Filters_tractors.jsx": {"path":"G:\\Working\\1_project\\project_1\\src\\Function\\Filters_tractors.jsx","statementMap":{"0":{"start":{"line":12,"column":25},"end":{"line":16,"column":null}},"1":{"start":{"line":18,"column":42},"end":{"line":18,"column":null}},"2":{"start":{"line":19,"column":60},"end":{"line":24,"column":null}},"3":{"start":{"line":26,"column":23},"end":{"line":31,"column":null}},"4":{"start":{"line":33,"column":26},"end":{"line":33,"column":null}},"5":{"start":{"line":34,"column":32},"end":{"line":34,"column":null}},"6":{"start":{"line":35,"column":28},"end":{"line":35,"column":null}},"7":{"start":{"line":36,"column":33},"end":{"line":36,"column":null}},"8":{"start":{"line":37,"column":32},"end":{"line":37,"column":null}},"9":{"start":{"line":39,"column":23},"end":{"line":43,"column":null}},"10":{"start":{"line":40,"column":4},"end":{"line":42,"column":null}},"11":{"start":{"line":41,"column":6},"end":{"line":41,"column":null}},"12":{"start":{"line":45,"column":23},"end":{"line":51,"column":null}},"13":{"start":{"line":46,"column":19},"end":{"line":46,"column":null}},"14":{"start":{"line":47,"column":4},"end":{"line":47,"column":null}},"15":{"start":{"line":48,"column":4},"end":{"line":50,"column":null}},"16":{"start":{"line":49,"column":6},"end":{"line":49,"column":null}},"17":{"start":{"line":54,"column":27},"end":{"line":89,"column":null}},"18":{"start":{"line":55,"column":25},"end":{"line":55,"column":null}},"19":{"start":{"line":56,"column":4},"end":{"line":56,"column":null}},"20":{"start":{"line":57,"column":4},"end":{"line":57,"column":null}},"21":{"start":{"line":60,"column":4},"end":{"line":88,"column":null}},"22":{"start":{"line":61,"column":25},"end":{"line":64,"column":null}},"23":{"start":{"line":62,"column":8},"end":{"line":62,"column":null}},"24":{"start":{"line":62,"column":19},"end":{"line":62,"column":null}},"25":{"start":{"line":63,"column":8},"end":{"line":63,"column":null}},"26":{"start":{"line":66,"column":6},"end":{"line":87,"column":null}},"27":{"start":{"line":68,"column":8},"end":{"line":72,"column":null}},"28":{"start":{"line":73,"column":6},"end":{"line":87,"column":null}},"29":{"start":{"line":75,"column":8},"end":{"line":79,"column":null}},"30":{"start":{"line":82,"column":8},"end":{"line":86,"column":null}},"31":{"start":{"line":92,"column":26},"end":{"line":102,"column":null}},"32":{"start":{"line":93,"column":4},"end":{"line":93,"column":null}},"33":{"start":{"line":94,"column":4},"end":{"line":94,"column":null}},"34":{"start":{"line":95,"column":4},"end":{"line":101,"column":null}},"35":{"start":{"line":96,"column":6},"end":{"line":100,"column":null}},"36":{"start":{"line":104,"column":24},"end":{"line":108,"column":null}},"37":{"start":{"line":105,"column":4},"end":{"line":107,"column":null}},"38":{"start":{"line":106,"column":6},"end":{"line":106,"column":null}},"39":{"start":{"line":111,"column":22},"end":{"line":137,"column":null}},"40":{"start":{"line":112,"column":4},"end":{"line":136,"column":null}},"41":{"start":{"line":139,"column":23},"end":{"line":198,"column":null}},"42":{"start":{"line":147,"column":18},"end":{"line":147,"column":null}},"43":{"start":{"line":147,"column":49},"end":{"line":147,"column":88}},"44":{"start":{"line":149,"column":4},"end":{"line":196,"column":null}},"45":{"start":{"line":166,"column":29},"end":{"line":166,"column":null}},"46":{"start":{"line":174,"column":18},"end":{"line":183,"column":null}},"47":{"start":{"line":178,"column":22},"end":{"line":178,"column":null}},"48":{"start":{"line":179,"column":22},"end":{"line":179,"column":null}},"49":{"start":{"line":201,"column":28},"end":{"line":211,"column":null}},"50":{"start":{"line":202,"column":19},"end":{"line":204,"column":null}},"51":{"start":{"line":203,"column":35},"end":{"line":203,"column":44}},"52":{"start":{"line":206,"column":4},"end":{"line":206,"column":null}},"53":{"start":{"line":208,"column":4},"end":{"line":210,"column":null}},"54":{"start":{"line":209,"column":6},"end":{"line":209,"column":null}},"55":{"start":{"line":213,"column":31},"end":{"line":226,"column":null}},"56":{"start":{"line":214,"column":22},"end":{"line":217,"column":null}},"57":{"start":{"line":218,"column":4},"end":{"line":218,"column":null}},"58":{"start":{"line":220,"column":4},"end":{"line":225,"column":null}},"59":{"start":{"line":221,"column":33},"end":{"line":223,"column":null}},"60":{"start":{"line":222,"column":23},"end":{"line":222,"column":37}},"61":{"start":{"line":223,"column":23},"end":{"line":223,"column":43}},"62":{"start":{"line":224,"column":6},"end":{"line":224,"column":null}},"63":{"start":{"line":228,"column":2},"end":{"line":361,"column":null}},"64":{"start":{"line":240,"column":32},"end":{"line":249,"column":null}},"65":{"start":{"line":250,"column":33},"end":{"line":258,"column":null}},"66":{"start":{"line":287,"column":25},"end":{"line":287,"column":null}},"67":{"start":{"line":290,"column":12},"end":{"line":292,"column":null}},"68":{"start":{"line":291,"column":14},"end":{"line":291,"column":null}},"69":{"start":{"line":315,"column":28},"end":{"line":315,"column":null}},"70":{"start":{"line":324,"column":28},"end":{"line":324,"column":null}},"71":{"start":{"line":333,"column":28},"end":{"line":333,"column":null}},"72":{"start":{"line":342,"column":28},"end":{"line":342,"column":null}},"73":{"start":{"line":350,"column":25},"end":{"line":350,"column":null}},"74":{"start":{"line":356,"column":25},"end":{"line":356,"column":null}}},"fnMap":{"0":{"name":"Filters2","decl":{"start":{"line":10,"column":16},"end":{"line":10,"column":25}},"loc":{"start":{"line":10,"column":154},"end":{"line":363,"column":null}},"line":10},"1":{"name":"(anonymous_1)","decl":{"start":{"line":39,"column":23},"end":{"line":39,"column":29}},"loc":{"start":{"line":39,"column":29},"end":{"line":43,"column":null}},"line":39},"2":{"name":"(anonymous_2)","decl":{"start":{"line":45,"column":23},"end":{"line":45,"column":24}},"loc":{"start":{"line":45,"column":30},"end":{"line":51,"column":null}},"line":45},"3":{"name":"(anonymous_3)","decl":{"start":{"line":54,"column":27},"end":{"line":54,"column":28}},"loc":{"start":{"line":54,"column":38},"end":{"line":89,"column":null}},"line":54},"4":{"name":"(anonymous_4)","decl":{"start":{"line":61,"column":25},"end":{"line":61,"column":26}},"loc":{"start":{"line":61,"column":35},"end":{"line":64,"column":null}},"line":61},"5":{"name":"(anonymous_5)","decl":{"start":{"line":92,"column":26},"end":{"line":92,"column":32}},"loc":{"start":{"line":92,"column":32},"end":{"line":102,"column":null}},"line":92},"6":{"name":"(anonymous_6)","decl":{"start":{"line":104,"column":24},"end":{"line":104,"column":25}},"loc":{"start":{"line":104,"column":31},"end":{"line":108,"column":null}},"line":104},"7":{"name":"(anonymous_7)","decl":{"start":{"line":111,"column":39},"end":{"line":111,"column":40}},"loc":{"start":{"line":112,"column":4},"end":{"line":136,"column":null}},"line":112},"8":{"name":"(anonymous_8)","decl":{"start":{"line":139,"column":23},"end":{"line":139,"column":24}},"loc":{"start":{"line":146,"column":8},"end":{"line":198,"column":null}},"line":146},"9":{"name":"(anonymous_9)","decl":{"start":{"line":147,"column":45},"end":{"line":147,"column":46}},"loc":{"start":{"line":147,"column":49},"end":{"line":147,"column":88}},"line":147},"10":{"name":"(anonymous_10)","decl":{"start":{"line":166,"column":23},"end":{"line":166,"column":29}},"loc":{"start":{"line":166,"column":29},"end":{"line":166,"column":null}},"line":166},"11":{"name":"(anonymous_11)","decl":{"start":{"line":173,"column":27},"end":{"line":173,"column":28}},"loc":{"start":{"line":174,"column":18},"end":{"line":183,"column":null}},"line":174},"12":{"name":"(anonymous_12)","decl":{"start":{"line":177,"column":29},"end":{"line":177,"column":35}},"loc":{"start":{"line":177,"column":35},"end":{"line":180,"column":null}},"line":177},"13":{"name":"(anonymous_13)","decl":{"start":{"line":201,"column":28},"end":{"line":201,"column":29}},"loc":{"start":{"line":201,"column":49},"end":{"line":211,"column":null}},"line":201},"14":{"name":"(anonymous_14)","decl":{"start":{"line":203,"column":28},"end":{"line":203,"column":35}},"loc":{"start":{"line":203,"column":35},"end":{"line":203,"column":44}},"line":203},"15":{"name":"(anonymous_15)","decl":{"start":{"line":213,"column":31},"end":{"line":213,"column":32}},"loc":{"start":{"line":213,"column":47},"end":{"line":226,"column":null}},"line":213},"16":{"name":"(anonymous_16)","decl":{"start":{"line":222,"column":16},"end":{"line":222,"column":23}},"loc":{"start":{"line":222,"column":23},"end":{"line":222,"column":37}},"line":222},"17":{"name":"(anonymous_17)","decl":{"start":{"line":223,"column":13},"end":{"line":223,"column":23}},"loc":{"start":{"line":223,"column":23},"end":{"line":223,"column":43}},"line":223},"18":{"name":"(anonymous_18)","decl":{"start":{"line":240,"column":21},"end":{"line":240,"column":22}},"loc":{"start":{"line":240,"column":32},"end":{"line":249,"column":null}},"line":240},"19":{"name":"(anonymous_19)","decl":{"start":{"line":250,"column":22},"end":{"line":250,"column":23}},"loc":{"start":{"line":250,"column":33},"end":{"line":258,"column":null}},"line":250},"20":{"name":"(anonymous_20)","decl":{"start":{"line":287,"column":19},"end":{"line":287,"column":25}},"loc":{"start":{"line":287,"column":25},"end":{"line":287,"column":null}},"line":287},"21":{"name":"(anonymous_21)","decl":{"start":{"line":289,"column":18},"end":{"line":289,"column":24}},"loc":{"start":{"line":289,"column":24},"end":{"line":293,"column":null}},"line":289},"22":{"name":"(anonymous_22)","decl":{"start":{"line":315,"column":22},"end":{"line":315,"column":28}},"loc":{"start":{"line":315,"column":28},"end":{"line":315,"column":null}},"line":315},"23":{"name":"(anonymous_23)","decl":{"start":{"line":324,"column":22},"end":{"line":324,"column":28}},"loc":{"start":{"line":324,"column":28},"end":{"line":324,"column":null}},"line":324},"24":{"name":"(anonymous_24)","decl":{"start":{"line":333,"column":22},"end":{"line":333,"column":28}},"loc":{"start":{"line":333,"column":28},"end":{"line":333,"column":null}},"line":333},"25":{"name":"(anonymous_25)","decl":{"start":{"line":342,"column":22},"end":{"line":342,"column":28}},"loc":{"start":{"line":342,"column":28},"end":{"line":342,"column":null}},"line":342},"26":{"name":"(anonymous_26)","decl":{"start":{"line":350,"column":19},"end":{"line":350,"column":25}},"loc":{"start":{"line":350,"column":25},"end":{"line":350,"column":null}},"line":350},"27":{"name":"(anonymous_27)","decl":{"start":{"line":356,"column":19},"end":{"line":356,"column":25}},"loc":{"start":{"line":356,"column":25},"end":{"line":356,"column":null}},"line":356}},"branchMap":{"0":{"loc":{"start":{"line":40,"column":4},"end":{"line":42,"column":null}},"type":"if","locations":[{"start":{"line":40,"column":4},"end":{"line":42,"column":null}},{"start":{},"end":{}}],"line":40},"1":{"loc":{"start":{"line":40,"column":8},"end":{"line":40,"column":64}},"type":"binary-expr","locations":[{"start":{"line":40,"column":8},"end":{"line":40,"column":26}},{"start":{"line":40,"column":26},"end":{"line":40,"column":64}}],"line":40},"2":{"loc":{"start":{"line":48,"column":4},"end":{"line":50,"column":null}},"type":"if","locations":[{"start":{"line":48,"column":4},"end":{"line":50,"column":null}},{"start":{},"end":{}}],"line":48},"3":{"loc":{"start":{"line":48,"column":8},"end":{"line":48,"column":64}},"type":"binary-expr","locations":[{"start":{"line":48,"column":8},"end":{"line":48,"column":26}},{"start":{"line":48,"column":26},"end":{"line":48,"column":64}}],"line":48},"4":{"loc":{"start":{"line":60,"column":4},"end":{"line":88,"column":null}},"type":"if","locations":[{"start":{"line":60,"column":4},"end":{"line":88,"column":null}},{"start":{},"end":{}}],"line":60},"5":{"loc":{"start":{"line":62,"column":8},"end":{"line":62,"column":null}},"type":"if","locations":[{"start":{"line":62,"column":8},"end":{"line":62,"column":null}},{"start":{},"end":{}}],"line":62},"6":{"loc":{"start":{"line":66,"column":6},"end":{"line":87,"column":null}},"type":"if","locations":[{"start":{"line":66,"column":6},"end":{"line":87,"column":null}},{"start":{"line":73,"column":6},"end":{"line":87,"column":null}}],"line":66},"7":{"loc":{"start":{"line":66,"column":10},"end":{"line":66,"column":25}},"type":"binary-expr","locations":[{"start":{"line":66,"column":10},"end":{"line":66,"column":19}},{"start":{"line":66,"column":19},"end":{"line":66,"column":25}}],"line":66},"8":{"loc":{"start":{"line":73,"column":6},"end":{"line":87,"column":null}},"type":"if","locations":[{"start":{"line":73,"column":6},"end":{"line":87,"column":null}},{"start":{"line":80,"column":13},"end":{"line":87,"column":null}}],"line":73},"9":{"loc":{"start":{"line":73,"column":17},"end":{"line":73,"column":31}},"type":"binary-expr","locations":[{"start":{"line":73,"column":17},"end":{"line":73,"column":26}},{"start":{"line":73,"column":26},"end":{"line":73,"column":31}}],"line":73},"10":{"loc":{"start":{"line":95,"column":4},"end":{"line":101,"column":null}},"type":"if","locations":[{"start":{"line":95,"column":4},"end":{"line":101,"column":null}},{"start":{},"end":{}}],"line":95},"11":{"loc":{"start":{"line":105,"column":4},"end":{"line":107,"column":null}},"type":"if","locations":[{"start":{"line":105,"column":4},"end":{"line":107,"column":null}},{"start":{},"end":{}}],"line":105},"12":{"loc":{"start":{"line":117,"column":15},"end":{"line":117,"column":null}},"type":"binary-expr","locations":[{"start":{"line":117,"column":15},"end":{"line":117,"column":24}},{"start":{"line":117,"column":24},"end":{"line":117,"column":null}}],"line":117},"13":{"loc":{"start":{"line":171,"column":13},"end":{"line":185,"column":null}},"type":"binary-expr","locations":[{"start":{"line":171,"column":13},"end":{"line":171,"column":null}},{"start":{"line":172,"column":14},"end":{"line":185,"column":null}}],"line":171},"14":{"loc":{"start":{"line":176,"column":46},"end":{"line":176,"column":91}},"type":"cond-expr","locations":[{"start":{"line":176,"column":76},"end":{"line":176,"column":89}},{"start":{"line":176,"column":89},"end":{"line":176,"column":91}}],"line":176},"15":{"loc":{"start":{"line":202,"column":19},"end":{"line":204,"column":null}},"type":"cond-expr","locations":[{"start":{"line":203,"column":8},"end":{"line":203,"column":null}},{"start":{"line":204,"column":8},"end":{"line":204,"column":null}}],"line":202},"16":{"loc":{"start":{"line":206,"column":22},"end":{"line":206,"column":43}},"type":"binary-expr","locations":[{"start":{"line":206,"column":22},"end":{"line":206,"column":41}},{"start":{"line":206,"column":41},"end":{"line":206,"column":43}}],"line":206},"17":{"loc":{"start":{"line":208,"column":4},"end":{"line":210,"column":null}},"type":"if","locations":[{"start":{"line":208,"column":4},"end":{"line":210,"column":null}},{"start":{},"end":{}}],"line":208},"18":{"loc":{"start":{"line":220,"column":4},"end":{"line":225,"column":null}},"type":"if","locations":[{"start":{"line":220,"column":4},"end":{"line":225,"column":null}},{"start":{},"end":{}}],"line":220},"19":{"loc":{"start":{"line":283,"column":23},"end":{"line":283,"column":null}},"type":"cond-expr","locations":[{"start":{"line":283,"column":45},"end":{"line":283,"column":50}},{"start":{"line":283,"column":50},"end":{"line":283,"column":null}}],"line":283},"20":{"loc":{"start":{"line":283,"column":23},"end":{"line":283,"column":45}},"type":"binary-expr","locations":[{"start":{"line":283,"column":23},"end":{"line":283,"column":36}},{"start":{"line":283,"column":36},"end":{"line":283,"column":45}}],"line":283},"21":{"loc":{"start":{"line":290,"column":12},"end":{"line":292,"column":null}},"type":"if","locations":[{"start":{"line":290,"column":12},"end":{"line":292,"column":null}},{"start":{},"end":{}}],"line":290},"22":{"loc":{"start":{"line":349,"column":21},"end":{"line":349,"column":null}},"type":"cond-expr","locations":[{"start":{"line":349,"column":52},"end":{"line":349,"column":77}},{"start":{"line":349,"column":77},"end":{"line":349,"column":null}}],"line":349},"23":{"loc":{"start":{"line":355,"column":21},"end":{"line":355,"column":null}},"type":"cond-expr","locations":[{"start":{"line":355,"column":52},"end":{"line":355,"column":77}},{"start":{"line":355,"column":77},"end":{"line":355,"column":null}}],"line":355}},"s":{"0":298,"1":298,"2":298,"3":298,"4":298,"5":298,"6":298,"7":298,"8":298,"9":298,"10":7,"11":6,"12":298,"13":149,"14":149,"15":149,"16":147,"17":298,"18":5,"19":5,"20":5,"21":5,"22":5,"23":0,"24":0,"25":0,"26":5,"27":0,"28":5,"29":0,"30":5,"31":298,"32":0,"33":0,"34":0,"35":0,"36":298,"37":150,"38":3,"39":298,"40":0,"41":298,"42":0,"43":0,"44":0,"45":0,"46":0,"47":0,"48":0,"49":298,"50":10,"51":14,"52":10,"53":10,"54":10,"55":298,"56":36,"57":36,"58":36,"59":36,"60":144,"61":38,"62":36,"63":298,"64":0,"65":0,"66":18,"67":10,"68":2,"69":18,"70":6,"71":5,"72":7,"73":2,"74":1},"f":{"0":298,"1":7,"2":149,"3":5,"4":0,"5":0,"6":150,"7":0,"8":0,"9":0,"10":0,"11":0,"12":0,"13":10,"14":14,"15":36,"16":144,"17":38,"18":0,"19":0,"20":18,"21":10,"22":18,"23":6,"24":5,"25":7,"26":2,"27":1},"b":{"0":[6,1],"1":[7,6],"2":[147,2],"3":[149,147],"4":[5,0],"5":[0,0],"6":[0,5],"7":[5,0],"8":[0,5],"9":[5,0],"10":[0,0],"11":[3,147],"12":[0,0],"13":[0,0],"14":[0,0],"15":[10,0],"16":[10,0],"17":[10,0],"18":[36,0],"19":[169,129],"20":[298,133],"21":[2,8],"22":[3,295],"23":[2,296]},"meta":{"lastBranch":24,"lastFunction":28,"lastStatement":75,"seen":{"f:10:16:10:25":0,"s:12:25:16:Infinity":0,"s:18:42:18:Infinity":1,"s:19:60:24:Infinity":2,"s:26:23:31:Infinity":3,"s:33:26:33:Infinity":4,"s:34:32:34:Infinity":5,"s:35:28:35:Infinity":6,"s:36:33:36:Infinity":7,"s:37:32:37:Infinity":8,"s:39:23:43:Infinity":9,"f:39:23:39:29":1,"b:40:4:42:Infinity:undefined:undefined:undefined:undefined":0,"s:40:4:42:Infinity":10,"b:40:8:40:26:40:26:40:64":1,"s:41:6:41:Infinity":11,"s:45:23:51:Infinity":12,"f:45:23:45:24":2,"s:46:19:46:Infinity":13,"s:47:4:47:Infinity":14,"b:48:4:50:Infinity:undefined:undefined:undefined:undefined":2,"s:48:4:50:Infinity":15,"b:48:8:48:26:48:26:48:64":3,"s:49:6:49:Infinity":16,"s:54:27:89:Infinity":17,"f:54:27:54:28":3,"s:55:25:55:Infinity":18,"s:56:4:56:Infinity":19,"s:57:4:57:Infinity":20,"b:60:4:88:Infinity:undefined:undefined:undefined:undefined":4,"s:60:4:88:Infinity":21,"s:61:25:64:Infinity":22,"f:61:25:61:26":4,"b:62:8:62:Infinity:undefined:undefined:undefined:undefined":5,"s:62:8:62:Infinity":23,"s:62:19:62:Infinity":24,"s:63:8:63:Infinity":25,"b:66:6:87:Infinity:73:6:87:Infinity":6,"s:66:6:87:Infinity":26,"b:66:10:66:19:66:19:66:25":7,"s:68:8:72:Infinity":27,"b:73:6:87:Infinity:80:13:87:Infinity":8,"s:73:6:87:Infinity":28,"b:73:17:73:26:73:26:73:31":9,"s:75:8:79:Infinity":29,"s:82:8:86:Infinity":30,"s:92:26:102:Infinity":31,"f:92:26:92:32":5,"s:93:4:93:Infinity":32,"s:94:4:94:Infinity":33,"b:95:4:101:Infinity:undefined:undefined:undefined:undefined":10,"s:95:4:101:Infinity":34,"s:96:6:100:Infinity":35,"s:104:24:108:Infinity":36,"f:104:24:104:25":6,"b:105:4:107:Infinity:undefined:undefined:undefined:undefined":11,"s:105:4:107:Infinity":37,"s:106:6:106:Infinity":38,"s:111:22:137:Infinity":39,"f:111:39:111:40":7,"s:112:4:136:Infinity":40,"b:117:15:117:24:117:24:117:Infinity":12,"s:139:23:198:Infinity":41,"f:139:23:139:24":8,"s:147:18:147:Infinity":42,"f:147:45:147:46":9,"s:147:49:147:88":43,"s:149:4:196:Infinity":44,"f:166:23:166:29":10,"s:166:29:166:Infinity":45,"b:171:13:171:Infinity:172:14:185:Infinity":13,"f:173:27:173:28":11,"s:174:18:183:Infinity":46,"b:176:76:176:89:176:89:176:91":14,"f:177:29:177:35":12,"s:178:22:178:Infinity":47,"s:179:22:179:Infinity":48,"s:201:28:211:Infinity":49,"f:201:28:201:29":13,"s:202:19:204:Infinity":50,"b:203:8:203:Infinity:204:8:204:Infinity":15,"f:203:28:203:35":14,"s:203:35:203:44":51,"s:206:4:206:Infinity":52,"b:206:22:206:41:206:41:206:43":16,"b:208:4:210:Infinity:undefined:undefined:undefined:undefined":17,"s:208:4:210:Infinity":53,"s:209:6:209:Infinity":54,"s:213:31:226:Infinity":55,"f:213:31:213:32":15,"s:214:22:217:Infinity":56,"s:218:4:218:Infinity":57,"b:220:4:225:Infinity:undefined:undefined:undefined:undefined":18,"s:220:4:225:Infinity":58,"s:221:33:223:Infinity":59,"f:222:16:222:23":16,"s:222:23:222:37":60,"f:223:13:223:23":17,"s:223:23:223:43":61,"s:224:6:224:Infinity":62,"s:228:2:361:Infinity":63,"f:240:21:240:22":18,"s:240:32:249:Infinity":64,"f:250:22:250:23":19,"s:250:33:258:Infinity":65,"b:283:45:283:50:283:50:283:Infinity":19,"b:283:23:283:36:283:36:283:45":20,"f:287:19:287:25":20,"s:287:25:287:Infinity":66,"f:289:18:289:24":21,"b:290:12:292:Infinity:undefined:undefined:undefined:undefined":21,"s:290:12:292:Infinity":67,"s:291:14:291:Infinity":68,"f:315:22:315:28":22,"s:315:28:315:Infinity":69,"f:324:22:324:28":23,"s:324:28:324:Infinity":70,"f:333:22:333:28":24,"s:333:28:333:Infinity":71,"f:342:22:342:28":25,"s:342:28:342:Infinity":72,"b:349:52:349:77:349:77:349:Infinity":22,"f:350:19:350:25":26,"s:350:25:350:Infinity":73,"b:355:52:355:77:355:77:355:Infinity":23,"f:356:19:356:25":27,"s:356:25:356:Infinity":74}}}
}
